
*** Running vivado
    with args -log design_1_sha256IPCoProcessor_0_0.vds -m64 -product Vivado -mode batch -messageDb vivado.pb -notrace -source design_1_sha256IPCoProcessor_0_0.tcl


****** Vivado v2017.4 (64-bit)
  **** SW Build 2086221 on Fri Dec 15 20:55:39 MST 2017
  **** IP Build 2085800 on Fri Dec 15 22:25:07 MST 2017
    ** Copyright 1986-2017 Xilinx, Inc. All Rights Reserved.

source design_1_sha256IPCoProcessor_0_0.tcl -notrace
Command: synth_design -top design_1_sha256IPCoProcessor_0_0 -part xc7a100tcsg324-1 -mode out_of_context
Starting synth_design
Attempting to get a license for feature 'Synthesis' and/or device 'xc7a100t'
INFO: [Common 17-349] Got license for feature 'Synthesis' and/or device 'xc7a100t'
INFO: Launching helper process for spawning children vivado processes
INFO: Helper process launched with PID 2076 
---------------------------------------------------------------------------------
Starting RTL Elaboration : Time (s): cpu = 00:00:07 ; elapsed = 00:00:09 . Memory (MB): peak = 353.078 ; gain = 99.273
---------------------------------------------------------------------------------
INFO: [Synth 8-638] synthesizing module 'design_1_sha256IPCoProcessor_0_0' [d:/Universidade/cr/SHA2/SHA2.srcs/sources_1/bd/design_1/ip/design_1_sha256IPCoProcessor_0_0/synth/design_1_sha256IPCoProcessor_0_0.vhd:82]
	Parameter C_S00_AXI_DATA_WIDTH bound to: 32 - type: integer 
	Parameter C_S00_AXI_ADDR_WIDTH bound to: 6 - type: integer 
INFO: [Synth 8-3491] module 'sha256IPCoProcessor_v1_0' declared at 'd:/Universidade/cr/SHA2/SHA2.srcs/sources_1/bd/design_1/ipshared/b34a/hdl/sha256IPCoProcessor_v1_0.vhd:5' bound to instance 'U0' of component 'sha256IPCoProcessor_v1_0' [d:/Universidade/cr/SHA2/SHA2.srcs/sources_1/bd/design_1/ip/design_1_sha256IPCoProcessor_0_0/synth/design_1_sha256IPCoProcessor_0_0.vhd:147]
INFO: [Synth 8-638] synthesizing module 'sha256IPCoProcessor_v1_0' [d:/Universidade/cr/SHA2/SHA2.srcs/sources_1/bd/design_1/ipshared/b34a/hdl/sha256IPCoProcessor_v1_0.vhd:49]
	Parameter C_S00_AXI_DATA_WIDTH bound to: 32 - type: integer 
	Parameter C_S00_AXI_ADDR_WIDTH bound to: 6 - type: integer 
	Parameter C_S_AXI_DATA_WIDTH bound to: 32 - type: integer 
	Parameter C_S_AXI_ADDR_WIDTH bound to: 6 - type: integer 
INFO: [Synth 8-3491] module 'sha256IPCoProcessor_v1_0_S00_AXI' declared at 'd:/Universidade/cr/SHA2/SHA2.srcs/sources_1/bd/design_1/ipshared/b34a/hdl/sha256IPCoProcessor_v1_0_S00_AXI.vhd:5' bound to instance 'sha256IPCoProcessor_v1_0_S00_AXI_inst' of component 'sha256IPCoProcessor_v1_0_S00_AXI' [d:/Universidade/cr/SHA2/SHA2.srcs/sources_1/bd/design_1/ipshared/b34a/hdl/sha256IPCoProcessor_v1_0.vhd:85]
INFO: [Synth 8-638] synthesizing module 'sha256IPCoProcessor_v1_0_S00_AXI' [d:/Universidade/cr/SHA2/SHA2.srcs/sources_1/bd/design_1/ipshared/b34a/hdl/sha256IPCoProcessor_v1_0_S00_AXI.vhd:86]
	Parameter C_S_AXI_DATA_WIDTH bound to: 32 - type: integer 
	Parameter C_S_AXI_ADDR_WIDTH bound to: 6 - type: integer 
INFO: [Synth 8-226] default block is never used [d:/Universidade/cr/SHA2/SHA2.srcs/sources_1/bd/design_1/ipshared/b34a/hdl/sha256IPCoProcessor_v1_0_S00_AXI.vhd:308]
INFO: [Synth 8-226] default block is never used [d:/Universidade/cr/SHA2/SHA2.srcs/sources_1/bd/design_1/ipshared/b34a/hdl/sha256IPCoProcessor_v1_0_S00_AXI.vhd:546]
WARNING: [Synth 8-614] signal 's_digest' is read in the process but is not in the sensitivity list [d:/Universidade/cr/SHA2/SHA2.srcs/sources_1/bd/design_1/ipshared/b34a/hdl/sha256IPCoProcessor_v1_0_S00_AXI.vhd:541]
WARNING: [Synth 8-614] signal 's_state' is read in the process but is not in the sensitivity list [d:/Universidade/cr/SHA2/SHA2.srcs/sources_1/bd/design_1/ipshared/b34a/hdl/sha256IPCoProcessor_v1_0_S00_AXI.vhd:541]
WARNING: [Synth 8-614] signal 's_iter0' is read in the process but is not in the sensitivity list [d:/Universidade/cr/SHA2/SHA2.srcs/sources_1/bd/design_1/ipshared/b34a/hdl/sha256IPCoProcessor_v1_0_S00_AXI.vhd:541]
WARNING: [Synth 8-614] signal 's_iter1' is read in the process but is not in the sensitivity list [d:/Universidade/cr/SHA2/SHA2.srcs/sources_1/bd/design_1/ipshared/b34a/hdl/sha256IPCoProcessor_v1_0_S00_AXI.vhd:541]
WARNING: [Synth 8-614] signal 'W' is read in the process but is not in the sensitivity list [d:/Universidade/cr/SHA2/SHA2.srcs/sources_1/bd/design_1/ipshared/b34a/hdl/sha256IPCoProcessor_v1_0_S00_AXI.vhd:541]
WARNING: [Synth 8-6014] Unused sequential element slv_reg0_reg was removed.  [d:/Universidade/cr/SHA2/SHA2.srcs/sources_1/bd/design_1/ipshared/b34a/hdl/sha256IPCoProcessor_v1_0_S00_AXI.vhd:289]
WARNING: [Synth 8-6014] Unused sequential element slv_reg1_reg was removed.  [d:/Universidade/cr/SHA2/SHA2.srcs/sources_1/bd/design_1/ipshared/b34a/hdl/sha256IPCoProcessor_v1_0_S00_AXI.vhd:290]
WARNING: [Synth 8-6014] Unused sequential element slv_reg2_reg was removed.  [d:/Universidade/cr/SHA2/SHA2.srcs/sources_1/bd/design_1/ipshared/b34a/hdl/sha256IPCoProcessor_v1_0_S00_AXI.vhd:291]
WARNING: [Synth 8-6014] Unused sequential element slv_reg3_reg was removed.  [d:/Universidade/cr/SHA2/SHA2.srcs/sources_1/bd/design_1/ipshared/b34a/hdl/sha256IPCoProcessor_v1_0_S00_AXI.vhd:292]
WARNING: [Synth 8-6014] Unused sequential element slv_reg4_reg was removed.  [d:/Universidade/cr/SHA2/SHA2.srcs/sources_1/bd/design_1/ipshared/b34a/hdl/sha256IPCoProcessor_v1_0_S00_AXI.vhd:293]
WARNING: [Synth 8-6014] Unused sequential element slv_reg5_reg was removed.  [d:/Universidade/cr/SHA2/SHA2.srcs/sources_1/bd/design_1/ipshared/b34a/hdl/sha256IPCoProcessor_v1_0_S00_AXI.vhd:294]
WARNING: [Synth 8-6014] Unused sequential element slv_reg6_reg was removed.  [d:/Universidade/cr/SHA2/SHA2.srcs/sources_1/bd/design_1/ipshared/b34a/hdl/sha256IPCoProcessor_v1_0_S00_AXI.vhd:295]
WARNING: [Synth 8-6014] Unused sequential element slv_reg7_reg was removed.  [d:/Universidade/cr/SHA2/SHA2.srcs/sources_1/bd/design_1/ipshared/b34a/hdl/sha256IPCoProcessor_v1_0_S00_AXI.vhd:296]
WARNING: [Synth 8-6014] Unused sequential element slv_reg8_reg was removed.  [d:/Universidade/cr/SHA2/SHA2.srcs/sources_1/bd/design_1/ipshared/b34a/hdl/sha256IPCoProcessor_v1_0_S00_AXI.vhd:297]
WARNING: [Synth 8-6014] Unused sequential element slv_reg9_reg was removed.  [d:/Universidade/cr/SHA2/SHA2.srcs/sources_1/bd/design_1/ipshared/b34a/hdl/sha256IPCoProcessor_v1_0_S00_AXI.vhd:298]
WARNING: [Synth 8-6014] Unused sequential element slv_reg10_reg was removed.  [d:/Universidade/cr/SHA2/SHA2.srcs/sources_1/bd/design_1/ipshared/b34a/hdl/sha256IPCoProcessor_v1_0_S00_AXI.vhd:299]
WARNING: [Synth 8-6014] Unused sequential element loc_addr_reg was removed.  [d:/Universidade/cr/SHA2/SHA2.srcs/sources_1/bd/design_1/ipshared/b34a/hdl/sha256IPCoProcessor_v1_0_S00_AXI.vhd:306]
WARNING: [Synth 8-6014] Unused sequential element s_TICK_reg was removed.  [d:/Universidade/cr/SHA2/SHA2.srcs/sources_1/bd/design_1/ipshared/b34a/hdl/sha256IPCoProcessor_v1_0_S00_AXI.vhd:609]
INFO: [Synth 8-256] done synthesizing module 'sha256IPCoProcessor_v1_0_S00_AXI' (1#1) [d:/Universidade/cr/SHA2/SHA2.srcs/sources_1/bd/design_1/ipshared/b34a/hdl/sha256IPCoProcessor_v1_0_S00_AXI.vhd:86]
INFO: [Synth 8-256] done synthesizing module 'sha256IPCoProcessor_v1_0' (2#1) [d:/Universidade/cr/SHA2/SHA2.srcs/sources_1/bd/design_1/ipshared/b34a/hdl/sha256IPCoProcessor_v1_0.vhd:49]
INFO: [Synth 8-256] done synthesizing module 'design_1_sha256IPCoProcessor_0_0' (3#1) [d:/Universidade/cr/SHA2/SHA2.srcs/sources_1/bd/design_1/ip/design_1_sha256IPCoProcessor_0_0/synth/design_1_sha256IPCoProcessor_0_0.vhd:82]
WARNING: [Synth 8-3331] design sha256IPCoProcessor_v1_0_S00_AXI has unconnected port S_AXI_AWPROT[2]
WARNING: [Synth 8-3331] design sha256IPCoProcessor_v1_0_S00_AXI has unconnected port S_AXI_AWPROT[1]
WARNING: [Synth 8-3331] design sha256IPCoProcessor_v1_0_S00_AXI has unconnected port S_AXI_AWPROT[0]
WARNING: [Synth 8-3331] design sha256IPCoProcessor_v1_0_S00_AXI has unconnected port S_AXI_ARPROT[2]
WARNING: [Synth 8-3331] design sha256IPCoProcessor_v1_0_S00_AXI has unconnected port S_AXI_ARPROT[1]
WARNING: [Synth 8-3331] design sha256IPCoProcessor_v1_0_S00_AXI has unconnected port S_AXI_ARPROT[0]
---------------------------------------------------------------------------------
Finished RTL Elaboration : Time (s): cpu = 00:00:09 ; elapsed = 00:00:11 . Memory (MB): peak = 415.883 ; gain = 162.078
---------------------------------------------------------------------------------

Report Check Netlist: 
+------+------------------+-------+---------+-------+------------------+
|      |Item              |Errors |Warnings |Status |Description       |
+------+------------------+-------+---------+-------+------------------+
|1     |multi_driven_nets |      0|        0|Passed |Multi driven nets |
+------+------------------+-------+---------+-------+------------------+
---------------------------------------------------------------------------------
Finished RTL Optimization Phase 1 : Time (s): cpu = 00:00:10 ; elapsed = 00:00:11 . Memory (MB): peak = 415.883 ; gain = 162.078
---------------------------------------------------------------------------------
INFO: [Device 21-403] Loading part xc7a100tcsg324-1
INFO: [Project 1-570] Preparing netlist for logic optimization

Processing XDC Constraints
Initializing timing engine
Completed Processing XDC Constraints

INFO: [Project 1-111] Unisim Transformation Summary:
No Unisim elements were transformed.

Constraint Validation Runtime : Time (s): cpu = 00:00:01 ; elapsed = 00:00:00.205 . Memory (MB): peak = 763.953 ; gain = 4.000
---------------------------------------------------------------------------------
Finished Constraint Validation : Time (s): cpu = 00:00:27 ; elapsed = 00:00:29 . Memory (MB): peak = 763.953 ; gain = 510.148
---------------------------------------------------------------------------------
---------------------------------------------------------------------------------
Start Loading Part and Timing Information
---------------------------------------------------------------------------------
Loading part: xc7a100tcsg324-1
---------------------------------------------------------------------------------
Finished Loading Part and Timing Information : Time (s): cpu = 00:00:27 ; elapsed = 00:00:29 . Memory (MB): peak = 763.953 ; gain = 510.148
---------------------------------------------------------------------------------
---------------------------------------------------------------------------------
Start Applying 'set_property' XDC Constraints
---------------------------------------------------------------------------------
---------------------------------------------------------------------------------
Finished applying 'set_property' XDC Constraints : Time (s): cpu = 00:00:27 ; elapsed = 00:00:29 . Memory (MB): peak = 763.953 ; gain = 510.148
---------------------------------------------------------------------------------
INFO: [Synth 8-802] inferred FSM for state register 'CS_reg' in module 'sha256IPCoProcessor_v1_0_S00_AXI'
INFO: [Synth 8-5545] ROM "CS" won't be mapped to RAM because address size (32) is larger than maximum supported(25)
INFO: [Synth 8-5545] ROM "CS" won't be mapped to RAM because address size (32) is larger than maximum supported(25)
INFO: [Synth 8-5545] ROM "W_reg[0]" won't be mapped to RAM because address size (32) is larger than maximum supported(25)
INFO: [Synth 8-5545] ROM "W_reg[1]" won't be mapped to RAM because address size (32) is larger than maximum supported(25)
INFO: [Synth 8-5545] ROM "W_reg[2]" won't be mapped to RAM because address size (32) is larger than maximum supported(25)
INFO: [Synth 8-5545] ROM "W_reg[3]" won't be mapped to RAM because address size (32) is larger than maximum supported(25)
INFO: [Synth 8-5545] ROM "W_reg[4]" won't be mapped to RAM because address size (32) is larger than maximum supported(25)
INFO: [Synth 8-5545] ROM "W_reg[5]" won't be mapped to RAM because address size (32) is larger than maximum supported(25)
INFO: [Synth 8-5545] ROM "W_reg[6]" won't be mapped to RAM because address size (32) is larger than maximum supported(25)
INFO: [Synth 8-5545] ROM "W_reg[7]" won't be mapped to RAM because address size (32) is larger than maximum supported(25)
INFO: [Synth 8-5545] ROM "W_reg[8]" won't be mapped to RAM because address size (32) is larger than maximum supported(25)
INFO: [Synth 8-5545] ROM "W_reg[9]" won't be mapped to RAM because address size (32) is larger than maximum supported(25)
INFO: [Synth 8-5545] ROM "W_reg[10]" won't be mapped to RAM because address size (32) is larger than maximum supported(25)
INFO: [Synth 8-5545] ROM "W_reg[11]" won't be mapped to RAM because address size (32) is larger than maximum supported(25)
INFO: [Synth 8-5545] ROM "W_reg[12]" won't be mapped to RAM because address size (32) is larger than maximum supported(25)
INFO: [Synth 8-5545] ROM "W_reg[13]" won't be mapped to RAM because address size (32) is larger than maximum supported(25)
INFO: [Synth 8-5545] ROM "W_reg[14]" won't be mapped to RAM because address size (32) is larger than maximum supported(25)
INFO: [Synth 8-5545] ROM "W_reg[15]" won't be mapped to RAM because address size (32) is larger than maximum supported(25)
INFO: [Synth 8-5545] ROM "W_reg[16]" won't be mapped to RAM because address size (32) is larger than maximum supported(25)
INFO: [Synth 8-5545] ROM "W_reg[17]" won't be mapped to RAM because address size (32) is larger than maximum supported(25)
INFO: [Synth 8-5545] ROM "W_reg[18]" won't be mapped to RAM because address size (32) is larger than maximum supported(25)
INFO: [Synth 8-5545] ROM "W_reg[19]" won't be mapped to RAM because address size (32) is larger than maximum supported(25)
INFO: [Synth 8-5545] ROM "W_reg[20]" won't be mapped to RAM because address size (32) is larger than maximum supported(25)
INFO: [Synth 8-5545] ROM "W_reg[21]" won't be mapped to RAM because address size (32) is larger than maximum supported(25)
INFO: [Synth 8-5545] ROM "W_reg[22]" won't be mapped to RAM because address size (32) is larger than maximum supported(25)
INFO: [Synth 8-5545] ROM "W_reg[23]" won't be mapped to RAM because address size (32) is larger than maximum supported(25)
INFO: [Synth 8-5545] ROM "W_reg[24]" won't be mapped to RAM because address size (32) is larger than maximum supported(25)
INFO: [Synth 8-5545] ROM "W_reg[25]" won't be mapped to RAM because address size (32) is larger than maximum supported(25)
INFO: [Synth 8-5545] ROM "W_reg[26]" won't be mapped to RAM because address size (32) is larger than maximum supported(25)
INFO: [Synth 8-5545] ROM "W_reg[27]" won't be mapped to RAM because address size (32) is larger than maximum supported(25)
INFO: [Synth 8-5545] ROM "W_reg[28]" won't be mapped to RAM because address size (32) is larger than maximum supported(25)
INFO: [Synth 8-5545] ROM "W_reg[29]" won't be mapped to RAM because address size (32) is larger than maximum supported(25)
INFO: [Synth 8-5545] ROM "W_reg[30]" won't be mapped to RAM because address size (32) is larger than maximum supported(25)
INFO: [Synth 8-5545] ROM "W_reg[31]" won't be mapped to RAM because address size (32) is larger than maximum supported(25)
INFO: [Synth 8-5545] ROM "W_reg[32]" won't be mapped to RAM because address size (32) is larger than maximum supported(25)
INFO: [Synth 8-5545] ROM "W_reg[33]" won't be mapped to RAM because address size (32) is larger than maximum supported(25)
INFO: [Synth 8-5545] ROM "W_reg[34]" won't be mapped to RAM because address size (32) is larger than maximum supported(25)
INFO: [Synth 8-5545] ROM "W_reg[35]" won't be mapped to RAM because address size (32) is larger than maximum supported(25)
INFO: [Synth 8-5545] ROM "W_reg[36]" won't be mapped to RAM because address size (32) is larger than maximum supported(25)
INFO: [Synth 8-5545] ROM "W_reg[37]" won't be mapped to RAM because address size (32) is larger than maximum supported(25)
INFO: [Synth 8-5545] ROM "W_reg[38]" won't be mapped to RAM because address size (32) is larger than maximum supported(25)
INFO: [Synth 8-5545] ROM "W_reg[39]" won't be mapped to RAM because address size (32) is larger than maximum supported(25)
INFO: [Synth 8-5545] ROM "W_reg[40]" won't be mapped to RAM because address size (32) is larger than maximum supported(25)
INFO: [Synth 8-5545] ROM "W_reg[41]" won't be mapped to RAM because address size (32) is larger than maximum supported(25)
INFO: [Synth 8-5545] ROM "W_reg[42]" won't be mapped to RAM because address size (32) is larger than maximum supported(25)
INFO: [Synth 8-5545] ROM "W_reg[43]" won't be mapped to RAM because address size (32) is larger than maximum supported(25)
INFO: [Synth 8-5545] ROM "W_reg[44]" won't be mapped to RAM because address size (32) is larger than maximum supported(25)
INFO: [Synth 8-5545] ROM "W_reg[45]" won't be mapped to RAM because address size (32) is larger than maximum supported(25)
INFO: [Synth 8-5545] ROM "W_reg[46]" won't be mapped to RAM because address size (32) is larger than maximum supported(25)
INFO: [Synth 8-5545] ROM "W_reg[47]" won't be mapped to RAM because address size (32) is larger than maximum supported(25)
INFO: [Synth 8-5545] ROM "W_reg[48]" won't be mapped to RAM because address size (32) is larger than maximum supported(25)
INFO: [Synth 8-5545] ROM "W_reg[49]" won't be mapped to RAM because address size (32) is larger than maximum supported(25)
INFO: [Synth 8-5545] ROM "W_reg[50]" won't be mapped to RAM because address size (32) is larger than maximum supported(25)
INFO: [Synth 8-5545] ROM "W_reg[51]" won't be mapped to RAM because address size (32) is larger than maximum supported(25)
INFO: [Synth 8-5545] ROM "W_reg[52]" won't be mapped to RAM because address size (32) is larger than maximum supported(25)
INFO: [Synth 8-5545] ROM "W_reg[53]" won't be mapped to RAM because address size (32) is larger than maximum supported(25)
INFO: [Synth 8-5545] ROM "W_reg[54]" won't be mapped to RAM because address size (32) is larger than maximum supported(25)
INFO: [Synth 8-5545] ROM "W_reg[55]" won't be mapped to RAM because address size (32) is larger than maximum supported(25)
INFO: [Synth 8-5545] ROM "W_reg[56]" won't be mapped to RAM because address size (32) is larger than maximum supported(25)
INFO: [Synth 8-5545] ROM "W_reg[57]" won't be mapped to RAM because address size (32) is larger than maximum supported(25)
INFO: [Synth 8-5545] ROM "W_reg[58]" won't be mapped to RAM because address size (32) is larger than maximum supported(25)
INFO: [Synth 8-5545] ROM "W_reg[59]" won't be mapped to RAM because address size (32) is larger than maximum supported(25)
INFO: [Synth 8-5545] ROM "W_reg[60]" won't be mapped to RAM because address size (32) is larger than maximum supported(25)
INFO: [Synth 8-5545] ROM "W_reg[61]" won't be mapped to RAM because address size (32) is larger than maximum supported(25)
INFO: [Synth 8-5545] ROM "W_reg[62]" won't be mapped to RAM because address size (32) is larger than maximum supported(25)
INFO: [Synth 8-5545] ROM "W_reg[63]" won't be mapped to RAM because address size (32) is larger than maximum supported(25)
INFO: [Synth 8-5545] ROM "W_reg[64]" won't be mapped to RAM because address size (32) is larger than maximum supported(25)
WARNING: [Synth 8-6014] Unused sequential element s_h0_reg was removed.  [d:/Universidade/cr/SHA2/SHA2.srcs/sources_1/bd/design_1/ipshared/b34a/hdl/sha256IPCoProcessor_v1_0_S00_AXI.vhd:627]
WARNING: [Synth 8-6014] Unused sequential element s_h1_reg was removed.  [d:/Universidade/cr/SHA2/SHA2.srcs/sources_1/bd/design_1/ipshared/b34a/hdl/sha256IPCoProcessor_v1_0_S00_AXI.vhd:628]
WARNING: [Synth 8-6014] Unused sequential element s_h2_reg was removed.  [d:/Universidade/cr/SHA2/SHA2.srcs/sources_1/bd/design_1/ipshared/b34a/hdl/sha256IPCoProcessor_v1_0_S00_AXI.vhd:629]
WARNING: [Synth 8-6014] Unused sequential element s_h3_reg was removed.  [d:/Universidade/cr/SHA2/SHA2.srcs/sources_1/bd/design_1/ipshared/b34a/hdl/sha256IPCoProcessor_v1_0_S00_AXI.vhd:630]
WARNING: [Synth 8-6014] Unused sequential element s_h4_reg was removed.  [d:/Universidade/cr/SHA2/SHA2.srcs/sources_1/bd/design_1/ipshared/b34a/hdl/sha256IPCoProcessor_v1_0_S00_AXI.vhd:631]
WARNING: [Synth 8-6014] Unused sequential element s_h5_reg was removed.  [d:/Universidade/cr/SHA2/SHA2.srcs/sources_1/bd/design_1/ipshared/b34a/hdl/sha256IPCoProcessor_v1_0_S00_AXI.vhd:632]
WARNING: [Synth 8-6014] Unused sequential element s_h6_reg was removed.  [d:/Universidade/cr/SHA2/SHA2.srcs/sources_1/bd/design_1/ipshared/b34a/hdl/sha256IPCoProcessor_v1_0_S00_AXI.vhd:633]
WARNING: [Synth 8-6014] Unused sequential element s_h7_reg was removed.  [d:/Universidade/cr/SHA2/SHA2.srcs/sources_1/bd/design_1/ipshared/b34a/hdl/sha256IPCoProcessor_v1_0_S00_AXI.vhd:634]
---------------------------------------------------------------------------------------------------
                   State |                     New Encoding |                Previous Encoding 
---------------------------------------------------------------------------------------------------
           process_chunk |                            00001 |                              000
            extend_words |                            00010 |                              001
                compress |                            00100 |                              010
          add_compressed |                            01000 |                              011
                   final |                            10000 |                              100
---------------------------------------------------------------------------------------------------
INFO: [Synth 8-3354] encoded FSM with state register 'CS_reg' using encoding 'one-hot' in module 'sha256IPCoProcessor_v1_0_S00_AXI'
---------------------------------------------------------------------------------
Finished RTL Optimization Phase 2 : Time (s): cpu = 00:00:29 ; elapsed = 00:00:32 . Memory (MB): peak = 763.953 ; gain = 510.148
---------------------------------------------------------------------------------

Report RTL Partitions: 
+-+--------------+------------+----------+
| |RTL Partition |Replication |Instances |
+-+--------------+------------+----------+
+-+--------------+------------+----------+
---------------------------------------------------------------------------------
Start RTL Component Statistics 
---------------------------------------------------------------------------------
Detailed RTL Component Info : 
+---Adders : 
	   4 Input     32 Bit       Adders := 1     
	   2 Input     32 Bit       Adders := 3     
	   5 Input     32 Bit       Adders := 1     
	   3 Input     32 Bit       Adders := 1     
+---XORs : 
	   3 Input     32 Bit         XORs := 5     
	   2 Input     32 Bit         XORs := 1     
+---Registers : 
	              256 Bit    Registers := 1     
	               32 Bit    Registers := 91    
	                6 Bit    Registers := 2     
	                2 Bit    Registers := 2     
	                1 Bit    Registers := 6     
+---Muxes : 
	   5 Input     32 Bit        Muxes := 16    
	   2 Input     32 Bit        Muxes := 5     
	  16 Input     32 Bit        Muxes := 5     
	   2 Input      1 Bit        Muxes := 72    
	   5 Input      1 Bit        Muxes := 69    
---------------------------------------------------------------------------------
Finished RTL Component Statistics 
---------------------------------------------------------------------------------
---------------------------------------------------------------------------------
Start RTL Hierarchical Component Statistics 
---------------------------------------------------------------------------------
Hierarchical RTL Component report 
Module sha256IPCoProcessor_v1_0_S00_AXI 
Detailed RTL Component Info : 
+---Adders : 
	   4 Input     32 Bit       Adders := 1     
	   2 Input     32 Bit       Adders := 3     
	   5 Input     32 Bit       Adders := 1     
	   3 Input     32 Bit       Adders := 1     
+---XORs : 
	   3 Input     32 Bit         XORs := 5     
	   2 Input     32 Bit         XORs := 1     
+---Registers : 
	              256 Bit    Registers := 1     
	               32 Bit    Registers := 91    
	                6 Bit    Registers := 2     
	                2 Bit    Registers := 2     
	                1 Bit    Registers := 6     
+---Muxes : 
	   5 Input     32 Bit        Muxes := 16    
	   2 Input     32 Bit        Muxes := 5     
	  16 Input     32 Bit        Muxes := 5     
	   2 Input      1 Bit        Muxes := 72    
	   5 Input      1 Bit        Muxes := 69    
---------------------------------------------------------------------------------
Finished RTL Hierarchical Component Statistics
---------------------------------------------------------------------------------
---------------------------------------------------------------------------------
Start Part Resource Summary
---------------------------------------------------------------------------------
Part Resources:
DSPs: 240 (col length:80)
BRAMs: 270 (col length: RAMB18 80 RAMB36 40)
---------------------------------------------------------------------------------
Finished Part Resource Summary
---------------------------------------------------------------------------------
---------------------------------------------------------------------------------
Start Cross Boundary and Area Optimization
---------------------------------------------------------------------------------
INFO: [Synth 8-5545] ROM "CS" won't be mapped to RAM because address size (32) is larger than maximum supported(25)
INFO: [Synth 8-5545] ROM "CS" won't be mapped to RAM because address size (32) is larger than maximum supported(25)
INFO: [Synth 8-5545] ROM "W_reg[0]" won't be mapped to RAM because address size (32) is larger than maximum supported(25)
INFO: [Synth 8-5545] ROM "W_reg[1]" won't be mapped to RAM because address size (32) is larger than maximum supported(25)
INFO: [Synth 8-5545] ROM "W_reg[2]" won't be mapped to RAM because address size (32) is larger than maximum supported(25)
INFO: [Synth 8-5545] ROM "W_reg[3]" won't be mapped to RAM because address size (32) is larger than maximum supported(25)
INFO: [Synth 8-5545] ROM "W_reg[4]" won't be mapped to RAM because address size (32) is larger than maximum supported(25)
INFO: [Synth 8-5545] ROM "W_reg[5]" won't be mapped to RAM because address size (32) is larger than maximum supported(25)
INFO: [Synth 8-5545] ROM "W_reg[6]" won't be mapped to RAM because address size (32) is larger than maximum supported(25)
INFO: [Synth 8-5545] ROM "W_reg[7]" won't be mapped to RAM because address size (32) is larger than maximum supported(25)
INFO: [Synth 8-5545] ROM "W_reg[8]" won't be mapped to RAM because address size (32) is larger than maximum supported(25)
INFO: [Synth 8-5545] ROM "W_reg[9]" won't be mapped to RAM because address size (32) is larger than maximum supported(25)
INFO: [Synth 8-5545] ROM "W_reg[10]" won't be mapped to RAM because address size (32) is larger than maximum supported(25)
INFO: [Synth 8-5545] ROM "W_reg[11]" won't be mapped to RAM because address size (32) is larger than maximum supported(25)
INFO: [Synth 8-5545] ROM "W_reg[12]" won't be mapped to RAM because address size (32) is larger than maximum supported(25)
INFO: [Synth 8-5545] ROM "W_reg[13]" won't be mapped to RAM because address size (32) is larger than maximum supported(25)
INFO: [Synth 8-5545] ROM "W_reg[14]" won't be mapped to RAM because address size (32) is larger than maximum supported(25)
INFO: [Synth 8-5545] ROM "W_reg[15]" won't be mapped to RAM because address size (32) is larger than maximum supported(25)
INFO: [Synth 8-5545] ROM "W_reg[16]" won't be mapped to RAM because address size (32) is larger than maximum supported(25)
INFO: [Synth 8-5545] ROM "W_reg[17]" won't be mapped to RAM because address size (32) is larger than maximum supported(25)
INFO: [Synth 8-5545] ROM "W_reg[18]" won't be mapped to RAM because address size (32) is larger than maximum supported(25)
INFO: [Synth 8-5545] ROM "W_reg[19]" won't be mapped to RAM because address size (32) is larger than maximum supported(25)
INFO: [Synth 8-5545] ROM "W_reg[20]" won't be mapped to RAM because address size (32) is larger than maximum supported(25)
INFO: [Synth 8-5545] ROM "W_reg[21]" won't be mapped to RAM because address size (32) is larger than maximum supported(25)
INFO: [Synth 8-5545] ROM "W_reg[22]" won't be mapped to RAM because address size (32) is larger than maximum supported(25)
INFO: [Synth 8-5545] ROM "W_reg[23]" won't be mapped to RAM because address size (32) is larger than maximum supported(25)
INFO: [Synth 8-5545] ROM "W_reg[24]" won't be mapped to RAM because address size (32) is larger than maximum supported(25)
INFO: [Synth 8-5545] ROM "W_reg[25]" won't be mapped to RAM because address size (32) is larger than maximum supported(25)
INFO: [Synth 8-5545] ROM "W_reg[26]" won't be mapped to RAM because address size (32) is larger than maximum supported(25)
INFO: [Synth 8-5545] ROM "W_reg[27]" won't be mapped to RAM because address size (32) is larger than maximum supported(25)
INFO: [Synth 8-5545] ROM "W_reg[28]" won't be mapped to RAM because address size (32) is larger than maximum supported(25)
INFO: [Synth 8-5545] ROM "W_reg[29]" won't be mapped to RAM because address size (32) is larger than maximum supported(25)
INFO: [Synth 8-5545] ROM "W_reg[30]" won't be mapped to RAM because address size (32) is larger than maximum supported(25)
INFO: [Common 17-14] Message 'Synth 8-5545' appears 100 times and further instances of the messages will be disabled. Use the Tcl command set_msg_config to change the current settings.
WARNING: [Synth 8-6014] Unused sequential element s_h0_reg was removed.  [d:/Universidade/cr/SHA2/SHA2.srcs/sources_1/bd/design_1/ipshared/b34a/hdl/sha256IPCoProcessor_v1_0_S00_AXI.vhd:627]
WARNING: [Synth 8-6014] Unused sequential element s_h1_reg was removed.  [d:/Universidade/cr/SHA2/SHA2.srcs/sources_1/bd/design_1/ipshared/b34a/hdl/sha256IPCoProcessor_v1_0_S00_AXI.vhd:628]
WARNING: [Synth 8-6014] Unused sequential element s_h2_reg was removed.  [d:/Universidade/cr/SHA2/SHA2.srcs/sources_1/bd/design_1/ipshared/b34a/hdl/sha256IPCoProcessor_v1_0_S00_AXI.vhd:629]
WARNING: [Synth 8-6014] Unused sequential element s_h3_reg was removed.  [d:/Universidade/cr/SHA2/SHA2.srcs/sources_1/bd/design_1/ipshared/b34a/hdl/sha256IPCoProcessor_v1_0_S00_AXI.vhd:630]
WARNING: [Synth 8-6014] Unused sequential element s_h4_reg was removed.  [d:/Universidade/cr/SHA2/SHA2.srcs/sources_1/bd/design_1/ipshared/b34a/hdl/sha256IPCoProcessor_v1_0_S00_AXI.vhd:631]
WARNING: [Synth 8-6014] Unused sequential element s_h5_reg was removed.  [d:/Universidade/cr/SHA2/SHA2.srcs/sources_1/bd/design_1/ipshared/b34a/hdl/sha256IPCoProcessor_v1_0_S00_AXI.vhd:632]
WARNING: [Synth 8-6014] Unused sequential element s_h6_reg was removed.  [d:/Universidade/cr/SHA2/SHA2.srcs/sources_1/bd/design_1/ipshared/b34a/hdl/sha256IPCoProcessor_v1_0_S00_AXI.vhd:633]
WARNING: [Synth 8-6014] Unused sequential element s_h7_reg was removed.  [d:/Universidade/cr/SHA2/SHA2.srcs/sources_1/bd/design_1/ipshared/b34a/hdl/sha256IPCoProcessor_v1_0_S00_AXI.vhd:634]
WARNING: [Synth 8-3331] design sha256IPCoProcessor_v1_0_S00_AXI has unconnected port S_AXI_AWPROT[2]
WARNING: [Synth 8-3331] design sha256IPCoProcessor_v1_0_S00_AXI has unconnected port S_AXI_AWPROT[1]
WARNING: [Synth 8-3331] design sha256IPCoProcessor_v1_0_S00_AXI has unconnected port S_AXI_AWPROT[0]
WARNING: [Synth 8-3331] design sha256IPCoProcessor_v1_0_S00_AXI has unconnected port S_AXI_ARPROT[2]
WARNING: [Synth 8-3331] design sha256IPCoProcessor_v1_0_S00_AXI has unconnected port S_AXI_ARPROT[1]
WARNING: [Synth 8-3331] design sha256IPCoProcessor_v1_0_S00_AXI has unconnected port S_AXI_ARPROT[0]
INFO: [Synth 8-3886] merging instance 'U0/sha256IPCoProcessor_v1_0_S00_AXI_inst/s_state_reg[0]' (FDR) to 'U0/sha256IPCoProcessor_v1_0_S00_AXI_inst/s_state_reg[4]'
INFO: [Synth 8-3886] merging instance 'U0/sha256IPCoProcessor_v1_0_S00_AXI_inst/s_state_reg[1]' (FDR) to 'U0/sha256IPCoProcessor_v1_0_S00_AXI_inst/s_state_reg[5]'
INFO: [Synth 8-3886] merging instance 'U0/sha256IPCoProcessor_v1_0_S00_AXI_inst/s_state_reg[2]' (FDR) to 'U0/sha256IPCoProcessor_v1_0_S00_AXI_inst/s_state_reg[6]'
INFO: [Synth 8-3333] propagating constant 0 across sequential element (\U0/sha256IPCoProcessor_v1_0_S00_AXI_inst /\s_state_reg[3] )
INFO: [Synth 8-3886] merging instance 'U0/sha256IPCoProcessor_v1_0_S00_AXI_inst/s_state_reg[4]' (FDR) to 'U0/sha256IPCoProcessor_v1_0_S00_AXI_inst/s_state_reg[8]'
INFO: [Synth 8-3886] merging instance 'U0/sha256IPCoProcessor_v1_0_S00_AXI_inst/s_state_reg[5]' (FDR) to 'U0/sha256IPCoProcessor_v1_0_S00_AXI_inst/s_state_reg[9]'
INFO: [Synth 8-3886] merging instance 'U0/sha256IPCoProcessor_v1_0_S00_AXI_inst/s_state_reg[6]' (FDR) to 'U0/sha256IPCoProcessor_v1_0_S00_AXI_inst/s_state_reg[10]'
INFO: [Synth 8-3333] propagating constant 0 across sequential element (\U0/sha256IPCoProcessor_v1_0_S00_AXI_inst /\s_state_reg[7] )
INFO: [Synth 8-3886] merging instance 'U0/sha256IPCoProcessor_v1_0_S00_AXI_inst/s_state_reg[8]' (FDR) to 'U0/sha256IPCoProcessor_v1_0_S00_AXI_inst/s_state_reg[12]'
INFO: [Synth 8-3886] merging instance 'U0/sha256IPCoProcessor_v1_0_S00_AXI_inst/s_state_reg[9]' (FDR) to 'U0/sha256IPCoProcessor_v1_0_S00_AXI_inst/s_state_reg[13]'
INFO: [Synth 8-3886] merging instance 'U0/sha256IPCoProcessor_v1_0_S00_AXI_inst/s_state_reg[10]' (FDR) to 'U0/sha256IPCoProcessor_v1_0_S00_AXI_inst/s_state_reg[14]'
INFO: [Synth 8-3333] propagating constant 0 across sequential element (\U0/sha256IPCoProcessor_v1_0_S00_AXI_inst /\s_state_reg[11] )
INFO: [Synth 8-3886] merging instance 'U0/sha256IPCoProcessor_v1_0_S00_AXI_inst/s_state_reg[12]' (FDR) to 'U0/sha256IPCoProcessor_v1_0_S00_AXI_inst/s_state_reg[16]'
INFO: [Synth 8-3886] merging instance 'U0/sha256IPCoProcessor_v1_0_S00_AXI_inst/s_state_reg[13]' (FDR) to 'U0/sha256IPCoProcessor_v1_0_S00_AXI_inst/s_state_reg[17]'
INFO: [Synth 8-3886] merging instance 'U0/sha256IPCoProcessor_v1_0_S00_AXI_inst/s_state_reg[14]' (FDR) to 'U0/sha256IPCoProcessor_v1_0_S00_AXI_inst/s_state_reg[18]'
INFO: [Synth 8-3333] propagating constant 0 across sequential element (\U0/sha256IPCoProcessor_v1_0_S00_AXI_inst /\s_state_reg[15] )
INFO: [Synth 8-3886] merging instance 'U0/sha256IPCoProcessor_v1_0_S00_AXI_inst/s_state_reg[16]' (FDR) to 'U0/sha256IPCoProcessor_v1_0_S00_AXI_inst/s_state_reg[20]'
INFO: [Synth 8-3886] merging instance 'U0/sha256IPCoProcessor_v1_0_S00_AXI_inst/s_state_reg[17]' (FDR) to 'U0/sha256IPCoProcessor_v1_0_S00_AXI_inst/s_state_reg[21]'
INFO: [Synth 8-3886] merging instance 'U0/sha256IPCoProcessor_v1_0_S00_AXI_inst/s_state_reg[18]' (FDR) to 'U0/sha256IPCoProcessor_v1_0_S00_AXI_inst/s_state_reg[22]'
INFO: [Synth 8-3333] propagating constant 0 across sequential element (\U0/sha256IPCoProcessor_v1_0_S00_AXI_inst /\s_state_reg[19] )
INFO: [Synth 8-3886] merging instance 'U0/sha256IPCoProcessor_v1_0_S00_AXI_inst/s_state_reg[20]' (FDR) to 'U0/sha256IPCoProcessor_v1_0_S00_AXI_inst/s_state_reg[24]'
INFO: [Synth 8-3886] merging instance 'U0/sha256IPCoProcessor_v1_0_S00_AXI_inst/s_state_reg[21]' (FDR) to 'U0/sha256IPCoProcessor_v1_0_S00_AXI_inst/s_state_reg[25]'
INFO: [Synth 8-3886] merging instance 'U0/sha256IPCoProcessor_v1_0_S00_AXI_inst/s_state_reg[22]' (FDR) to 'U0/sha256IPCoProcessor_v1_0_S00_AXI_inst/s_state_reg[26]'
INFO: [Synth 8-3333] propagating constant 0 across sequential element (\U0/sha256IPCoProcessor_v1_0_S00_AXI_inst /\s_state_reg[23] )
INFO: [Synth 8-3886] merging instance 'U0/sha256IPCoProcessor_v1_0_S00_AXI_inst/s_state_reg[24]' (FDR) to 'U0/sha256IPCoProcessor_v1_0_S00_AXI_inst/s_state_reg[28]'
INFO: [Synth 8-3886] merging instance 'U0/sha256IPCoProcessor_v1_0_S00_AXI_inst/s_state_reg[25]' (FDR) to 'U0/sha256IPCoProcessor_v1_0_S00_AXI_inst/s_state_reg[29]'
INFO: [Synth 8-3886] merging instance 'U0/sha256IPCoProcessor_v1_0_S00_AXI_inst/s_state_reg[26]' (FDR) to 'U0/sha256IPCoProcessor_v1_0_S00_AXI_inst/s_state_reg[30]'
INFO: [Synth 8-3333] propagating constant 0 across sequential element (\U0/sha256IPCoProcessor_v1_0_S00_AXI_inst /\s_state_reg[27] )
INFO: [Synth 8-3333] propagating constant 0 across sequential element (\U0/sha256IPCoProcessor_v1_0_S00_AXI_inst /\s_state_reg[31] )
INFO: [Synth 8-3333] propagating constant 1 across sequential element (\U0/sha256IPCoProcessor_v1_0_S00_AXI_inst /aw_en_reg)
INFO: [Synth 8-3886] merging instance 'U0/sha256IPCoProcessor_v1_0_S00_AXI_inst/axi_rresp_reg[0]' (FDRE) to 'U0/sha256IPCoProcessor_v1_0_S00_AXI_inst/axi_rresp_reg[1]'
INFO: [Synth 8-3333] propagating constant 0 across sequential element (\U0/sha256IPCoProcessor_v1_0_S00_AXI_inst /\axi_rresp_reg[1] )
INFO: [Synth 8-3886] merging instance 'U0/sha256IPCoProcessor_v1_0_S00_AXI_inst/axi_bresp_reg[0]' (FDRE) to 'U0/sha256IPCoProcessor_v1_0_S00_AXI_inst/axi_bresp_reg[1]'
INFO: [Synth 8-3333] propagating constant 0 across sequential element (\U0/sha256IPCoProcessor_v1_0_S00_AXI_inst /\axi_bresp_reg[1] )
WARNING: [Synth 8-3332] Sequential element (aw_en_reg) is unused and will be removed from module sha256IPCoProcessor_v1_0_S00_AXI.
WARNING: [Synth 8-3332] Sequential element (axi_bresp_reg[1]) is unused and will be removed from module sha256IPCoProcessor_v1_0_S00_AXI.
WARNING: [Synth 8-3332] Sequential element (s_compressionI_reg_rep[31]) is unused and will be removed from module sha256IPCoProcessor_v1_0_S00_AXI.
WARNING: [Synth 8-3332] Sequential element (s_compressionI_reg_rep[30]) is unused and will be removed from module sha256IPCoProcessor_v1_0_S00_AXI.
WARNING: [Synth 8-3332] Sequential element (s_compressionI_reg_rep[29]) is unused and will be removed from module sha256IPCoProcessor_v1_0_S00_AXI.
WARNING: [Synth 8-3332] Sequential element (s_compressionI_reg_rep[28]) is unused and will be removed from module sha256IPCoProcessor_v1_0_S00_AXI.
WARNING: [Synth 8-3332] Sequential element (s_compressionI_reg_rep[27]) is unused and will be removed from module sha256IPCoProcessor_v1_0_S00_AXI.
WARNING: [Synth 8-3332] Sequential element (s_compressionI_reg_rep[26]) is unused and will be removed from module sha256IPCoProcessor_v1_0_S00_AXI.
WARNING: [Synth 8-3332] Sequential element (s_compressionI_reg_rep[25]) is unused and will be removed from module sha256IPCoProcessor_v1_0_S00_AXI.
WARNING: [Synth 8-3332] Sequential element (s_compressionI_reg_rep[24]) is unused and will be removed from module sha256IPCoProcessor_v1_0_S00_AXI.
WARNING: [Synth 8-3332] Sequential element (s_compressionI_reg_rep[23]) is unused and will be removed from module sha256IPCoProcessor_v1_0_S00_AXI.
WARNING: [Synth 8-3332] Sequential element (s_compressionI_reg_rep[22]) is unused and will be removed from module sha256IPCoProcessor_v1_0_S00_AXI.
WARNING: [Synth 8-3332] Sequential element (s_compressionI_reg_rep[21]) is unused and will be removed from module sha256IPCoProcessor_v1_0_S00_AXI.
WARNING: [Synth 8-3332] Sequential element (s_compressionI_reg_rep[20]) is unused and will be removed from module sha256IPCoProcessor_v1_0_S00_AXI.
WARNING: [Synth 8-3332] Sequential element (s_compressionI_reg_rep[19]) is unused and will be removed from module sha256IPCoProcessor_v1_0_S00_AXI.
WARNING: [Synth 8-3332] Sequential element (s_compressionI_reg_rep[18]) is unused and will be removed from module sha256IPCoProcessor_v1_0_S00_AXI.
WARNING: [Synth 8-3332] Sequential element (s_compressionI_reg_rep[17]) is unused and will be removed from module sha256IPCoProcessor_v1_0_S00_AXI.
WARNING: [Synth 8-3332] Sequential element (s_compressionI_reg_rep[16]) is unused and will be removed from module sha256IPCoProcessor_v1_0_S00_AXI.
WARNING: [Synth 8-3332] Sequential element (s_compressionI_reg_rep[15]) is unused and will be removed from module sha256IPCoProcessor_v1_0_S00_AXI.
WARNING: [Synth 8-3332] Sequential element (s_compressionI_reg_rep[14]) is unused and will be removed from module sha256IPCoProcessor_v1_0_S00_AXI.
WARNING: [Synth 8-3332] Sequential element (s_compressionI_reg_rep[13]) is unused and will be removed from module sha256IPCoProcessor_v1_0_S00_AXI.
WARNING: [Synth 8-3332] Sequential element (s_compressionI_reg_rep[12]) is unused and will be removed from module sha256IPCoProcessor_v1_0_S00_AXI.
WARNING: [Synth 8-3332] Sequential element (s_compressionI_reg_rep[11]) is unused and will be removed from module sha256IPCoProcessor_v1_0_S00_AXI.
WARNING: [Synth 8-3332] Sequential element (s_compressionI_reg_rep[10]) is unused and will be removed from module sha256IPCoProcessor_v1_0_S00_AXI.
WARNING: [Synth 8-3332] Sequential element (s_compressionI_reg_rep[9]) is unused and will be removed from module sha256IPCoProcessor_v1_0_S00_AXI.
WARNING: [Synth 8-3332] Sequential element (s_compressionI_reg_rep[8]) is unused and will be removed from module sha256IPCoProcessor_v1_0_S00_AXI.
WARNING: [Synth 8-3332] Sequential element (s_compressionI_reg_rep[7]) is unused and will be removed from module sha256IPCoProcessor_v1_0_S00_AXI.
WARNING: [Synth 8-3332] Sequential element (s_state_reg[31]) is unused and will be removed from module sha256IPCoProcessor_v1_0_S00_AXI.
WARNING: [Synth 8-3332] Sequential element (s_state_reg[27]) is unused and will be removed from module sha256IPCoProcessor_v1_0_S00_AXI.
WARNING: [Synth 8-3332] Sequential element (s_state_reg[23]) is unused and will be removed from module sha256IPCoProcessor_v1_0_S00_AXI.
WARNING: [Synth 8-3332] Sequential element (s_state_reg[19]) is unused and will be removed from module sha256IPCoProcessor_v1_0_S00_AXI.
WARNING: [Synth 8-3332] Sequential element (s_state_reg[15]) is unused and will be removed from module sha256IPCoProcessor_v1_0_S00_AXI.
WARNING: [Synth 8-3332] Sequential element (s_state_reg[11]) is unused and will be removed from module sha256IPCoProcessor_v1_0_S00_AXI.
WARNING: [Synth 8-3332] Sequential element (s_state_reg[7]) is unused and will be removed from module sha256IPCoProcessor_v1_0_S00_AXI.
WARNING: [Synth 8-3332] Sequential element (s_state_reg[3]) is unused and will be removed from module sha256IPCoProcessor_v1_0_S00_AXI.
WARNING: [Synth 8-3332] Sequential element (axi_awaddr_reg[1]) is unused and will be removed from module sha256IPCoProcessor_v1_0_S00_AXI.
WARNING: [Synth 8-3332] Sequential element (axi_awaddr_reg[0]) is unused and will be removed from module sha256IPCoProcessor_v1_0_S00_AXI.
WARNING: [Synth 8-3332] Sequential element (slv_reg11_reg[31]) is unused and will be removed from module sha256IPCoProcessor_v1_0_S00_AXI.
WARNING: [Synth 8-3332] Sequential element (slv_reg11_reg[30]) is unused and will be removed from module sha256IPCoProcessor_v1_0_S00_AXI.
WARNING: [Synth 8-3332] Sequential element (slv_reg11_reg[29]) is unused and will be removed from module sha256IPCoProcessor_v1_0_S00_AXI.
WARNING: [Synth 8-3332] Sequential element (slv_reg11_reg[28]) is unused and will be removed from module sha256IPCoProcessor_v1_0_S00_AXI.
WARNING: [Synth 8-3332] Sequential element (slv_reg11_reg[27]) is unused and will be removed from module sha256IPCoProcessor_v1_0_S00_AXI.
WARNING: [Synth 8-3332] Sequential element (slv_reg11_reg[26]) is unused and will be removed from module sha256IPCoProcessor_v1_0_S00_AXI.
WARNING: [Synth 8-3332] Sequential element (slv_reg11_reg[25]) is unused and will be removed from module sha256IPCoProcessor_v1_0_S00_AXI.
WARNING: [Synth 8-3332] Sequential element (slv_reg11_reg[24]) is unused and will be removed from module sha256IPCoProcessor_v1_0_S00_AXI.
WARNING: [Synth 8-3332] Sequential element (slv_reg11_reg[23]) is unused and will be removed from module sha256IPCoProcessor_v1_0_S00_AXI.
WARNING: [Synth 8-3332] Sequential element (slv_reg11_reg[22]) is unused and will be removed from module sha256IPCoProcessor_v1_0_S00_AXI.
WARNING: [Synth 8-3332] Sequential element (slv_reg11_reg[21]) is unused and will be removed from module sha256IPCoProcessor_v1_0_S00_AXI.
WARNING: [Synth 8-3332] Sequential element (slv_reg11_reg[20]) is unused and will be removed from module sha256IPCoProcessor_v1_0_S00_AXI.
WARNING: [Synth 8-3332] Sequential element (slv_reg11_reg[19]) is unused and will be removed from module sha256IPCoProcessor_v1_0_S00_AXI.
WARNING: [Synth 8-3332] Sequential element (slv_reg11_reg[18]) is unused and will be removed from module sha256IPCoProcessor_v1_0_S00_AXI.
WARNING: [Synth 8-3332] Sequential element (slv_reg11_reg[17]) is unused and will be removed from module sha256IPCoProcessor_v1_0_S00_AXI.
WARNING: [Synth 8-3332] Sequential element (slv_reg11_reg[16]) is unused and will be removed from module sha256IPCoProcessor_v1_0_S00_AXI.
WARNING: [Synth 8-3332] Sequential element (slv_reg11_reg[15]) is unused and will be removed from module sha256IPCoProcessor_v1_0_S00_AXI.
WARNING: [Synth 8-3332] Sequential element (slv_reg11_reg[14]) is unused and will be removed from module sha256IPCoProcessor_v1_0_S00_AXI.
WARNING: [Synth 8-3332] Sequential element (slv_reg11_reg[13]) is unused and will be removed from module sha256IPCoProcessor_v1_0_S00_AXI.
WARNING: [Synth 8-3332] Sequential element (slv_reg11_reg[12]) is unused and will be removed from module sha256IPCoProcessor_v1_0_S00_AXI.
WARNING: [Synth 8-3332] Sequential element (slv_reg11_reg[11]) is unused and will be removed from module sha256IPCoProcessor_v1_0_S00_AXI.
WARNING: [Synth 8-3332] Sequential element (slv_reg11_reg[10]) is unused and will be removed from module sha256IPCoProcessor_v1_0_S00_AXI.
WARNING: [Synth 8-3332] Sequential element (slv_reg11_reg[9]) is unused and will be removed from module sha256IPCoProcessor_v1_0_S00_AXI.
WARNING: [Synth 8-3332] Sequential element (slv_reg11_reg[8]) is unused and will be removed from module sha256IPCoProcessor_v1_0_S00_AXI.
WARNING: [Synth 8-3332] Sequential element (slv_reg11_reg[7]) is unused and will be removed from module sha256IPCoProcessor_v1_0_S00_AXI.
WARNING: [Synth 8-3332] Sequential element (slv_reg12_reg[31]) is unused and will be removed from module sha256IPCoProcessor_v1_0_S00_AXI.
WARNING: [Synth 8-3332] Sequential element (slv_reg12_reg[30]) is unused and will be removed from module sha256IPCoProcessor_v1_0_S00_AXI.
WARNING: [Synth 8-3332] Sequential element (slv_reg12_reg[29]) is unused and will be removed from module sha256IPCoProcessor_v1_0_S00_AXI.
WARNING: [Synth 8-3332] Sequential element (slv_reg12_reg[28]) is unused and will be removed from module sha256IPCoProcessor_v1_0_S00_AXI.
WARNING: [Synth 8-3332] Sequential element (slv_reg12_reg[27]) is unused and will be removed from module sha256IPCoProcessor_v1_0_S00_AXI.
WARNING: [Synth 8-3332] Sequential element (slv_reg12_reg[26]) is unused and will be removed from module sha256IPCoProcessor_v1_0_S00_AXI.
WARNING: [Synth 8-3332] Sequential element (slv_reg12_reg[25]) is unused and will be removed from module sha256IPCoProcessor_v1_0_S00_AXI.
WARNING: [Synth 8-3332] Sequential element (slv_reg12_reg[24]) is unused and will be removed from module sha256IPCoProcessor_v1_0_S00_AXI.
WARNING: [Synth 8-3332] Sequential element (slv_reg12_reg[23]) is unused and will be removed from module sha256IPCoProcessor_v1_0_S00_AXI.
WARNING: [Synth 8-3332] Sequential element (slv_reg12_reg[22]) is unused and will be removed from module sha256IPCoProcessor_v1_0_S00_AXI.
WARNING: [Synth 8-3332] Sequential element (slv_reg12_reg[21]) is unused and will be removed from module sha256IPCoProcessor_v1_0_S00_AXI.
WARNING: [Synth 8-3332] Sequential element (slv_reg12_reg[20]) is unused and will be removed from module sha256IPCoProcessor_v1_0_S00_AXI.
WARNING: [Synth 8-3332] Sequential element (slv_reg12_reg[19]) is unused and will be removed from module sha256IPCoProcessor_v1_0_S00_AXI.
WARNING: [Synth 8-3332] Sequential element (slv_reg12_reg[18]) is unused and will be removed from module sha256IPCoProcessor_v1_0_S00_AXI.
WARNING: [Synth 8-3332] Sequential element (slv_reg12_reg[17]) is unused and will be removed from module sha256IPCoProcessor_v1_0_S00_AXI.
WARNING: [Synth 8-3332] Sequential element (slv_reg12_reg[16]) is unused and will be removed from module sha256IPCoProcessor_v1_0_S00_AXI.
WARNING: [Synth 8-3332] Sequential element (slv_reg12_reg[15]) is unused and will be removed from module sha256IPCoProcessor_v1_0_S00_AXI.
WARNING: [Synth 8-3332] Sequential element (slv_reg12_reg[14]) is unused and will be removed from module sha256IPCoProcessor_v1_0_S00_AXI.
WARNING: [Synth 8-3332] Sequential element (slv_reg12_reg[13]) is unused and will be removed from module sha256IPCoProcessor_v1_0_S00_AXI.
WARNING: [Synth 8-3332] Sequential element (slv_reg12_reg[12]) is unused and will be removed from module sha256IPCoProcessor_v1_0_S00_AXI.
WARNING: [Synth 8-3332] Sequential element (slv_reg12_reg[11]) is unused and will be removed from module sha256IPCoProcessor_v1_0_S00_AXI.
WARNING: [Synth 8-3332] Sequential element (slv_reg12_reg[10]) is unused and will be removed from module sha256IPCoProcessor_v1_0_S00_AXI.
WARNING: [Synth 8-3332] Sequential element (slv_reg12_reg[9]) is unused and will be removed from module sha256IPCoProcessor_v1_0_S00_AXI.
WARNING: [Synth 8-3332] Sequential element (slv_reg12_reg[8]) is unused and will be removed from module sha256IPCoProcessor_v1_0_S00_AXI.
WARNING: [Synth 8-3332] Sequential element (slv_reg12_reg[7]) is unused and will be removed from module sha256IPCoProcessor_v1_0_S00_AXI.
WARNING: [Synth 8-3332] Sequential element (slv_reg13_reg[31]) is unused and will be removed from module sha256IPCoProcessor_v1_0_S00_AXI.
WARNING: [Synth 8-3332] Sequential element (slv_reg13_reg[30]) is unused and will be removed from module sha256IPCoProcessor_v1_0_S00_AXI.
WARNING: [Synth 8-3332] Sequential element (slv_reg13_reg[29]) is unused and will be removed from module sha256IPCoProcessor_v1_0_S00_AXI.
WARNING: [Synth 8-3332] Sequential element (slv_reg13_reg[28]) is unused and will be removed from module sha256IPCoProcessor_v1_0_S00_AXI.
WARNING: [Synth 8-3332] Sequential element (slv_reg13_reg[27]) is unused and will be removed from module sha256IPCoProcessor_v1_0_S00_AXI.
WARNING: [Synth 8-3332] Sequential element (slv_reg13_reg[26]) is unused and will be removed from module sha256IPCoProcessor_v1_0_S00_AXI.
WARNING: [Synth 8-3332] Sequential element (slv_reg13_reg[25]) is unused and will be removed from module sha256IPCoProcessor_v1_0_S00_AXI.
WARNING: [Synth 8-3332] Sequential element (slv_reg13_reg[24]) is unused and will be removed from module sha256IPCoProcessor_v1_0_S00_AXI.
WARNING: [Synth 8-3332] Sequential element (slv_reg13_reg[23]) is unused and will be removed from module sha256IPCoProcessor_v1_0_S00_AXI.
WARNING: [Synth 8-3332] Sequential element (slv_reg13_reg[22]) is unused and will be removed from module sha256IPCoProcessor_v1_0_S00_AXI.
WARNING: [Synth 8-3332] Sequential element (slv_reg13_reg[21]) is unused and will be removed from module sha256IPCoProcessor_v1_0_S00_AXI.
WARNING: [Synth 8-3332] Sequential element (slv_reg13_reg[20]) is unused and will be removed from module sha256IPCoProcessor_v1_0_S00_AXI.
WARNING: [Synth 8-3332] Sequential element (slv_reg13_reg[19]) is unused and will be removed from module sha256IPCoProcessor_v1_0_S00_AXI.
INFO: [Common 17-14] Message 'Synth 8-3332' appears 100 times and further instances of the messages will be disabled. Use the Tcl command set_msg_config to change the current settings.
---------------------------------------------------------------------------------
Finished Cross Boundary and Area Optimization : Time (s): cpu = 00:02:14 ; elapsed = 00:02:20 . Memory (MB): peak = 978.191 ; gain = 724.387
---------------------------------------------------------------------------------
---------------------------------------------------------------------------------
Start ROM, RAM, DSP and Shift Register Reporting
---------------------------------------------------------------------------------

ROM:
+---------------------------------+------------+---------------+----------------+
|Module Name                      | RTL Object | Depth x Width | Implemented As | 
+---------------------------------+------------+---------------+----------------+
|sha256IPCoProcessor_v1_0_S00_AXI | K[0]       | 128x32        | LUT            | 
|sha256IPCoProcessor_v1_0_S00_AXI | K[0]       | 128x32        | LUT            | 
+---------------------------------+------------+---------------+----------------+

---------------------------------------------------------------------------------
Finished ROM, RAM, DSP and Shift Register Reporting
---------------------------------------------------------------------------------

Report RTL Partitions: 
+-+--------------+------------+----------+
| |RTL Partition |Replication |Instances |
+-+--------------+------------+----------+
+-+--------------+------------+----------+
---------------------------------------------------------------------------------
Start Applying XDC Timing Constraints
---------------------------------------------------------------------------------
---------------------------------------------------------------------------------
Finished Applying XDC Timing Constraints : Time (s): cpu = 00:02:28 ; elapsed = 00:02:34 . Memory (MB): peak = 978.191 ; gain = 724.387
---------------------------------------------------------------------------------
---------------------------------------------------------------------------------
Start Timing Optimization
---------------------------------------------------------------------------------
---------------------------------------------------------------------------------
Finished Timing Optimization : Time (s): cpu = 00:02:30 ; elapsed = 00:02:36 . Memory (MB): peak = 978.191 ; gain = 724.387
---------------------------------------------------------------------------------

Report RTL Partitions: 
+-+--------------+------------+----------+
| |RTL Partition |Replication |Instances |
+-+--------------+------------+----------+
+-+--------------+------------+----------+
---------------------------------------------------------------------------------
Start Technology Mapping
---------------------------------------------------------------------------------
---------------------------------------------------------------------------------
Finished Technology Mapping : Time (s): cpu = 00:02:34 ; elapsed = 00:02:41 . Memory (MB): peak = 978.191 ; gain = 724.387
---------------------------------------------------------------------------------

Report RTL Partitions: 
+-+--------------+------------+----------+
| |RTL Partition |Replication |Instances |
+-+--------------+------------+----------+
+-+--------------+------------+----------+
---------------------------------------------------------------------------------
Start IO Insertion
---------------------------------------------------------------------------------
---------------------------------------------------------------------------------
Start Flattening Before IO Insertion
---------------------------------------------------------------------------------
---------------------------------------------------------------------------------
Finished Flattening Before IO Insertion
---------------------------------------------------------------------------------
---------------------------------------------------------------------------------
Start Final Netlist Cleanup
---------------------------------------------------------------------------------
---------------------------------------------------------------------------------
Finished Final Netlist Cleanup
---------------------------------------------------------------------------------
---------------------------------------------------------------------------------
Finished IO Insertion : Time (s): cpu = 00:02:37 ; elapsed = 00:02:43 . Memory (MB): peak = 978.191 ; gain = 724.387
---------------------------------------------------------------------------------

Report Check Netlist: 
+------+------------------+-------+---------+-------+------------------+
|      |Item              |Errors |Warnings |Status |Description       |
+------+------------------+-------+---------+-------+------------------+
|1     |multi_driven_nets |      0|        0|Passed |Multi driven nets |
+------+------------------+-------+---------+-------+------------------+
---------------------------------------------------------------------------------
Start Renaming Generated Instances
---------------------------------------------------------------------------------
---------------------------------------------------------------------------------
Finished Renaming Generated Instances : Time (s): cpu = 00:02:37 ; elapsed = 00:02:43 . Memory (MB): peak = 978.191 ; gain = 724.387
---------------------------------------------------------------------------------

Report RTL Partitions: 
+-+--------------+------------+----------+
| |RTL Partition |Replication |Instances |
+-+--------------+------------+----------+
+-+--------------+------------+----------+
---------------------------------------------------------------------------------
Start Rebuilding User Hierarchy
---------------------------------------------------------------------------------
---------------------------------------------------------------------------------
Finished Rebuilding User Hierarchy : Time (s): cpu = 00:02:37 ; elapsed = 00:02:44 . Memory (MB): peak = 978.191 ; gain = 724.387
---------------------------------------------------------------------------------
---------------------------------------------------------------------------------
Start Renaming Generated Ports
---------------------------------------------------------------------------------
---------------------------------------------------------------------------------
Finished Renaming Generated Ports : Time (s): cpu = 00:02:37 ; elapsed = 00:02:44 . Memory (MB): peak = 978.191 ; gain = 724.387
---------------------------------------------------------------------------------
---------------------------------------------------------------------------------
Start Handling Custom Attributes
---------------------------------------------------------------------------------
---------------------------------------------------------------------------------
Finished Handling Custom Attributes : Time (s): cpu = 00:02:37 ; elapsed = 00:02:44 . Memory (MB): peak = 978.191 ; gain = 724.387
---------------------------------------------------------------------------------
---------------------------------------------------------------------------------
Start Renaming Generated Nets
---------------------------------------------------------------------------------
---------------------------------------------------------------------------------
Finished Renaming Generated Nets : Time (s): cpu = 00:02:38 ; elapsed = 00:02:44 . Memory (MB): peak = 978.191 ; gain = 724.387
---------------------------------------------------------------------------------
---------------------------------------------------------------------------------
Start Writing Synthesis Report
---------------------------------------------------------------------------------

Report BlackBoxes: 
+-+--------------+----------+
| |BlackBox name |Instances |
+-+--------------+----------+
+-+--------------+----------+

Report Cell Usage: 
+------+-------+------+
|      |Cell   |Count |
+------+-------+------+
|1     |CARRY4 |   128|
|2     |LUT1   |    20|
|3     |LUT2   |   420|
|4     |LUT3   |   347|
|5     |LUT4   |   372|
|6     |LUT5   |   202|
|7     |LUT6   |  5918|
|8     |MUXF7  |  2400|
|9     |MUXF8  |  1056|
|10    |FDRE   |  2956|
|11    |FDSE   |   398|
+------+-------+------+

Report Instance Areas: 
+------+------------------------------------------+---------------------------------+------+
|      |Instance                                  |Module                           |Cells |
+------+------------------------------------------+---------------------------------+------+
|1     |top                                       |                                 | 14217|
|2     |  U0                                      |sha256IPCoProcessor_v1_0         | 14217|
|3     |    sha256IPCoProcessor_v1_0_S00_AXI_inst |sha256IPCoProcessor_v1_0_S00_AXI | 14215|
+------+------------------------------------------+---------------------------------+------+
---------------------------------------------------------------------------------
Finished Writing Synthesis Report : Time (s): cpu = 00:02:38 ; elapsed = 00:02:44 . Memory (MB): peak = 978.191 ; gain = 724.387
---------------------------------------------------------------------------------
Synthesis finished with 0 errors, 0 critical warnings and 187 warnings.
Synthesis Optimization Runtime : Time (s): cpu = 00:02:19 ; elapsed = 00:02:34 . Memory (MB): peak = 978.191 ; gain = 376.316
Synthesis Optimization Complete : Time (s): cpu = 00:02:38 ; elapsed = 00:02:44 . Memory (MB): peak = 978.191 ; gain = 724.387
INFO: [Project 1-571] Translating synthesized netlist
INFO: [Netlist 29-17] Analyzing 3584 Unisim elements for replacement
INFO: [Netlist 29-28] Unisim Transformation completed in 0 CPU seconds
WARNING: [Netlist 29-101] Netlist 'design_1_sha256IPCoProcessor_0_0' is not ideal for floorplanning, since the cellview 'sha256IPCoProcessor_v1_0_S00_AXI' contains a large number of primitives.  Please consider enabling hierarchy in synthesis if you want to do floorplanning.
INFO: [Project 1-570] Preparing netlist for logic optimization
INFO: [Opt 31-138] Pushed 0 inverter(s) to 0 load pin(s).
INFO: [Project 1-111] Unisim Transformation Summary:
No Unisim elements were transformed.

INFO: [Common 17-83] Releasing license: Synthesis
159 Infos, 147 Warnings, 0 Critical Warnings and 0 Errors encountered.
synth_design completed successfully
synth_design: Time (s): cpu = 00:02:42 ; elapsed = 00:02:50 . Memory (MB): peak = 978.191 ; gain = 735.852
INFO: [Common 17-1381] The checkpoint 'D:/Universidade/cr/SHA2/SHA2.runs/design_1_sha256IPCoProcessor_0_0_synth_1/design_1_sha256IPCoProcessor_0_0.dcp' has been generated.
