22:31:25 INFO  : Registering command handlers for SDK TCF services
22:31:26 INFO  : Launching XSCT server: xsct.bat -interactive D:\Universidade\cr\tp6\tp6.sdk\temp_xsdb_launch_script.tcl
22:31:34 INFO  : XSCT server has started successfully.
22:31:34 INFO  : Successfully done setting XSCT server connection channel  
22:31:37 INFO  : Successfully done setting SDK workspace  
22:31:37 INFO  : Processing command line option -hwspec D:/Universidade/cr/tp6/tp6.sdk/design_1_wrapper.hdf.
22:32:18 ERROR : (XSDB Server)ERROR: [Hsi 55-1545] Problem running tcl command
22:32:18 ERROR : (XSDB Server) ::sw_intc_v3_7::generate : can't read "source_name(1)": no such element in array
    while executing
"string compare -nocase $source_name($i) "system""
    ("foreach" body line 18)
    invoked from within
"foreach periph $periphs {
        #update global array of Interrupt sources for this periph
        intc_update_source_array $periph

        lappend ..."
    (procedure "xredefine_intc" line 21)
    invoked from within
"xredefine_intc $drv_handle $file_handle"
    (procedure "xdefine_canonical_xpars" line 72)
    invoked from within
"xdefine_canonical_xpars $drv_handle "xparameters.h" "Intc" "DEVICE_ID" "C_BASEADDR" "C_HIGHADDR" "C_KIND_OF_INTR" "C_HAS_FAST" "C_IVAR_RESET_VALUE" "C..."
    (procedure "::sw_intc_v3_7::generate" line 57)
    invoked from within
"::sw_intc_v3_7::generate microblaze_0_axi_intc"
ERROR: [Hsi 55-1442] Error(s) while running TCL procedure generate()

22:32:19 ERROR : (XSDB Server)ERROR: [Hsi 55-1450] Error: running
22:32:19 ERROR : (XSDB Server) generate_bsp.

22:32:19 ERROR : Error generating bsp sources: Failed in generating sources
22:32:26 ERROR : (XSDB Server)ERROR: [Hsi 55-
22:32:26 ERROR : (XSDB Server)1545] Problem running tcl command ::sw_intc_v3_7::generate : can
22:32:26 ERROR : (XSDB Server)'t read "source_name(1)": no such element 
22:32:26 ERROR : (XSDB Server)i
22:32:26 ERROR : (XSDB Server)n
22:32:26 ERROR : (XSDB Server) 
22:32:26 ERROR : (XSDB Server)a
22:32:26 ERROR : (XSDB Server)r
22:32:26 ERROR : (XSDB Server)r
22:32:26 ERROR : (XSDB Server)a
22:32:26 ERROR : (XSDB Server)y
22:32:26 ERROR : (XSDB Server)

22:32:26 ERROR : (XSDB Server) 
22:32:26 ERROR : (XSDB Server) 
22:32:26 ERROR : (XSDB Server) 
22:32:26 ERROR : (XSDB Server) 
22:32:26 ERROR : (XSDB Server)w
22:32:26 ERROR : (XSDB Server)h
22:32:26 ERROR : (XSDB Server)i
22:32:26 ERROR : (XSDB Server)l
22:32:26 ERROR : (XSDB Server)e
22:32:26 ERROR : (XSDB Server) 
22:32:26 ERROR : (XSDB Server)e
22:32:26 ERROR : (XSDB Server)x
22:32:26 ERROR : (XSDB Server)e
22:32:26 ERROR : (XSDB Server)c
22:32:26 ERROR : (XSDB Server)u
22:32:26 ERROR : (XSDB Server)t
22:32:26 ERROR : (XSDB Server)i
22:32:26 ERROR : (XSDB Server)n
22:32:26 ERROR : (XSDB Server)g
22:32:26 ERROR : (XSDB Server)

22:32:26 ERROR : (XSDB Server)"
22:32:26 ERROR : (XSDB Server)s
22:32:26 ERROR : (XSDB Server)t
22:32:26 ERROR : (XSDB Server)r
22:32:26 ERROR : (XSDB Server)i
22:32:26 ERROR : (XSDB Server)n
22:32:26 ERROR : (XSDB Server)g
22:32:26 ERROR : (XSDB Server) 
22:32:26 ERROR : (XSDB Server)c
22:32:26 ERROR : (XSDB Server)o
22:32:26 ERROR : (XSDB Server)m
22:32:26 ERROR : (XSDB Server)p
22:32:26 ERROR : (XSDB Server)a
22:32:26 ERROR : (XSDB Server)r
22:32:26 ERROR : (XSDB Server)e
22:32:26 ERROR : (XSDB Server) 
22:32:26 ERROR : (XSDB Server)-
22:32:26 ERROR : (XSDB Server)n
22:32:26 ERROR : (XSDB Server)o
22:32:26 ERROR : (XSDB Server)c
22:32:26 ERROR : (XSDB Server)a
22:32:26 ERROR : (XSDB Server)s
22:32:26 ERROR : (XSDB Server)e
22:32:26 ERROR : (XSDB Server) 
22:32:26 ERROR : (XSDB Server)$
22:32:26 ERROR : (XSDB Server)s
22:32:26 ERROR : (XSDB Server)o
22:32:26 ERROR : (XSDB Server)u
22:32:26 ERROR : (XSDB Server)r
22:32:26 ERROR : (XSDB Server)c
22:32:26 ERROR : (XSDB Server)e
22:32:26 ERROR : (XSDB Server)_
22:32:26 ERROR : (XSDB Server)n
22:32:26 ERROR : (XSDB Server)a
22:32:26 ERROR : (XSDB Server)m
22:32:26 ERROR : (XSDB Server)e
22:32:26 ERROR : (XSDB Server)(
22:32:26 ERROR : (XSDB Server)$
22:32:26 ERROR : (XSDB Server)i
22:32:26 ERROR : (XSDB Server))
22:32:26 ERROR : (XSDB Server) 
22:32:26 ERROR : (XSDB Server)"
22:32:26 ERROR : (XSDB Server)s
22:32:26 ERROR : (XSDB Server)y
22:32:26 ERROR : (XSDB Server)s
22:32:26 ERROR : (XSDB Server)t
22:32:26 ERROR : (XSDB Server)em""
    ("foreach" body line 18)
    invoked from within
"foreac
22:32:26 ERROR : (XSDB Server)h periph $periphs {
        #update global array of Interrupt sourc
22:32:26 ERROR : (XSDB Server)es for this periph
        intc_update_source_array $periph

        lappend ..."
    (procedure "xredefine_intc" line 21)
    invoked from within
"xredefine_intc $drv_h
22:32:26 ERROR : (XSDB Server)andle $file_handle"
    (procedure "xdefine_canonical_xpars" line 72)
    invoked from within
"xdefine_canonical_xpars $drv_handle "xparameters.h" "Intc" "DEVICE_ID" "C_BASEADDR" "C_HIGHADDR" "C_KIND_OF_INTR" "C_HAS_FAST" "C_IVAR_RESET_VALUE" "C..."
    (procedure "::sw_intc_v3_7::generate" line 57)
    invoked from within
"::sw_intc_v3_7::generate microblaze_0_axi_intc"

22:32:26 ERROR : (XSDB Server)ERROR: [Hsi 55-1
22:32:26 ERROR : (XSDB Server)442] Error(s) while running TCL proced
22:32:26 ERROR : (XSDB Server)ure generate()

22:32:26 ERROR : (XSDB Server)ERROR: [Hsi 55-1450] Error: running generate_bsp.

22:32:26 ERROR : Error generating bsp sources: Failed in generating sources
14:41:27 INFO  : Launching XSCT server: xsct.bat -interactive D:\Universidade\cr\tp6\tp6.sdk\temp_xsdb_launch_script.tcl
14:41:31 INFO  : XSCT server has started successfully.
14:41:39 INFO  : Successfully done setting XSCT server connection channel  
14:41:39 INFO  : Successfully done setting SDK workspace  
14:41:41 INFO  : Registering command handlers for SDK TCF services
14:41:45 INFO  : Processing command line option -hwspec D:/Universidade/cr/tp6/tp6.sdk/design_1_wrapper.hdf.
14:41:45 INFO  : Checking for hwspec changes in the project design_1_wrapper_hw_platform_0.
14:41:45 INFO  : SDK has detected change in the last modified timestamps for source hardware specification file Source:1523540423550,  Project:1523482219895
14:41:45 INFO  : The hardware specification for project 'design_1_wrapper_hw_platform_0' is different from D:/Universidade/cr/tp6/tp6.sdk/design_1_wrapper.hdf.
14:41:46 INFO  : Copied contents of D:/Universidade/cr/tp6/tp6.sdk/design_1_wrapper.hdf into \design_1_wrapper_hw_platform_0\system.hdf.
14:41:46 INFO  : Synchronizing projects in the workspace with the hardware platform specification changes.
14:41:46 INFO  : Clearing existing target manager status.
14:41:47 WARN  : Given IPC port value is invalid. Using default port 2350
14:41:47 WARN  : Given XMD timeout value is invalid. Using default value of 50000
14:41:49 WARN  : Given XMD transaction timeout value is invalid. Using default value of 60000 milli seconds
14:41:49 INFO  : Workspace synchronized with the new hardware specification file. Cleaning dependent projects...
14:41:49 WARN  : Linker script will not be updated automatically. Users need to update it manually.
14:45:26 ERROR : Unexpected error while parsing XMD response ?: com.google.gson.JsonSyntaxException: com.google.gson.stream.MalformedJsonException: invalid number or unquoted string near 
14:47:12 INFO  : Registering command handlers for SDK TCF services
14:47:13 INFO  : Launching XSCT server: xsct.bat -interactive D:\Universidade\cr\tp6\tp6.sdk\temp_xsdb_launch_script.tcl
14:47:15 INFO  : XSCT server has started successfully.
14:47:15 INFO  : Successfully done setting XSCT server connection channel  
14:47:15 INFO  : Successfully done setting SDK workspace  
14:47:15 INFO  : Processing command line option -hwspec D:/Universidade/cr/tp6/tp6.sdk/design_1_wrapper.hdf.
14:47:15 INFO  : Checking for hwspec changes in the project design_1_wrapper_hw_platform_0.
14:47:21 INFO  : 'targets -set -filter {jtag_cable_name =~ "Digilent Nexys4 210274674840A" && level==0} -index 0' command is executed.
14:47:21 INFO  : 'fpga -state' command is executed.
14:47:33 INFO  : 'targets -set -filter {jtag_cable_name =~ "Digilent Nexys4 210274674840A" && level==0} -index 0' command is executed.
14:47:33 INFO  : 'fpga -state' command is executed.
14:47:36 INFO  : Connected to target on host '127.0.0.1' and port '3121'.
14:47:36 INFO  : Jtag cable 'Digilent Nexys4 210274674840A' is selected.
14:47:36 INFO  : 'jtag frequency' command is executed.
14:47:39 ERROR : no targets found with "name =~ "microblaze*#0" && bscan=="USER2"  && jtag_cable_name =~ "Digilent Nexys4 210274674840A"". available targets:
  1* xc7a100t
14:47:39 INFO  : ----------------XSDB Script----------------
connect -url tcp:127.0.0.1:3121
targets -set -nocase -filter {name =~ "microblaze*#0" && bscan=="USER2"  && jtag_cable_name =~ "Digilent Nexys4 210274674840A"} -index 0
----------------End of Script----------------

14:48:30 INFO  : 'targets -set -filter {jtag_cable_name =~ "Digilent Nexys4 210274674840A" && level==0} -index 0' command is executed.
14:48:30 INFO  : 'fpga -state' command is executed.
14:48:33 INFO  : Connected to target on host '127.0.0.1' and port '3121'.
14:48:34 INFO  : Jtag cable 'Digilent Nexys4 210274674840A' is selected.
14:48:34 INFO  : 'jtag frequency' command is executed.
14:48:37 ERROR : no targets found with "name =~ "microblaze*#0" && bscan=="USER2"  && jtag_cable_name =~ "Digilent Nexys4 210274674840A"". available targets:
  1* xc7a100t
14:48:37 INFO  : ----------------XSDB Script----------------
connect -url tcp:127.0.0.1:3121
targets -set -nocase -filter {name =~ "microblaze*#0" && bscan=="USER2"  && jtag_cable_name =~ "Digilent Nexys4 210274674840A"} -index 0
----------------End of Script----------------

14:50:12 INFO  : Registering command handlers for SDK TCF services
14:50:13 INFO  : Launching XSCT server: xsct.bat -interactive D:\Universidade\cr\tp6\tp6.sdk\temp_xsdb_launch_script.tcl
14:50:15 INFO  : XSCT server has started successfully.
14:50:15 INFO  : Successfully done setting XSCT server connection channel  
14:50:15 INFO  : Processing command line option -hwspec D:/Universidade/cr/tp6/tp6.sdk/design_1_wrapper.hdf.
14:50:15 INFO  : Successfully done setting SDK workspace  
14:50:16 INFO  : Checking for hwspec changes in the project design_1_wrapper_hw_platform_0.
14:50:27 INFO  : 'targets -set -filter {jtag_cable_name =~ "Digilent Nexys4 210274674840A" && level==0} -index 0' command is executed.
14:50:27 INFO  : 'fpga -state' command is executed.
14:51:16 INFO  : Connected to target on host '127.0.0.1' and port '3121'.
14:51:18 INFO  : Jtag cable 'Digilent Nexys4 210274674840A' is selected.
14:51:18 INFO  : 'jtag frequency' command is executed.
14:51:22 ERROR : no targets found with "name =~ "microblaze*#0" && bscan=="USER2"  && jtag_cable_name =~ "Digilent Nexys4 210274674840A"". available targets:
  1* xc7a100t
14:51:22 INFO  : ----------------XSDB Script----------------
connect -url tcp:127.0.0.1:3121
targets -set -nocase -filter {name =~ "microblaze*#0" && bscan=="USER2"  && jtag_cable_name =~ "Digilent Nexys4 210274674840A"} -index 0
----------------End of Script----------------

14:56:10 INFO  : Connected to target on host '127.0.0.1' and port '3121'.
14:56:10 INFO  : 'targets -set -filter {jtag_cable_name =~ "Digilent Nexys4 210274674840A" && level==0} -index 0' command is executed.
14:56:12 INFO  : FPGA configured successfully with bitstream "D:/Universidade/cr/tp6/tp6.sdk/design_1_wrapper_hw_platform_0/download.bit"
14:57:03 INFO  : 'targets -set -filter {jtag_cable_name =~ "Digilent Nexys4 210274674840A" && level==0} -index 0' command is executed.
14:57:03 INFO  : 'fpga -state' command is executed.
14:57:03 INFO  : Connected to target on host '127.0.0.1' and port '3121'.
14:57:03 INFO  : Jtag cable 'Digilent Nexys4 210274674840A' is selected.
14:57:03 INFO  : 'jtag frequency' command is executed.
14:57:03 INFO  : Context for processor 'microblaze_0' is selected.
14:57:03 INFO  : Processor reset is completed for 'microblaze_0'.
14:57:03 INFO  : Context for processor 'microblaze_0' is selected.
14:57:04 INFO  : The application 'D:/Universidade/cr/tp6/tp6.sdk/CountDownTimer/Debug/CountDownTimer.elf' is downloaded to processor 'microblaze_0'.
14:57:04 INFO  : ----------------XSDB Script----------------
connect -url tcp:127.0.0.1:3121
targets -set -nocase -filter {name =~ "microblaze*#0" && bscan=="USER2"  && jtag_cable_name =~ "Digilent Nexys4 210274674840A"} -index 0
rst -processor
targets -set -nocase -filter {name =~ "microblaze*#0" && bscan=="USER2"  && jtag_cable_name =~ "Digilent Nexys4 210274674840A"} -index 0
dow D:/Universidade/cr/tp6/tp6.sdk/CountDownTimer/Debug/CountDownTimer.elf
----------------End of Script----------------

14:57:04 INFO  : Memory regions updated for context MicroBlaze #0
14:57:04 INFO  : Memory regions updated for context MicroBlaze Debug Module at USER2
14:57:04 INFO  : Context for processor 'microblaze_0' is selected.
14:57:04 INFO  : 'con' command is executed.
14:57:04 INFO  : ----------------XSDB Script (After Launch)----------------
targets -set -nocase -filter {name =~ "microblaze*#0" && bscan=="USER2"  && jtag_cable_name =~ "Digilent Nexys4 210274674840A"} -index 0
con
----------------End of Script----------------

14:57:04 INFO  : Launch script is exported to file 'D:\Universidade\cr\tp6\tp6.sdk\.sdk\launch_scripts\xilinx_c-c++_application_(system_debugger)\system_debugger_using_debug_countdowntimer.elf_on_local.tcl'
15:00:20 INFO  : Disconnected from the channel tcfchan#1.
15:00:21 INFO  : 'targets -set -filter {jtag_cable_name =~ "Digilent Nexys4 210274674840A" && level==0} -index 0' command is executed.
15:00:21 INFO  : 'fpga -state' command is executed.
15:00:21 INFO  : Connected to target on host '127.0.0.1' and port '3121'.
15:00:21 INFO  : Jtag cable 'Digilent Nexys4 210274674840A' is selected.
15:00:21 INFO  : 'jtag frequency' command is executed.
15:00:21 INFO  : Context for processor 'microblaze_0' is selected.
15:00:21 INFO  : Processor reset is completed for 'microblaze_0'.
15:00:21 INFO  : Context for processor 'microblaze_0' is selected.
15:00:21 INFO  : The application 'D:/Universidade/cr/tp6/tp6.sdk/CountDownTimer/Debug/CountDownTimer.elf' is downloaded to processor 'microblaze_0'.
15:00:21 INFO  : ----------------XSDB Script----------------
connect -url tcp:127.0.0.1:3121
targets -set -nocase -filter {name =~ "microblaze*#0" && bscan=="USER2"  && jtag_cable_name =~ "Digilent Nexys4 210274674840A"} -index 0
rst -processor
targets -set -nocase -filter {name =~ "microblaze*#0" && bscan=="USER2"  && jtag_cable_name =~ "Digilent Nexys4 210274674840A"} -index 0
dow D:/Universidade/cr/tp6/tp6.sdk/CountDownTimer/Debug/CountDownTimer.elf
----------------End of Script----------------

15:00:22 INFO  : Memory regions updated for context MicroBlaze #0
15:00:22 INFO  : Memory regions updated for context MicroBlaze Debug Module at USER2
15:00:22 INFO  : Context for processor 'microblaze_0' is selected.
15:00:22 INFO  : 'con' command is executed.
15:00:22 INFO  : ----------------XSDB Script (After Launch)----------------
targets -set -nocase -filter {name =~ "microblaze*#0" && bscan=="USER2"  && jtag_cable_name =~ "Digilent Nexys4 210274674840A"} -index 0
con
----------------End of Script----------------

15:00:22 INFO  : Launch script is exported to file 'D:\Universidade\cr\tp6\tp6.sdk\.sdk\launch_scripts\xilinx_c-c++_application_(system_debugger)\system_debugger_using_debug_countdowntimer.elf_on_local.tcl'
15:01:04 INFO  : Disconnected from the channel tcfchan#2.
16:27:16 INFO  : Registering command handlers for SDK TCF services
16:27:17 INFO  : Launching XSCT server: xsct.bat -interactive D:\Universidade\cr\tp6\tp6.sdk\temp_xsdb_launch_script.tcl
16:27:25 INFO  : XSCT server has started successfully.
16:27:25 INFO  : Successfully done setting XSCT server connection channel  
16:27:28 INFO  : Successfully done setting SDK workspace  
16:27:28 INFO  : Processing command line option -hwspec D:/Universidade/cr/tp6/tp6.sdk/design_1_wrapper.hdf.
16:27:28 INFO  : Checking for hwspec changes in the project design_1_wrapper_hw_platform_0.
16:44:49 INFO  : 'targets -set -filter {jtag_cable_name =~ "Digilent Nexys4 210274674840A" && level==0} -index 0' command is executed.
16:44:50 INFO  : 'fpga -state' command is executed.
16:44:52 INFO  : Connected to target on host '127.0.0.1' and port '3121'.
16:44:52 INFO  : Jtag cable 'Digilent Nexys4 210274674840A' is selected.
16:44:53 INFO  : 'jtag frequency' command is executed.
16:44:56 ERROR : no targets found with "name =~ "microblaze*#0" && bscan=="USER2"  && jtag_cable_name =~ "Digilent Nexys4 210274674840A"". available targets:
  1* xc7a100t
16:44:56 INFO  : ----------------XSDB Script----------------
connect -url tcp:127.0.0.1:3121
targets -set -nocase -filter {name =~ "microblaze*#0" && bscan=="USER2"  && jtag_cable_name =~ "Digilent Nexys4 210274674840A"} -index 0
----------------End of Script----------------

16:45:28 INFO  : Connected to target on host '127.0.0.1' and port '3121'.
16:45:28 INFO  : 'targets -set -filter {jtag_cable_name =~ "Digilent Nexys4 210274674840A" && level==0} -index 0' command is executed.
16:45:30 INFO  : FPGA configured successfully with bitstream "D:/Universidade/cr/tp6/tp6.sdk/design_1_wrapper_hw_platform_0/download.bit"
16:45:51 INFO  : 'targets -set -filter {jtag_cable_name =~ "Digilent Nexys4 210274674840A" && level==0} -index 0' command is executed.
16:45:51 INFO  : 'fpga -state' command is executed.
16:45:51 INFO  : Connected to target on host '127.0.0.1' and port '3121'.
16:45:51 INFO  : Jtag cable 'Digilent Nexys4 210274674840A' is selected.
16:45:51 INFO  : 'jtag frequency' command is executed.
16:45:51 INFO  : Context for processor 'microblaze_0' is selected.
16:45:51 INFO  : Processor reset is completed for 'microblaze_0'.
16:45:51 INFO  : Context for processor 'microblaze_0' is selected.
16:45:52 INFO  : The application 'D:/Universidade/cr/tp6/tp6.sdk/CountDownTimer/Debug/CountDownTimer.elf' is downloaded to processor 'microblaze_0'.
16:45:52 INFO  : ----------------XSDB Script----------------
connect -url tcp:127.0.0.1:3121
targets -set -nocase -filter {name =~ "microblaze*#0" && bscan=="USER2"  && jtag_cable_name =~ "Digilent Nexys4 210274674840A"} -index 0
rst -processor
targets -set -nocase -filter {name =~ "microblaze*#0" && bscan=="USER2"  && jtag_cable_name =~ "Digilent Nexys4 210274674840A"} -index 0
dow D:/Universidade/cr/tp6/tp6.sdk/CountDownTimer/Debug/CountDownTimer.elf
----------------End of Script----------------

16:45:52 INFO  : Memory regions updated for context MicroBlaze #0
16:45:52 INFO  : Memory regions updated for context MicroBlaze Debug Module at USER2
16:45:52 INFO  : Context for processor 'microblaze_0' is selected.
16:45:52 INFO  : 'con' command is executed.
16:45:52 INFO  : ----------------XSDB Script (After Launch)----------------
targets -set -nocase -filter {name =~ "microblaze*#0" && bscan=="USER2"  && jtag_cable_name =~ "Digilent Nexys4 210274674840A"} -index 0
con
----------------End of Script----------------

16:45:52 INFO  : Launch script is exported to file 'D:\Universidade\cr\tp6\tp6.sdk\.sdk\launch_scripts\xilinx_c-c++_application_(system_debugger)\system_debugger_using_debug_countdowntimer.elf_on_local.tcl'
16:46:21 INFO  : Disconnected from the channel tcfchan#1.
16:46:22 INFO  : 'targets -set -filter {jtag_cable_name =~ "Digilent Nexys4 210274674840A" && level==0} -index 0' command is executed.
16:46:22 INFO  : 'fpga -state' command is executed.
16:46:22 INFO  : Connected to target on host '127.0.0.1' and port '3121'.
16:46:22 INFO  : Jtag cable 'Digilent Nexys4 210274674840A' is selected.
16:46:22 INFO  : 'jtag frequency' command is executed.
16:46:22 INFO  : Context for processor 'microblaze_0' is selected.
16:46:22 INFO  : Processor reset is completed for 'microblaze_0'.
16:46:22 INFO  : Context for processor 'microblaze_0' is selected.
16:46:22 INFO  : The application 'D:/Universidade/cr/tp6/tp6.sdk/CountDownTimer/Debug/CountDownTimer.elf' is downloaded to processor 'microblaze_0'.
16:46:22 INFO  : ----------------XSDB Script----------------
connect -url tcp:127.0.0.1:3121
targets -set -nocase -filter {name =~ "microblaze*#0" && bscan=="USER2"  && jtag_cable_name =~ "Digilent Nexys4 210274674840A"} -index 0
rst -processor
targets -set -nocase -filter {name =~ "microblaze*#0" && bscan=="USER2"  && jtag_cable_name =~ "Digilent Nexys4 210274674840A"} -index 0
dow D:/Universidade/cr/tp6/tp6.sdk/CountDownTimer/Debug/CountDownTimer.elf
----------------End of Script----------------

16:46:22 INFO  : Memory regions updated for context MicroBlaze #0
16:46:22 INFO  : Memory regions updated for context MicroBlaze Debug Module at USER2
16:46:22 INFO  : Context for processor 'microblaze_0' is selected.
16:46:23 INFO  : 'con' command is executed.
16:46:23 INFO  : ----------------XSDB Script (After Launch)----------------
targets -set -nocase -filter {name =~ "microblaze*#0" && bscan=="USER2"  && jtag_cable_name =~ "Digilent Nexys4 210274674840A"} -index 0
con
----------------End of Script----------------

16:46:23 INFO  : Launch script is exported to file 'D:\Universidade\cr\tp6\tp6.sdk\.sdk\launch_scripts\xilinx_c-c++_application_(system_debugger)\system_debugger_using_debug_countdowntimer.elf_on_local.tcl'
17:03:52 INFO  : Connected to target on host '127.0.0.1' and port '3121'.
17:03:52 INFO  : 'targets -set -filter {jtag_cable_name =~ "Digilent Nexys4 210274674840A" && level==0} -index 0' command is executed.
17:03:54 INFO  : FPGA configured successfully with bitstream "D:/Universidade/cr/tp6/tp6.sdk/design_1_wrapper_hw_platform_0/download.bit"
17:04:10 INFO  : Disconnected from the channel tcfchan#2.
17:04:11 INFO  : 'targets -set -filter {jtag_cable_name =~ "Digilent Nexys4 210274674840A" && level==0} -index 0' command is executed.
17:04:11 INFO  : 'fpga -state' command is executed.
17:04:11 INFO  : Connected to target on host '127.0.0.1' and port '3121'.
17:04:11 INFO  : Jtag cable 'Digilent Nexys4 210274674840A' is selected.
17:04:11 INFO  : 'jtag frequency' command is executed.
17:04:11 INFO  : Context for processor 'microblaze_0' is selected.
17:04:11 INFO  : Processor reset is completed for 'microblaze_0'.
17:04:11 INFO  : Context for processor 'microblaze_0' is selected.
17:04:11 INFO  : The application 'D:/Universidade/cr/tp6/tp6.sdk/CountDownTimer/Debug/CountDownTimer.elf' is downloaded to processor 'microblaze_0'.
17:04:11 INFO  : ----------------XSDB Script----------------
connect -url tcp:127.0.0.1:3121
targets -set -nocase -filter {name =~ "microblaze*#0" && bscan=="USER2"  && jtag_cable_name =~ "Digilent Nexys4 210274674840A"} -index 0
rst -processor
targets -set -nocase -filter {name =~ "microblaze*#0" && bscan=="USER2"  && jtag_cable_name =~ "Digilent Nexys4 210274674840A"} -index 0
dow D:/Universidade/cr/tp6/tp6.sdk/CountDownTimer/Debug/CountDownTimer.elf
----------------End of Script----------------

17:04:12 INFO  : Memory regions updated for context MicroBlaze #0
17:04:12 INFO  : Memory regions updated for context MicroBlaze Debug Module at USER2
17:04:12 INFO  : Context for processor 'microblaze_0' is selected.
17:04:12 INFO  : 'con' command is executed.
17:04:12 INFO  : ----------------XSDB Script (After Launch)----------------
targets -set -nocase -filter {name =~ "microblaze*#0" && bscan=="USER2"  && jtag_cable_name =~ "Digilent Nexys4 210274674840A"} -index 0
con
----------------End of Script----------------

17:04:12 INFO  : Launch script is exported to file 'D:\Universidade\cr\tp6\tp6.sdk\.sdk\launch_scripts\xilinx_c-c++_application_(system_debugger)\system_debugger_using_debug_countdowntimer.elf_on_local.tcl'
17:04:47 INFO  : Connected to target on host '127.0.0.1' and port '3121'.
17:04:47 INFO  : 'targets -set -filter {jtag_cable_name =~ "Digilent Nexys4 210274674840A" && level==0} -index 0' command is executed.
17:04:49 INFO  : FPGA configured successfully with bitstream "D:/Universidade/cr/tp6/tp6.sdk/design_1_wrapper_hw_platform_0/download.bit"
17:05:40 INFO  : Disconnected from the channel tcfchan#3.
17:05:41 INFO  : 'targets -set -filter {jtag_cable_name =~ "Digilent Nexys4 210274674840A" && level==0} -index 0' command is executed.
17:05:41 INFO  : 'fpga -state' command is executed.
17:05:41 INFO  : Connected to target on host '127.0.0.1' and port '3121'.
17:05:41 INFO  : Jtag cable 'Digilent Nexys4 210274674840A' is selected.
17:05:41 INFO  : 'jtag frequency' command is executed.
17:05:41 INFO  : Context for processor 'microblaze_0' is selected.
17:05:41 INFO  : Processor reset is completed for 'microblaze_0'.
17:05:41 INFO  : Context for processor 'microblaze_0' is selected.
17:05:41 INFO  : The application 'D:/Universidade/cr/tp6/tp6.sdk/CountDownTimer/Debug/CountDownTimer.elf' is downloaded to processor 'microblaze_0'.
17:05:41 INFO  : ----------------XSDB Script----------------
connect -url tcp:127.0.0.1:3121
targets -set -nocase -filter {name =~ "microblaze*#0" && bscan=="USER2"  && jtag_cable_name =~ "Digilent Nexys4 210274674840A"} -index 0
rst -processor
targets -set -nocase -filter {name =~ "microblaze*#0" && bscan=="USER2"  && jtag_cable_name =~ "Digilent Nexys4 210274674840A"} -index 0
dow D:/Universidade/cr/tp6/tp6.sdk/CountDownTimer/Debug/CountDownTimer.elf
----------------End of Script----------------

17:05:41 INFO  : Memory regions updated for context MicroBlaze #0
17:05:41 INFO  : Memory regions updated for context MicroBlaze Debug Module at USER2
17:05:41 INFO  : Context for processor 'microblaze_0' is selected.
17:05:41 INFO  : 'con' command is executed.
17:05:41 INFO  : ----------------XSDB Script (After Launch)----------------
targets -set -nocase -filter {name =~ "microblaze*#0" && bscan=="USER2"  && jtag_cable_name =~ "Digilent Nexys4 210274674840A"} -index 0
con
----------------End of Script----------------

17:05:41 INFO  : Launch script is exported to file 'D:\Universidade\cr\tp6\tp6.sdk\.sdk\launch_scripts\xilinx_c-c++_application_(system_debugger)\system_debugger_using_debug_countdowntimer.elf_on_local.tcl'
17:06:32 INFO  : Connected to target on host '127.0.0.1' and port '3121'.
17:06:32 INFO  : 'targets -set -filter {jtag_cable_name =~ "Digilent Nexys4 210274674840A" && level==0} -index 0' command is executed.
17:06:34 INFO  : FPGA configured successfully with bitstream "D:/Universidade/cr/tp6/tp6.sdk/design_1_wrapper_hw_platform_0/download.bit"
17:08:05 INFO  : Disconnected from the channel tcfchan#4.
17:08:06 INFO  : 'targets -set -filter {jtag_cable_name =~ "Digilent Nexys4 210274674840A" && level==0} -index 0' command is executed.
17:08:06 INFO  : 'fpga -state' command is executed.
17:08:06 INFO  : Connected to target on host '127.0.0.1' and port '3121'.
17:08:07 INFO  : Jtag cable 'Digilent Nexys4 210274674840A' is selected.
17:08:07 INFO  : 'jtag frequency' command is executed.
17:08:07 INFO  : Context for processor 'microblaze_0' is selected.
17:08:07 INFO  : Processor reset is completed for 'microblaze_0'.
17:08:07 INFO  : Context for processor 'microblaze_0' is selected.
17:08:07 INFO  : The application 'D:/Universidade/cr/tp6/tp6.sdk/CountDownTimer/Debug/CountDownTimer.elf' is downloaded to processor 'microblaze_0'.
17:08:07 INFO  : ----------------XSDB Script----------------
connect -url tcp:127.0.0.1:3121
targets -set -nocase -filter {name =~ "microblaze*#0" && bscan=="USER2"  && jtag_cable_name =~ "Digilent Nexys4 210274674840A"} -index 0
rst -processor
targets -set -nocase -filter {name =~ "microblaze*#0" && bscan=="USER2"  && jtag_cable_name =~ "Digilent Nexys4 210274674840A"} -index 0
dow D:/Universidade/cr/tp6/tp6.sdk/CountDownTimer/Debug/CountDownTimer.elf
----------------End of Script----------------

17:08:07 INFO  : Memory regions updated for context MicroBlaze #0
17:08:07 INFO  : Memory regions updated for context MicroBlaze Debug Module at USER2
17:08:07 INFO  : Context for processor 'microblaze_0' is selected.
17:08:07 INFO  : 'con' command is executed.
17:08:07 INFO  : ----------------XSDB Script (After Launch)----------------
targets -set -nocase -filter {name =~ "microblaze*#0" && bscan=="USER2"  && jtag_cable_name =~ "Digilent Nexys4 210274674840A"} -index 0
con
----------------End of Script----------------

17:08:07 INFO  : Launch script is exported to file 'D:\Universidade\cr\tp6\tp6.sdk\.sdk\launch_scripts\xilinx_c-c++_application_(system_debugger)\system_debugger_using_debug_countdowntimer.elf_on_local.tcl'
17:09:03 INFO  : Connected to target on host '127.0.0.1' and port '3121'.
17:09:04 INFO  : 'targets -set -filter {jtag_cable_name =~ "Digilent Nexys4 210274674840A" && level==0} -index 0' command is executed.
17:09:06 INFO  : FPGA configured successfully with bitstream "D:/Universidade/cr/tp6/tp6.sdk/design_1_wrapper_hw_platform_0/download.bit"
17:11:32 INFO  : Disconnected from the channel tcfchan#5.
17:11:33 INFO  : 'targets -set -filter {jtag_cable_name =~ "Digilent Nexys4 210274674840A" && level==0} -index 0' command is executed.
17:11:34 INFO  : 'fpga -state' command is executed.
17:11:34 INFO  : Connected to target on host '127.0.0.1' and port '3121'.
17:11:34 INFO  : Jtag cable 'Digilent Nexys4 210274674840A' is selected.
17:11:34 INFO  : 'jtag frequency' command is executed.
17:11:34 INFO  : Context for processor 'microblaze_0' is selected.
17:11:34 INFO  : Processor reset is completed for 'microblaze_0'.
17:11:34 INFO  : Context for processor 'microblaze_0' is selected.
17:11:34 INFO  : The application 'D:/Universidade/cr/tp6/tp6.sdk/CountDownTimer/Debug/CountDownTimer.elf' is downloaded to processor 'microblaze_0'.
17:11:34 INFO  : ----------------XSDB Script----------------
connect -url tcp:127.0.0.1:3121
targets -set -nocase -filter {name =~ "microblaze*#0" && bscan=="USER2"  && jtag_cable_name =~ "Digilent Nexys4 210274674840A"} -index 0
rst -processor
targets -set -nocase -filter {name =~ "microblaze*#0" && bscan=="USER2"  && jtag_cable_name =~ "Digilent Nexys4 210274674840A"} -index 0
dow D:/Universidade/cr/tp6/tp6.sdk/CountDownTimer/Debug/CountDownTimer.elf
----------------End of Script----------------

17:11:34 INFO  : Memory regions updated for context MicroBlaze #0
17:11:34 INFO  : Memory regions updated for context MicroBlaze Debug Module at USER2
17:11:34 INFO  : Context for processor 'microblaze_0' is selected.
17:11:34 INFO  : 'con' command is executed.
17:11:34 INFO  : ----------------XSDB Script (After Launch)----------------
targets -set -nocase -filter {name =~ "microblaze*#0" && bscan=="USER2"  && jtag_cable_name =~ "Digilent Nexys4 210274674840A"} -index 0
con
----------------End of Script----------------

17:11:34 INFO  : Launch script is exported to file 'D:\Universidade\cr\tp6\tp6.sdk\.sdk\launch_scripts\xilinx_c-c++_application_(system_debugger)\system_debugger_using_debug_countdowntimer.elf_on_local.tcl'
17:37:28 INFO  : Disconnected from the channel tcfchan#6.
