
*** Running vivado
    with args -log design_1_wrapper.vds -m64 -product Vivado -mode batch -messageDb vivado.pb -notrace -source design_1_wrapper.tcl


****** Vivado v2017.4 (64-bit)
  **** SW Build 2086221 on Fri Dec 15 20:55:39 MST 2017
  **** IP Build 2085800 on Fri Dec 15 22:25:07 MST 2017
    ** Copyright 1986-2017 Xilinx, Inc. All Rights Reserved.

source design_1_wrapper.tcl -notrace
INFO: [IP_Flow 19-234] Refreshing IP repositories
INFO: [IP_Flow 19-1704] No user IP repositories specified
INFO: [IP_Flow 19-2313] Loaded Vivado IP repository 'C:/Xilinx/Vivado/2017.4/data/ip'.
add_files: Time (s): cpu = 00:00:05 ; elapsed = 00:00:06 . Memory (MB): peak = 279.418 ; gain = 51.004
Command: synth_design -top design_1_wrapper -part xc7a100tcsg324-1
Starting synth_design
Attempting to get a license for feature 'Synthesis' and/or device 'xc7a100t'
INFO: [Common 17-349] Got license for feature 'Synthesis' and/or device 'xc7a100t'
INFO: Launching helper process for spawning children vivado processes
INFO: Helper process launched with PID 1880 
---------------------------------------------------------------------------------
Starting RTL Elaboration : Time (s): cpu = 00:00:07 ; elapsed = 00:00:07 . Memory (MB): peak = 389.254 ; gain = 102.914
---------------------------------------------------------------------------------
INFO: [Synth 8-638] synthesizing module 'design_1_wrapper' [D:/Universidade/cr/StreamCopDemo/StreamCopDemo.srcs/sources_1/bd/design_1/hdl/design_1_wrapper.vhd:32]
INFO: [Synth 8-3491] module 'IOBUF' declared at 'C:/Xilinx/Vivado/2017.4/scripts/rt/data/unisim_comp.v:22655' bound to instance 'cellular_ram_dq_iobuf_0' of component 'IOBUF' [D:/Universidade/cr/StreamCopDemo/StreamCopDemo.srcs/sources_1/bd/design_1/hdl/design_1_wrapper.vhd:125]
INFO: [Synth 8-638] synthesizing module 'IOBUF' [C:/Xilinx/Vivado/2017.4/scripts/rt/data/unisim_comp.v:22655]
	Parameter DRIVE bound to: 12 - type: integer 
	Parameter IBUF_LOW_PWR bound to: TRUE - type: string 
	Parameter IOSTANDARD bound to: DEFAULT - type: string 
	Parameter SLEW bound to: SLOW - type: string 
INFO: [Synth 8-256] done synthesizing module 'IOBUF' (1#1) [C:/Xilinx/Vivado/2017.4/scripts/rt/data/unisim_comp.v:22655]
INFO: [Synth 8-3491] module 'IOBUF' declared at 'C:/Xilinx/Vivado/2017.4/scripts/rt/data/unisim_comp.v:22655' bound to instance 'cellular_ram_dq_iobuf_1' of component 'IOBUF' [D:/Universidade/cr/StreamCopDemo/StreamCopDemo.srcs/sources_1/bd/design_1/hdl/design_1_wrapper.vhd:132]
INFO: [Synth 8-3491] module 'IOBUF' declared at 'C:/Xilinx/Vivado/2017.4/scripts/rt/data/unisim_comp.v:22655' bound to instance 'cellular_ram_dq_iobuf_10' of component 'IOBUF' [D:/Universidade/cr/StreamCopDemo/StreamCopDemo.srcs/sources_1/bd/design_1/hdl/design_1_wrapper.vhd:139]
INFO: [Synth 8-3491] module 'IOBUF' declared at 'C:/Xilinx/Vivado/2017.4/scripts/rt/data/unisim_comp.v:22655' bound to instance 'cellular_ram_dq_iobuf_11' of component 'IOBUF' [D:/Universidade/cr/StreamCopDemo/StreamCopDemo.srcs/sources_1/bd/design_1/hdl/design_1_wrapper.vhd:146]
INFO: [Synth 8-3491] module 'IOBUF' declared at 'C:/Xilinx/Vivado/2017.4/scripts/rt/data/unisim_comp.v:22655' bound to instance 'cellular_ram_dq_iobuf_12' of component 'IOBUF' [D:/Universidade/cr/StreamCopDemo/StreamCopDemo.srcs/sources_1/bd/design_1/hdl/design_1_wrapper.vhd:153]
INFO: [Synth 8-3491] module 'IOBUF' declared at 'C:/Xilinx/Vivado/2017.4/scripts/rt/data/unisim_comp.v:22655' bound to instance 'cellular_ram_dq_iobuf_13' of component 'IOBUF' [D:/Universidade/cr/StreamCopDemo/StreamCopDemo.srcs/sources_1/bd/design_1/hdl/design_1_wrapper.vhd:160]
INFO: [Synth 8-3491] module 'IOBUF' declared at 'C:/Xilinx/Vivado/2017.4/scripts/rt/data/unisim_comp.v:22655' bound to instance 'cellular_ram_dq_iobuf_14' of component 'IOBUF' [D:/Universidade/cr/StreamCopDemo/StreamCopDemo.srcs/sources_1/bd/design_1/hdl/design_1_wrapper.vhd:167]
INFO: [Synth 8-3491] module 'IOBUF' declared at 'C:/Xilinx/Vivado/2017.4/scripts/rt/data/unisim_comp.v:22655' bound to instance 'cellular_ram_dq_iobuf_15' of component 'IOBUF' [D:/Universidade/cr/StreamCopDemo/StreamCopDemo.srcs/sources_1/bd/design_1/hdl/design_1_wrapper.vhd:174]
INFO: [Synth 8-3491] module 'IOBUF' declared at 'C:/Xilinx/Vivado/2017.4/scripts/rt/data/unisim_comp.v:22655' bound to instance 'cellular_ram_dq_iobuf_2' of component 'IOBUF' [D:/Universidade/cr/StreamCopDemo/StreamCopDemo.srcs/sources_1/bd/design_1/hdl/design_1_wrapper.vhd:181]
INFO: [Synth 8-3491] module 'IOBUF' declared at 'C:/Xilinx/Vivado/2017.4/scripts/rt/data/unisim_comp.v:22655' bound to instance 'cellular_ram_dq_iobuf_3' of component 'IOBUF' [D:/Universidade/cr/StreamCopDemo/StreamCopDemo.srcs/sources_1/bd/design_1/hdl/design_1_wrapper.vhd:188]
INFO: [Synth 8-3491] module 'IOBUF' declared at 'C:/Xilinx/Vivado/2017.4/scripts/rt/data/unisim_comp.v:22655' bound to instance 'cellular_ram_dq_iobuf_4' of component 'IOBUF' [D:/Universidade/cr/StreamCopDemo/StreamCopDemo.srcs/sources_1/bd/design_1/hdl/design_1_wrapper.vhd:195]
INFO: [Synth 8-3491] module 'IOBUF' declared at 'C:/Xilinx/Vivado/2017.4/scripts/rt/data/unisim_comp.v:22655' bound to instance 'cellular_ram_dq_iobuf_5' of component 'IOBUF' [D:/Universidade/cr/StreamCopDemo/StreamCopDemo.srcs/sources_1/bd/design_1/hdl/design_1_wrapper.vhd:202]
INFO: [Synth 8-3491] module 'IOBUF' declared at 'C:/Xilinx/Vivado/2017.4/scripts/rt/data/unisim_comp.v:22655' bound to instance 'cellular_ram_dq_iobuf_6' of component 'IOBUF' [D:/Universidade/cr/StreamCopDemo/StreamCopDemo.srcs/sources_1/bd/design_1/hdl/design_1_wrapper.vhd:209]
INFO: [Synth 8-3491] module 'IOBUF' declared at 'C:/Xilinx/Vivado/2017.4/scripts/rt/data/unisim_comp.v:22655' bound to instance 'cellular_ram_dq_iobuf_7' of component 'IOBUF' [D:/Universidade/cr/StreamCopDemo/StreamCopDemo.srcs/sources_1/bd/design_1/hdl/design_1_wrapper.vhd:216]
INFO: [Synth 8-3491] module 'IOBUF' declared at 'C:/Xilinx/Vivado/2017.4/scripts/rt/data/unisim_comp.v:22655' bound to instance 'cellular_ram_dq_iobuf_8' of component 'IOBUF' [D:/Universidade/cr/StreamCopDemo/StreamCopDemo.srcs/sources_1/bd/design_1/hdl/design_1_wrapper.vhd:223]
INFO: [Synth 8-3491] module 'IOBUF' declared at 'C:/Xilinx/Vivado/2017.4/scripts/rt/data/unisim_comp.v:22655' bound to instance 'cellular_ram_dq_iobuf_9' of component 'IOBUF' [D:/Universidade/cr/StreamCopDemo/StreamCopDemo.srcs/sources_1/bd/design_1/hdl/design_1_wrapper.vhd:230]
INFO: [Synth 8-3491] module 'design_1' declared at 'D:/Universidade/cr/StreamCopDemo/StreamCopDemo.srcs/sources_1/bd/design_1/synth/design_1.vhd:1620' bound to instance 'design_1_i' of component 'design_1' [D:/Universidade/cr/StreamCopDemo/StreamCopDemo.srcs/sources_1/bd/design_1/hdl/design_1_wrapper.vhd:237]
INFO: [Synth 8-638] synthesizing module 'design_1' [D:/Universidade/cr/StreamCopDemo/StreamCopDemo.srcs/sources_1/bd/design_1/synth/design_1.vhd:1644]
INFO: [Synth 8-3491] module 'design_1_axi_emc_0_0' declared at 'D:/Universidade/cr/StreamCopDemo/StreamCopDemo.runs/synth_1/.Xil/Vivado-4860-DESKTOP-1UKU17Q/realtime/design_1_axi_emc_0_0_stub.vhdl:5' bound to instance 'axi_emc_0' of component 'design_1_axi_emc_0_0' [D:/Universidade/cr/StreamCopDemo/StreamCopDemo.srcs/sources_1/bd/design_1/synth/design_1.vhd:1996]
INFO: [Synth 8-638] synthesizing module 'design_1_axi_emc_0_0' [D:/Universidade/cr/StreamCopDemo/StreamCopDemo.runs/synth_1/.Xil/Vivado-4860-DESKTOP-1UKU17Q/realtime/design_1_axi_emc_0_0_stub.vhdl:62]
INFO: [Synth 8-638] synthesizing module 'design_1_axi_mem_intercon_0' [D:/Universidade/cr/StreamCopDemo/StreamCopDemo.srcs/sources_1/bd/design_1/synth/design_1.vhd:1157]
INFO: [Synth 8-638] synthesizing module 'm00_couplers_imp_1R706YB' [D:/Universidade/cr/StreamCopDemo/StreamCopDemo.srcs/sources_1/bd/design_1/synth/design_1.vhd:73]
INFO: [Synth 8-3491] module 'design_1_auto_pc_0' declared at 'D:/Universidade/cr/StreamCopDemo/StreamCopDemo.runs/synth_1/.Xil/Vivado-4860-DESKTOP-1UKU17Q/realtime/design_1_auto_pc_0_stub.vhdl:5' bound to instance 'auto_pc' of component 'design_1_auto_pc_0' [D:/Universidade/cr/StreamCopDemo/StreamCopDemo.srcs/sources_1/bd/design_1/synth/design_1.vhd:243]
INFO: [Synth 8-638] synthesizing module 'design_1_auto_pc_0' [D:/Universidade/cr/StreamCopDemo/StreamCopDemo.runs/synth_1/.Xil/Vivado-4860-DESKTOP-1UKU17Q/realtime/design_1_auto_pc_0_stub.vhdl:67]
INFO: [Synth 8-256] done synthesizing module 'm00_couplers_imp_1R706YB' (2#1) [D:/Universidade/cr/StreamCopDemo/StreamCopDemo.srcs/sources_1/bd/design_1/synth/design_1.vhd:73]
INFO: [Synth 8-638] synthesizing module 'm01_couplers_imp_3HM21E' [D:/Universidade/cr/StreamCopDemo/StreamCopDemo.srcs/sources_1/bd/design_1/synth/design_1.vhd:350]
INFO: [Synth 8-256] done synthesizing module 'm01_couplers_imp_3HM21E' (3#1) [D:/Universidade/cr/StreamCopDemo/StreamCopDemo.srcs/sources_1/bd/design_1/synth/design_1.vhd:350]
INFO: [Synth 8-638] synthesizing module 's00_couplers_imp_7HNO1D' [D:/Universidade/cr/StreamCopDemo/StreamCopDemo.srcs/sources_1/bd/design_1/synth/design_1.vhd:1013]
INFO: [Synth 8-256] done synthesizing module 's00_couplers_imp_7HNO1D' (4#1) [D:/Universidade/cr/StreamCopDemo/StreamCopDemo.srcs/sources_1/bd/design_1/synth/design_1.vhd:1013]
INFO: [Synth 8-3491] module 'design_1_xbar_0' declared at 'D:/Universidade/cr/StreamCopDemo/StreamCopDemo.runs/synth_1/.Xil/Vivado-4860-DESKTOP-1UKU17Q/realtime/design_1_xbar_0_stub.vhdl:5' bound to instance 'xbar' of component 'design_1_xbar_0' [D:/Universidade/cr/StreamCopDemo/StreamCopDemo.srcs/sources_1/bd/design_1/synth/design_1.vhd:1553]
INFO: [Synth 8-638] synthesizing module 'design_1_xbar_0' [D:/Universidade/cr/StreamCopDemo/StreamCopDemo.runs/synth_1/.Xil/Vivado-4860-DESKTOP-1UKU17Q/realtime/design_1_xbar_0_stub.vhdl:51]
INFO: [Synth 8-256] done synthesizing module 'design_1_axi_mem_intercon_0' (5#1) [D:/Universidade/cr/StreamCopDemo/StreamCopDemo.srcs/sources_1/bd/design_1/synth/design_1.vhd:1157]
INFO: [Synth 8-3491] module 'design_1_axi_uartlite_0_0' declared at 'D:/Universidade/cr/StreamCopDemo/StreamCopDemo.runs/synth_1/.Xil/Vivado-4860-DESKTOP-1UKU17Q/realtime/design_1_axi_uartlite_0_0_stub.vhdl:5' bound to instance 'axi_uartlite_0' of component 'design_1_axi_uartlite_0_0' [D:/Universidade/cr/StreamCopDemo/StreamCopDemo.srcs/sources_1/bd/design_1/synth/design_1.vhd:2129]
INFO: [Synth 8-638] synthesizing module 'design_1_axi_uartlite_0_0' [D:/Universidade/cr/StreamCopDemo/StreamCopDemo.runs/synth_1/.Xil/Vivado-4860-DESKTOP-1UKU17Q/realtime/design_1_axi_uartlite_0_0_stub.vhdl:33]
INFO: [Synth 8-3491] module 'design_1_clk_wiz_1_0' declared at 'D:/Universidade/cr/StreamCopDemo/StreamCopDemo.runs/synth_1/.Xil/Vivado-4860-DESKTOP-1UKU17Q/realtime/design_1_clk_wiz_1_0_stub.vhdl:5' bound to instance 'clk_wiz_1' of component 'design_1_clk_wiz_1_0' [D:/Universidade/cr/StreamCopDemo/StreamCopDemo.srcs/sources_1/bd/design_1/synth/design_1.vhd:2154]
INFO: [Synth 8-638] synthesizing module 'design_1_clk_wiz_1_0' [D:/Universidade/cr/StreamCopDemo/StreamCopDemo.runs/synth_1/.Xil/Vivado-4860-DESKTOP-1UKU17Q/realtime/design_1_clk_wiz_1_0_stub.vhdl:15]
INFO: [Synth 8-3491] module 'design_1_mdm_1_0' declared at 'D:/Universidade/cr/StreamCopDemo/StreamCopDemo.runs/synth_1/.Xil/Vivado-4860-DESKTOP-1UKU17Q/realtime/design_1_mdm_1_0_stub.vhdl:5' bound to instance 'mdm_1' of component 'design_1_mdm_1_0' [D:/Universidade/cr/StreamCopDemo/StreamCopDemo.srcs/sources_1/bd/design_1/synth/design_1.vhd:2161]
INFO: [Synth 8-638] synthesizing module 'design_1_mdm_1_0' [D:/Universidade/cr/StreamCopDemo/StreamCopDemo.runs/synth_1/.Xil/Vivado-4860-DESKTOP-1UKU17Q/realtime/design_1_mdm_1_0_stub.vhdl:21]
INFO: [Synth 8-3491] module 'design_1_microblaze_0_0' declared at 'D:/Universidade/cr/StreamCopDemo/StreamCopDemo.runs/synth_1/.Xil/Vivado-4860-DESKTOP-1UKU17Q/realtime/design_1_microblaze_0_0_stub.vhdl:5' bound to instance 'microblaze_0' of component 'design_1_microblaze_0_0' [D:/Universidade/cr/StreamCopDemo/StreamCopDemo.srcs/sources_1/bd/design_1/synth/design_1.vhd:2174]
INFO: [Synth 8-638] synthesizing module 'design_1_microblaze_0_0' [D:/Universidade/cr/StreamCopDemo/StreamCopDemo.runs/synth_1/.Xil/Vivado-4860-DESKTOP-1UKU17Q/realtime/design_1_microblaze_0_0_stub.vhdl:71]
INFO: [Synth 8-638] synthesizing module 'microblaze_0_local_memory_imp_1K0VQXK' [D:/Universidade/cr/StreamCopDemo/StreamCopDemo.srcs/sources_1/bd/design_1/synth/design_1.vhd:434]
INFO: [Synth 8-3491] module 'design_1_dlmb_bram_if_cntlr_0' declared at 'D:/Universidade/cr/StreamCopDemo/StreamCopDemo.runs/synth_1/.Xil/Vivado-4860-DESKTOP-1UKU17Q/realtime/design_1_dlmb_bram_if_cntlr_0_stub.vhdl:5' bound to instance 'dlmb_bram_if_cntlr' of component 'design_1_dlmb_bram_if_cntlr_0' [D:/Universidade/cr/StreamCopDemo/StreamCopDemo.srcs/sources_1/bd/design_1/synth/design_1.vhd:648]
INFO: [Synth 8-638] synthesizing module 'design_1_dlmb_bram_if_cntlr_0' [D:/Universidade/cr/StreamCopDemo/StreamCopDemo.runs/synth_1/.Xil/Vivado-4860-DESKTOP-1UKU17Q/realtime/design_1_dlmb_bram_if_cntlr_0_stub.vhdl:31]
INFO: [Synth 8-3491] module 'design_1_dlmb_v10_0' declared at 'D:/Universidade/cr/StreamCopDemo/StreamCopDemo.runs/synth_1/.Xil/Vivado-4860-DESKTOP-1UKU17Q/realtime/design_1_dlmb_v10_0_stub.vhdl:5' bound to instance 'dlmb_v10' of component 'design_1_dlmb_v10_0' [D:/Universidade/cr/StreamCopDemo/StreamCopDemo.srcs/sources_1/bd/design_1/synth/design_1.vhd:702]
INFO: [Synth 8-638] synthesizing module 'design_1_dlmb_v10_0' [D:/Universidade/cr/StreamCopDemo/StreamCopDemo.runs/synth_1/.Xil/Vivado-4860-DESKTOP-1UKU17Q/realtime/design_1_dlmb_v10_0_stub.vhdl:36]
INFO: [Synth 8-3491] module 'design_1_ilmb_bram_if_cntlr_0' declared at 'D:/Universidade/cr/StreamCopDemo/StreamCopDemo.runs/synth_1/.Xil/Vivado-4860-DESKTOP-1UKU17Q/realtime/design_1_ilmb_bram_if_cntlr_0_stub.vhdl:5' bound to instance 'ilmb_bram_if_cntlr' of component 'design_1_ilmb_bram_if_cntlr_0' [D:/Universidade/cr/StreamCopDemo/StreamCopDemo.srcs/sources_1/bd/design_1/synth/design_1.vhd:730]
INFO: [Synth 8-638] synthesizing module 'design_1_ilmb_bram_if_cntlr_0' [D:/Universidade/cr/StreamCopDemo/StreamCopDemo.runs/synth_1/.Xil/Vivado-4860-DESKTOP-1UKU17Q/realtime/design_1_ilmb_bram_if_cntlr_0_stub.vhdl:31]
INFO: [Synth 8-3491] module 'design_1_ilmb_v10_0' declared at 'D:/Universidade/cr/StreamCopDemo/StreamCopDemo.runs/synth_1/.Xil/Vivado-4860-DESKTOP-1UKU17Q/realtime/design_1_ilmb_v10_0_stub.vhdl:5' bound to instance 'ilmb_v10' of component 'design_1_ilmb_v10_0' [D:/Universidade/cr/StreamCopDemo/StreamCopDemo.srcs/sources_1/bd/design_1/synth/design_1.vhd:784]
INFO: [Synth 8-638] synthesizing module 'design_1_ilmb_v10_0' [D:/Universidade/cr/StreamCopDemo/StreamCopDemo.runs/synth_1/.Xil/Vivado-4860-DESKTOP-1UKU17Q/realtime/design_1_ilmb_v10_0_stub.vhdl:36]
INFO: [Synth 8-3491] module 'design_1_lmb_bram_0' declared at 'D:/Universidade/cr/StreamCopDemo/StreamCopDemo.runs/synth_1/.Xil/Vivado-4860-DESKTOP-1UKU17Q/realtime/design_1_lmb_bram_0_stub.vhdl:5' bound to instance 'lmb_bram' of component 'design_1_lmb_bram_0' [D:/Universidade/cr/StreamCopDemo/StreamCopDemo.srcs/sources_1/bd/design_1/synth/design_1.vhd:812]
INFO: [Synth 8-638] synthesizing module 'design_1_lmb_bram_0' [D:/Universidade/cr/StreamCopDemo/StreamCopDemo.runs/synth_1/.Xil/Vivado-4860-DESKTOP-1UKU17Q/realtime/design_1_lmb_bram_0_stub.vhdl:27]
INFO: [Synth 8-256] done synthesizing module 'microblaze_0_local_memory_imp_1K0VQXK' (6#1) [D:/Universidade/cr/StreamCopDemo/StreamCopDemo.srcs/sources_1/bd/design_1/synth/design_1.vhd:434]
INFO: [Synth 8-3491] module 'design_1_rst_clk_wiz_1_100M_0' declared at 'D:/Universidade/cr/StreamCopDemo/StreamCopDemo.runs/synth_1/.Xil/Vivado-4860-DESKTOP-1UKU17Q/realtime/design_1_rst_clk_wiz_1_100M_0_stub.vhdl:5' bound to instance 'rst_clk_wiz_1_100M' of component 'design_1_rst_clk_wiz_1_100M_0' [D:/Universidade/cr/StreamCopDemo/StreamCopDemo.srcs/sources_1/bd/design_1/synth/design_1.vhd:2261]
INFO: [Synth 8-638] synthesizing module 'design_1_rst_clk_wiz_1_100M_0' [D:/Universidade/cr/StreamCopDemo/StreamCopDemo.runs/synth_1/.Xil/Vivado-4860-DESKTOP-1UKU17Q/realtime/design_1_rst_clk_wiz_1_100M_0_stub.vhdl:21]
INFO: [Synth 8-256] done synthesizing module 'design_1' (7#1) [D:/Universidade/cr/StreamCopDemo/StreamCopDemo.srcs/sources_1/bd/design_1/synth/design_1.vhd:1644]
INFO: [Synth 8-256] done synthesizing module 'design_1_wrapper' (8#1) [D:/Universidade/cr/StreamCopDemo/StreamCopDemo.srcs/sources_1/bd/design_1/hdl/design_1_wrapper.vhd:32]
WARNING: [Synth 8-3331] design s00_couplers_imp_7HNO1D has unconnected port M_ACLK
WARNING: [Synth 8-3331] design s00_couplers_imp_7HNO1D has unconnected port M_ARESETN
WARNING: [Synth 8-3331] design s00_couplers_imp_7HNO1D has unconnected port S_ACLK
WARNING: [Synth 8-3331] design s00_couplers_imp_7HNO1D has unconnected port S_ARESETN
WARNING: [Synth 8-3331] design m01_couplers_imp_3HM21E has unconnected port M_ACLK
WARNING: [Synth 8-3331] design m01_couplers_imp_3HM21E has unconnected port M_ARESETN
WARNING: [Synth 8-3331] design m01_couplers_imp_3HM21E has unconnected port S_ACLK
WARNING: [Synth 8-3331] design m01_couplers_imp_3HM21E has unconnected port S_ARESETN
WARNING: [Synth 8-3331] design m00_couplers_imp_1R706YB has unconnected port M_ACLK
WARNING: [Synth 8-3331] design m00_couplers_imp_1R706YB has unconnected port M_ARESETN
---------------------------------------------------------------------------------
Finished RTL Elaboration : Time (s): cpu = 00:00:09 ; elapsed = 00:00:09 . Memory (MB): peak = 443.816 ; gain = 157.477
---------------------------------------------------------------------------------

Report Check Netlist: 
+------+------------------+-------+---------+-------+------------------+
|      |Item              |Errors |Warnings |Status |Description       |
+------+------------------+-------+---------+-------+------------------+
|1     |multi_driven_nets |      0|        0|Passed |Multi driven nets |
+------+------------------+-------+---------+-------+------------------+
---------------------------------------------------------------------------------
Finished RTL Optimization Phase 1 : Time (s): cpu = 00:00:09 ; elapsed = 00:00:09 . Memory (MB): peak = 443.816 ; gain = 157.477
---------------------------------------------------------------------------------
INFO: [Netlist 29-17] Analyzing 16 Unisim elements for replacement
INFO: [Netlist 29-28] Unisim Transformation completed in 0 CPU seconds
INFO: [Device 21-403] Loading part xc7a100tcsg324-1
INFO: [Project 1-570] Preparing netlist for logic optimization

Processing XDC Constraints
Initializing timing engine
Parsing XDC File [D:/Universidade/cr/StreamCopDemo/StreamCopDemo.runs/synth_1/.Xil/Vivado-4860-DESKTOP-1UKU17Q/dcp13/design_1_microblaze_0_0_in_context.xdc] for cell 'design_1_i/microblaze_0'
Finished Parsing XDC File [D:/Universidade/cr/StreamCopDemo/StreamCopDemo.runs/synth_1/.Xil/Vivado-4860-DESKTOP-1UKU17Q/dcp13/design_1_microblaze_0_0_in_context.xdc] for cell 'design_1_i/microblaze_0'
Parsing XDC File [D:/Universidade/cr/StreamCopDemo/StreamCopDemo.runs/synth_1/.Xil/Vivado-4860-DESKTOP-1UKU17Q/dcp14/design_1_mdm_1_0_in_context.xdc] for cell 'design_1_i/mdm_1'
Finished Parsing XDC File [D:/Universidade/cr/StreamCopDemo/StreamCopDemo.runs/synth_1/.Xil/Vivado-4860-DESKTOP-1UKU17Q/dcp14/design_1_mdm_1_0_in_context.xdc] for cell 'design_1_i/mdm_1'
Parsing XDC File [D:/Universidade/cr/StreamCopDemo/StreamCopDemo.runs/synth_1/.Xil/Vivado-4860-DESKTOP-1UKU17Q/dcp15/design_1_clk_wiz_1_0_in_context.xdc] for cell 'design_1_i/clk_wiz_1'
Finished Parsing XDC File [D:/Universidade/cr/StreamCopDemo/StreamCopDemo.runs/synth_1/.Xil/Vivado-4860-DESKTOP-1UKU17Q/dcp15/design_1_clk_wiz_1_0_in_context.xdc] for cell 'design_1_i/clk_wiz_1'
Parsing XDC File [D:/Universidade/cr/StreamCopDemo/StreamCopDemo.runs/synth_1/.Xil/Vivado-4860-DESKTOP-1UKU17Q/dcp16/design_1_rst_clk_wiz_1_100M_0_in_context.xdc] for cell 'design_1_i/rst_clk_wiz_1_100M'
Finished Parsing XDC File [D:/Universidade/cr/StreamCopDemo/StreamCopDemo.runs/synth_1/.Xil/Vivado-4860-DESKTOP-1UKU17Q/dcp16/design_1_rst_clk_wiz_1_100M_0_in_context.xdc] for cell 'design_1_i/rst_clk_wiz_1_100M'
Parsing XDC File [D:/Universidade/cr/StreamCopDemo/StreamCopDemo.runs/synth_1/.Xil/Vivado-4860-DESKTOP-1UKU17Q/dcp17/design_1_axi_emc_0_0_in_context.xdc] for cell 'design_1_i/axi_emc_0'
Finished Parsing XDC File [D:/Universidade/cr/StreamCopDemo/StreamCopDemo.runs/synth_1/.Xil/Vivado-4860-DESKTOP-1UKU17Q/dcp17/design_1_axi_emc_0_0_in_context.xdc] for cell 'design_1_i/axi_emc_0'
Parsing XDC File [D:/Universidade/cr/StreamCopDemo/StreamCopDemo.runs/synth_1/.Xil/Vivado-4860-DESKTOP-1UKU17Q/dcp18/design_1_axi_uartlite_0_0_in_context.xdc] for cell 'design_1_i/axi_uartlite_0'
Finished Parsing XDC File [D:/Universidade/cr/StreamCopDemo/StreamCopDemo.runs/synth_1/.Xil/Vivado-4860-DESKTOP-1UKU17Q/dcp18/design_1_axi_uartlite_0_0_in_context.xdc] for cell 'design_1_i/axi_uartlite_0'
Parsing XDC File [D:/Universidade/cr/StreamCopDemo/StreamCopDemo.runs/synth_1/.Xil/Vivado-4860-DESKTOP-1UKU17Q/dcp19/design_1_xbar_0_in_context.xdc] for cell 'design_1_i/axi_mem_intercon/xbar'
Finished Parsing XDC File [D:/Universidade/cr/StreamCopDemo/StreamCopDemo.runs/synth_1/.Xil/Vivado-4860-DESKTOP-1UKU17Q/dcp19/design_1_xbar_0_in_context.xdc] for cell 'design_1_i/axi_mem_intercon/xbar'
Parsing XDC File [D:/Universidade/cr/StreamCopDemo/StreamCopDemo.runs/synth_1/.Xil/Vivado-4860-DESKTOP-1UKU17Q/dcp20/design_1_ilmb_v10_0_in_context.xdc] for cell 'design_1_i/microblaze_0_local_memory/dlmb_v10'
Finished Parsing XDC File [D:/Universidade/cr/StreamCopDemo/StreamCopDemo.runs/synth_1/.Xil/Vivado-4860-DESKTOP-1UKU17Q/dcp20/design_1_ilmb_v10_0_in_context.xdc] for cell 'design_1_i/microblaze_0_local_memory/dlmb_v10'
Parsing XDC File [D:/Universidade/cr/StreamCopDemo/StreamCopDemo.runs/synth_1/.Xil/Vivado-4860-DESKTOP-1UKU17Q/dcp21/design_1_ilmb_v10_0_in_context.xdc] for cell 'design_1_i/microblaze_0_local_memory/ilmb_v10'
Finished Parsing XDC File [D:/Universidade/cr/StreamCopDemo/StreamCopDemo.runs/synth_1/.Xil/Vivado-4860-DESKTOP-1UKU17Q/dcp21/design_1_ilmb_v10_0_in_context.xdc] for cell 'design_1_i/microblaze_0_local_memory/ilmb_v10'
Parsing XDC File [D:/Universidade/cr/StreamCopDemo/StreamCopDemo.runs/synth_1/.Xil/Vivado-4860-DESKTOP-1UKU17Q/dcp22/design_1_dlmb_bram_if_cntlr_0_in_context.xdc] for cell 'design_1_i/microblaze_0_local_memory/dlmb_bram_if_cntlr'
Finished Parsing XDC File [D:/Universidade/cr/StreamCopDemo/StreamCopDemo.runs/synth_1/.Xil/Vivado-4860-DESKTOP-1UKU17Q/dcp22/design_1_dlmb_bram_if_cntlr_0_in_context.xdc] for cell 'design_1_i/microblaze_0_local_memory/dlmb_bram_if_cntlr'
Parsing XDC File [D:/Universidade/cr/StreamCopDemo/StreamCopDemo.runs/synth_1/.Xil/Vivado-4860-DESKTOP-1UKU17Q/dcp23/design_1_ilmb_bram_if_cntlr_0_in_context.xdc] for cell 'design_1_i/microblaze_0_local_memory/ilmb_bram_if_cntlr'
Finished Parsing XDC File [D:/Universidade/cr/StreamCopDemo/StreamCopDemo.runs/synth_1/.Xil/Vivado-4860-DESKTOP-1UKU17Q/dcp23/design_1_ilmb_bram_if_cntlr_0_in_context.xdc] for cell 'design_1_i/microblaze_0_local_memory/ilmb_bram_if_cntlr'
Parsing XDC File [D:/Universidade/cr/StreamCopDemo/StreamCopDemo.runs/synth_1/.Xil/Vivado-4860-DESKTOP-1UKU17Q/dcp24/design_1_lmb_bram_0_in_context.xdc] for cell 'design_1_i/microblaze_0_local_memory/lmb_bram'
Finished Parsing XDC File [D:/Universidade/cr/StreamCopDemo/StreamCopDemo.runs/synth_1/.Xil/Vivado-4860-DESKTOP-1UKU17Q/dcp24/design_1_lmb_bram_0_in_context.xdc] for cell 'design_1_i/microblaze_0_local_memory/lmb_bram'
Parsing XDC File [D:/Universidade/cr/StreamCopDemo/StreamCopDemo.runs/synth_1/.Xil/Vivado-4860-DESKTOP-1UKU17Q/dcp25/design_1_auto_pc_0_in_context.xdc] for cell 'design_1_i/axi_mem_intercon/m00_couplers/auto_pc'
Finished Parsing XDC File [D:/Universidade/cr/StreamCopDemo/StreamCopDemo.runs/synth_1/.Xil/Vivado-4860-DESKTOP-1UKU17Q/dcp25/design_1_auto_pc_0_in_context.xdc] for cell 'design_1_i/axi_mem_intercon/m00_couplers/auto_pc'
Parsing XDC File [D:/Universidade/cr/StreamCopDemo/StreamCopDemo.runs/synth_1/dont_touch.xdc]
Finished Parsing XDC File [D:/Universidade/cr/StreamCopDemo/StreamCopDemo.runs/synth_1/dont_touch.xdc]
Completed Processing XDC Constraints

INFO: [Project 1-111] Unisim Transformation Summary:
  A total of 16 instances were transformed.
  IOBUF => IOBUF (IBUF, OBUFT): 16 instances

Constraint Validation Runtime : Time (s): cpu = 00:00:00 ; elapsed = 00:00:00.049 . Memory (MB): peak = 761.242 ; gain = 0.000
WARNING: [Timing 38-316] Clock period '20.000' specified during out-of-context synthesis of instance 'design_1_i/microblaze_0_local_memory/lmb_bram' at clock pin 'clka' is different from the actual clock period '10.000', this can lead to different synthesis results.
---------------------------------------------------------------------------------
Finished Constraint Validation : Time (s): cpu = 00:00:24 ; elapsed = 00:00:27 . Memory (MB): peak = 762.746 ; gain = 476.406
---------------------------------------------------------------------------------
---------------------------------------------------------------------------------
Start Loading Part and Timing Information
---------------------------------------------------------------------------------
Loading part: xc7a100tcsg324-1
---------------------------------------------------------------------------------
Finished Loading Part and Timing Information : Time (s): cpu = 00:00:24 ; elapsed = 00:00:27 . Memory (MB): peak = 762.746 ; gain = 476.406
---------------------------------------------------------------------------------
---------------------------------------------------------------------------------
Start Applying 'set_property' XDC Constraints
---------------------------------------------------------------------------------
Applied set_property IO_BUFFER_TYPE = NONE for sys_clock. (constraint file  D:/Universidade/cr/StreamCopDemo/StreamCopDemo.runs/synth_1/.Xil/Vivado-4860-DESKTOP-1UKU17Q/dcp15/design_1_clk_wiz_1_0_in_context.xdc, line 3).
Applied set_property CLOCK_BUFFER_TYPE = NONE for sys_clock. (constraint file  D:/Universidade/cr/StreamCopDemo/StreamCopDemo.runs/synth_1/.Xil/Vivado-4860-DESKTOP-1UKU17Q/dcp15/design_1_clk_wiz_1_0_in_context.xdc, line 4).
Applied set_property DONT_TOUCH = true for design_1_i. (constraint file  auto generated constraint, line ).
Applied set_property DONT_TOUCH = true for design_1_i/axi_emc_0. (constraint file  auto generated constraint, line ).
Applied set_property DONT_TOUCH = true for design_1_i/axi_mem_intercon. (constraint file  auto generated constraint, line ).
Applied set_property DONT_TOUCH = true for design_1_i/axi_mem_intercon/m00_couplers/auto_pc. (constraint file  auto generated constraint, line ).
Applied set_property DONT_TOUCH = true for design_1_i/axi_mem_intercon/xbar. (constraint file  auto generated constraint, line ).
Applied set_property DONT_TOUCH = true for design_1_i/axi_uartlite_0. (constraint file  auto generated constraint, line ).
Applied set_property DONT_TOUCH = true for design_1_i/clk_wiz_1. (constraint file  auto generated constraint, line ).
Applied set_property DONT_TOUCH = true for design_1_i/mdm_1. (constraint file  auto generated constraint, line ).
Applied set_property DONT_TOUCH = true for design_1_i/microblaze_0. (constraint file  auto generated constraint, line ).
Applied set_property DONT_TOUCH = true for design_1_i/microblaze_0_local_memory/dlmb_bram_if_cntlr. (constraint file  auto generated constraint, line ).
Applied set_property DONT_TOUCH = true for design_1_i/microblaze_0_local_memory/dlmb_v10. (constraint file  auto generated constraint, line ).
Applied set_property DONT_TOUCH = true for design_1_i/microblaze_0_local_memory/ilmb_bram_if_cntlr. (constraint file  auto generated constraint, line ).
Applied set_property DONT_TOUCH = true for design_1_i/microblaze_0_local_memory/ilmb_v10. (constraint file  auto generated constraint, line ).
Applied set_property DONT_TOUCH = true for design_1_i/microblaze_0_local_memory/lmb_bram. (constraint file  auto generated constraint, line ).
Applied set_property DONT_TOUCH = true for design_1_i/rst_clk_wiz_1_100M. (constraint file  auto generated constraint, line ).
---------------------------------------------------------------------------------
Finished applying 'set_property' XDC Constraints : Time (s): cpu = 00:00:24 ; elapsed = 00:00:27 . Memory (MB): peak = 762.746 ; gain = 476.406
---------------------------------------------------------------------------------
---------------------------------------------------------------------------------
Finished RTL Optimization Phase 2 : Time (s): cpu = 00:00:24 ; elapsed = 00:00:27 . Memory (MB): peak = 762.746 ; gain = 476.406
---------------------------------------------------------------------------------

Report RTL Partitions: 
+-+--------------+------------+----------+
| |RTL Partition |Replication |Instances |
+-+--------------+------------+----------+
+-+--------------+------------+----------+
---------------------------------------------------------------------------------
Start RTL Component Statistics 
---------------------------------------------------------------------------------
Detailed RTL Component Info : 
---------------------------------------------------------------------------------
Finished RTL Component Statistics 
---------------------------------------------------------------------------------
---------------------------------------------------------------------------------
Start RTL Hierarchical Component Statistics 
---------------------------------------------------------------------------------
Hierarchical RTL Component report 
---------------------------------------------------------------------------------
Finished RTL Hierarchical Component Statistics
---------------------------------------------------------------------------------
---------------------------------------------------------------------------------
Start Part Resource Summary
---------------------------------------------------------------------------------
Part Resources:
DSPs: 240 (col length:80)
BRAMs: 270 (col length: RAMB18 80 RAMB36 40)
---------------------------------------------------------------------------------
Finished Part Resource Summary
---------------------------------------------------------------------------------
---------------------------------------------------------------------------------
Start Cross Boundary and Area Optimization
---------------------------------------------------------------------------------
WARNING: [Synth 8-3331] design design_1_axi_mem_intercon_0 has unconnected port M00_ACLK
WARNING: [Synth 8-3331] design design_1_axi_mem_intercon_0 has unconnected port M00_ARESETN
WARNING: [Synth 8-3331] design design_1_axi_mem_intercon_0 has unconnected port M01_ACLK
WARNING: [Synth 8-3331] design design_1_axi_mem_intercon_0 has unconnected port M01_ARESETN
WARNING: [Synth 8-3331] design design_1_axi_mem_intercon_0 has unconnected port S00_ACLK
WARNING: [Synth 8-3331] design design_1_axi_mem_intercon_0 has unconnected port S00_ARESETN
---------------------------------------------------------------------------------
Finished Cross Boundary and Area Optimization : Time (s): cpu = 00:00:25 ; elapsed = 00:00:28 . Memory (MB): peak = 762.746 ; gain = 476.406
---------------------------------------------------------------------------------

Report RTL Partitions: 
+-+--------------+------------+----------+
| |RTL Partition |Replication |Instances |
+-+--------------+------------+----------+
+-+--------------+------------+----------+
---------------------------------------------------------------------------------
Start Applying XDC Timing Constraints
---------------------------------------------------------------------------------
INFO: [Synth 8-5578] Moved timing constraint from pin 'design_1_i/mdm_1/Dbg_Clk_0' to pin 'design_1_i/mdm_1/bbstub_Dbg_Clk_0/O'
INFO: [Synth 8-5578] Moved timing constraint from pin 'design_1_i/mdm_1/Dbg_Update_0' to pin 'design_1_i/mdm_1/bbstub_Dbg_Update_0/O'
INFO: [Synth 8-5578] Moved timing constraint from pin 'design_1_i/clk_wiz_1/clk_out1' to pin 'design_1_i/clk_wiz_1/bbstub_clk_out1/O'
INFO: [Synth 8-5578] Moved timing constraint from pin 'design_1_i/microblaze_0_local_memory/dlmb_bram_if_cntlr/BRAM_Clk_A' to pin 'design_1_i/microblaze_0_local_memory/dlmb_bram_if_cntlr/bbstub_BRAM_Clk_A/O'
INFO: [Synth 8-5578] Moved timing constraint from pin 'design_1_i/microblaze_0_local_memory/ilmb_bram_if_cntlr/BRAM_Clk_A' to pin 'design_1_i/microblaze_0_local_memory/ilmb_bram_if_cntlr/bbstub_BRAM_Clk_A/O'
INFO: [Synth 8-5819] Moved 5 constraints on hierarchical pins to their respective driving/loading pins
---------------------------------------------------------------------------------
Finished Applying XDC Timing Constraints : Time (s): cpu = 00:00:37 ; elapsed = 00:00:40 . Memory (MB): peak = 762.746 ; gain = 476.406
---------------------------------------------------------------------------------
---------------------------------------------------------------------------------
Start Timing Optimization
---------------------------------------------------------------------------------
---------------------------------------------------------------------------------
Finished Timing Optimization : Time (s): cpu = 00:00:37 ; elapsed = 00:00:40 . Memory (MB): peak = 762.746 ; gain = 476.406
---------------------------------------------------------------------------------

Report RTL Partitions: 
+-+--------------+------------+----------+
| |RTL Partition |Replication |Instances |
+-+--------------+------------+----------+
+-+--------------+------------+----------+
---------------------------------------------------------------------------------
Start Technology Mapping
---------------------------------------------------------------------------------
---------------------------------------------------------------------------------
Finished Technology Mapping : Time (s): cpu = 00:00:37 ; elapsed = 00:00:40 . Memory (MB): peak = 770.680 ; gain = 484.340
---------------------------------------------------------------------------------

Report RTL Partitions: 
+-+--------------+------------+----------+
| |RTL Partition |Replication |Instances |
+-+--------------+------------+----------+
+-+--------------+------------+----------+
---------------------------------------------------------------------------------
Start IO Insertion
---------------------------------------------------------------------------------
---------------------------------------------------------------------------------
Start Flattening Before IO Insertion
---------------------------------------------------------------------------------
---------------------------------------------------------------------------------
Finished Flattening Before IO Insertion
---------------------------------------------------------------------------------
---------------------------------------------------------------------------------
Start Final Netlist Cleanup
---------------------------------------------------------------------------------
---------------------------------------------------------------------------------
Finished Final Netlist Cleanup
---------------------------------------------------------------------------------
---------------------------------------------------------------------------------
Finished IO Insertion : Time (s): cpu = 00:00:38 ; elapsed = 00:00:41 . Memory (MB): peak = 770.680 ; gain = 484.340
---------------------------------------------------------------------------------

Report Check Netlist: 
+------+------------------+-------+---------+-------+------------------+
|      |Item              |Errors |Warnings |Status |Description       |
+------+------------------+-------+---------+-------+------------------+
|1     |multi_driven_nets |      0|        0|Passed |Multi driven nets |
+------+------------------+-------+---------+-------+------------------+
---------------------------------------------------------------------------------
Start Renaming Generated Instances
---------------------------------------------------------------------------------
---------------------------------------------------------------------------------
Finished Renaming Generated Instances : Time (s): cpu = 00:00:38 ; elapsed = 00:00:41 . Memory (MB): peak = 770.680 ; gain = 484.340
---------------------------------------------------------------------------------

Report RTL Partitions: 
+-+--------------+------------+----------+
| |RTL Partition |Replication |Instances |
+-+--------------+------------+----------+
+-+--------------+------------+----------+
---------------------------------------------------------------------------------
Start Rebuilding User Hierarchy
---------------------------------------------------------------------------------
---------------------------------------------------------------------------------
Finished Rebuilding User Hierarchy : Time (s): cpu = 00:00:38 ; elapsed = 00:00:41 . Memory (MB): peak = 770.680 ; gain = 484.340
---------------------------------------------------------------------------------
---------------------------------------------------------------------------------
Start Renaming Generated Ports
---------------------------------------------------------------------------------
---------------------------------------------------------------------------------
Finished Renaming Generated Ports : Time (s): cpu = 00:00:38 ; elapsed = 00:00:41 . Memory (MB): peak = 770.680 ; gain = 484.340
---------------------------------------------------------------------------------
---------------------------------------------------------------------------------
Start Handling Custom Attributes
---------------------------------------------------------------------------------
---------------------------------------------------------------------------------
Finished Handling Custom Attributes : Time (s): cpu = 00:00:38 ; elapsed = 00:00:41 . Memory (MB): peak = 770.680 ; gain = 484.340
---------------------------------------------------------------------------------
---------------------------------------------------------------------------------
Start Renaming Generated Nets
---------------------------------------------------------------------------------
---------------------------------------------------------------------------------
Finished Renaming Generated Nets : Time (s): cpu = 00:00:38 ; elapsed = 00:00:41 . Memory (MB): peak = 770.680 ; gain = 484.340
---------------------------------------------------------------------------------
---------------------------------------------------------------------------------
Start Writing Synthesis Report
---------------------------------------------------------------------------------

Report BlackBoxes: 
+------+------------------------------+----------+
|      |BlackBox name                 |Instances |
+------+------------------------------+----------+
|1     |design_1_xbar_0               |         1|
|2     |design_1_auto_pc_0            |         1|
|3     |design_1_axi_emc_0_0          |         1|
|4     |design_1_axi_uartlite_0_0     |         1|
|5     |design_1_clk_wiz_1_0          |         1|
|6     |design_1_mdm_1_0              |         1|
|7     |design_1_microblaze_0_0       |         1|
|8     |design_1_rst_clk_wiz_1_100M_0 |         1|
|9     |design_1_dlmb_bram_if_cntlr_0 |         1|
|10    |design_1_dlmb_v10_0           |         1|
|11    |design_1_ilmb_bram_if_cntlr_0 |         1|
|12    |design_1_ilmb_v10_0           |         1|
|13    |design_1_lmb_bram_0           |         1|
+------+------------------------------+----------+

Report Cell Usage: 
+------+--------------------------------------+------+
|      |Cell                                  |Count |
+------+--------------------------------------+------+
|1     |design_1_auto_pc_0_bbox_1             |     1|
|2     |design_1_axi_emc_0_0_bbox_0           |     1|
|3     |design_1_axi_uartlite_0_0_bbox_3      |     1|
|4     |design_1_clk_wiz_1_0_bbox_4           |     1|
|5     |design_1_dlmb_bram_if_cntlr_0_bbox_7  |     1|
|6     |design_1_dlmb_v10_0_bbox_8            |     1|
|7     |design_1_ilmb_bram_if_cntlr_0_bbox_9  |     1|
|8     |design_1_ilmb_v10_0_bbox_10           |     1|
|9     |design_1_lmb_bram_0_bbox_11           |     1|
|10    |design_1_mdm_1_0_bbox_5               |     1|
|11    |design_1_microblaze_0_0_bbox_6        |     1|
|12    |design_1_rst_clk_wiz_1_100M_0_bbox_12 |     1|
|13    |design_1_xbar_0_bbox_2                |     1|
|14    |IBUF                                  |     3|
|15    |IOBUF                                 |    16|
|16    |OBUF                                  |    31|
+------+--------------------------------------+------+

Report Instance Areas: 
+------+------------------------------+--------------------------------------+------+
|      |Instance                      |Module                                |Cells |
+------+------------------------------+--------------------------------------+------+
|1     |top                           |                                      |  1454|
|2     |  design_1_i                  |design_1                              |  1404|
|3     |    axi_mem_intercon          |design_1_axi_mem_intercon_0           |   468|
|4     |      m00_couplers            |m00_couplers_imp_1R706YB              |   205|
|5     |    microblaze_0_local_memory |microblaze_0_local_memory_imp_1K0VQXK |   496|
+------+------------------------------+--------------------------------------+------+
---------------------------------------------------------------------------------
Finished Writing Synthesis Report : Time (s): cpu = 00:00:38 ; elapsed = 00:00:41 . Memory (MB): peak = 770.680 ; gain = 484.340
---------------------------------------------------------------------------------
Synthesis finished with 0 errors, 0 critical warnings and 6 warnings.
Synthesis Optimization Runtime : Time (s): cpu = 00:00:21 ; elapsed = 00:00:30 . Memory (MB): peak = 770.680 ; gain = 165.410
Synthesis Optimization Complete : Time (s): cpu = 00:00:38 ; elapsed = 00:00:41 . Memory (MB): peak = 770.680 ; gain = 484.340
INFO: [Project 1-571] Translating synthesized netlist
INFO: [Netlist 29-17] Analyzing 19 Unisim elements for replacement
INFO: [Netlist 29-28] Unisim Transformation completed in 0 CPU seconds
INFO: [Project 1-570] Preparing netlist for logic optimization
INFO: [Opt 31-138] Pushed 0 inverter(s) to 0 load pin(s).
INFO: [Project 1-111] Unisim Transformation Summary:
  A total of 16 instances were transformed.
  IOBUF => IOBUF (IBUF, OBUFT): 16 instances

INFO: [Common 17-83] Releasing license: Synthesis
81 Infos, 18 Warnings, 0 Critical Warnings and 0 Errors encountered.
synth_design completed successfully
synth_design: Time (s): cpu = 00:00:40 ; elapsed = 00:00:47 . Memory (MB): peak = 784.891 ; gain = 505.473
INFO: [Common 17-1381] The checkpoint 'D:/Universidade/cr/StreamCopDemo/StreamCopDemo.runs/synth_1/design_1_wrapper.dcp' has been generated.
INFO: [runtcl-4] Executing : report_utilization -file design_1_wrapper_utilization_synth.rpt -pb design_1_wrapper_utilization_synth.pb
report_utilization: Time (s): cpu = 00:00:00 ; elapsed = 00:00:00.053 . Memory (MB): peak = 784.891 ; gain = 0.000
INFO: [Common 17-206] Exiting Vivado at Tue Apr 17 15:19:59 2018...
