
*** Running vivado
    with args -log design_1_sha256IPCoProcessor_0_0.vds -m64 -product Vivado -mode batch -messageDb vivado.pb -notrace -source design_1_sha256IPCoProcessor_0_0.tcl


****** Vivado v2017.4 (64-bit)
  **** SW Build 2086221 on Fri Dec 15 20:55:39 MST 2017
  **** IP Build 2085800 on Fri Dec 15 22:25:07 MST 2017
    ** Copyright 1986-2017 Xilinx, Inc. All Rights Reserved.

source design_1_sha256IPCoProcessor_0_0.tcl -notrace
Command: synth_design -top design_1_sha256IPCoProcessor_0_0 -part xc7a100tcsg324-1 -mode out_of_context
Starting synth_design
Attempting to get a license for feature 'Synthesis' and/or device 'xc7a100t'
INFO: [Common 17-349] Got license for feature 'Synthesis' and/or device 'xc7a100t'
INFO: Launching helper process for spawning children vivado processes
INFO: Helper process launched with PID 8384 
---------------------------------------------------------------------------------
Starting RTL Elaboration : Time (s): cpu = 00:00:07 ; elapsed = 00:00:08 . Memory (MB): peak = 353.504 ; gain = 99.836
---------------------------------------------------------------------------------
INFO: [Synth 8-638] synthesizing module 'design_1_sha256IPCoProcessor_0_0' [d:/Universidade/cr/SHA2/SHA2.srcs/sources_1/bd/design_1/ip/design_1_sha256IPCoProcessor_0_0/synth/design_1_sha256IPCoProcessor_0_0.vhd:82]
	Parameter C_S00_AXI_DATA_WIDTH bound to: 32 - type: integer 
	Parameter C_S00_AXI_ADDR_WIDTH bound to: 6 - type: integer 
INFO: [Synth 8-3491] module 'sha256IPCoProcessor_v1_0' declared at 'd:/Universidade/cr/SHA2/SHA2.srcs/sources_1/bd/design_1/ipshared/8de7/hdl/sha256IPCoProcessor_v1_0.vhd:5' bound to instance 'U0' of component 'sha256IPCoProcessor_v1_0' [d:/Universidade/cr/SHA2/SHA2.srcs/sources_1/bd/design_1/ip/design_1_sha256IPCoProcessor_0_0/synth/design_1_sha256IPCoProcessor_0_0.vhd:147]
INFO: [Synth 8-638] synthesizing module 'sha256IPCoProcessor_v1_0' [d:/Universidade/cr/SHA2/SHA2.srcs/sources_1/bd/design_1/ipshared/8de7/hdl/sha256IPCoProcessor_v1_0.vhd:49]
	Parameter C_S00_AXI_DATA_WIDTH bound to: 32 - type: integer 
	Parameter C_S00_AXI_ADDR_WIDTH bound to: 6 - type: integer 
	Parameter C_S_AXI_DATA_WIDTH bound to: 32 - type: integer 
	Parameter C_S_AXI_ADDR_WIDTH bound to: 6 - type: integer 
INFO: [Synth 8-3491] module 'sha256IPCoProcessor_v1_0_S00_AXI' declared at 'd:/Universidade/cr/SHA2/SHA2.srcs/sources_1/bd/design_1/ipshared/8de7/hdl/sha256IPCoProcessor_v1_0_S00_AXI.vhd:5' bound to instance 'sha256IPCoProcessor_v1_0_S00_AXI_inst' of component 'sha256IPCoProcessor_v1_0_S00_AXI' [d:/Universidade/cr/SHA2/SHA2.srcs/sources_1/bd/design_1/ipshared/8de7/hdl/sha256IPCoProcessor_v1_0.vhd:85]
INFO: [Synth 8-638] synthesizing module 'sha256IPCoProcessor_v1_0_S00_AXI' [d:/Universidade/cr/SHA2/SHA2.srcs/sources_1/bd/design_1/ipshared/8de7/hdl/sha256IPCoProcessor_v1_0_S00_AXI.vhd:86]
	Parameter C_S_AXI_DATA_WIDTH bound to: 32 - type: integer 
	Parameter C_S_AXI_ADDR_WIDTH bound to: 6 - type: integer 
INFO: [Synth 8-226] default block is never used [d:/Universidade/cr/SHA2/SHA2.srcs/sources_1/bd/design_1/ipshared/8de7/hdl/sha256IPCoProcessor_v1_0_S00_AXI.vhd:308]
INFO: [Synth 8-226] default block is never used [d:/Universidade/cr/SHA2/SHA2.srcs/sources_1/bd/design_1/ipshared/8de7/hdl/sha256IPCoProcessor_v1_0_S00_AXI.vhd:546]
WARNING: [Synth 8-614] signal 's_digest' is read in the process but is not in the sensitivity list [d:/Universidade/cr/SHA2/SHA2.srcs/sources_1/bd/design_1/ipshared/8de7/hdl/sha256IPCoProcessor_v1_0_S00_AXI.vhd:541]
WARNING: [Synth 8-614] signal 's_state' is read in the process but is not in the sensitivity list [d:/Universidade/cr/SHA2/SHA2.srcs/sources_1/bd/design_1/ipshared/8de7/hdl/sha256IPCoProcessor_v1_0_S00_AXI.vhd:541]
WARNING: [Synth 8-614] signal 's_iter0' is read in the process but is not in the sensitivity list [d:/Universidade/cr/SHA2/SHA2.srcs/sources_1/bd/design_1/ipshared/8de7/hdl/sha256IPCoProcessor_v1_0_S00_AXI.vhd:541]
WARNING: [Synth 8-614] signal 's_iter1' is read in the process but is not in the sensitivity list [d:/Universidade/cr/SHA2/SHA2.srcs/sources_1/bd/design_1/ipshared/8de7/hdl/sha256IPCoProcessor_v1_0_S00_AXI.vhd:541]
WARNING: [Synth 8-614] signal 'W' is read in the process but is not in the sensitivity list [d:/Universidade/cr/SHA2/SHA2.srcs/sources_1/bd/design_1/ipshared/8de7/hdl/sha256IPCoProcessor_v1_0_S00_AXI.vhd:541]
WARNING: [Synth 8-6014] Unused sequential element slv_reg0_reg was removed.  [d:/Universidade/cr/SHA2/SHA2.srcs/sources_1/bd/design_1/ipshared/8de7/hdl/sha256IPCoProcessor_v1_0_S00_AXI.vhd:289]
WARNING: [Synth 8-6014] Unused sequential element slv_reg1_reg was removed.  [d:/Universidade/cr/SHA2/SHA2.srcs/sources_1/bd/design_1/ipshared/8de7/hdl/sha256IPCoProcessor_v1_0_S00_AXI.vhd:290]
WARNING: [Synth 8-6014] Unused sequential element slv_reg2_reg was removed.  [d:/Universidade/cr/SHA2/SHA2.srcs/sources_1/bd/design_1/ipshared/8de7/hdl/sha256IPCoProcessor_v1_0_S00_AXI.vhd:291]
WARNING: [Synth 8-6014] Unused sequential element slv_reg3_reg was removed.  [d:/Universidade/cr/SHA2/SHA2.srcs/sources_1/bd/design_1/ipshared/8de7/hdl/sha256IPCoProcessor_v1_0_S00_AXI.vhd:292]
WARNING: [Synth 8-6014] Unused sequential element slv_reg4_reg was removed.  [d:/Universidade/cr/SHA2/SHA2.srcs/sources_1/bd/design_1/ipshared/8de7/hdl/sha256IPCoProcessor_v1_0_S00_AXI.vhd:293]
WARNING: [Synth 8-6014] Unused sequential element slv_reg5_reg was removed.  [d:/Universidade/cr/SHA2/SHA2.srcs/sources_1/bd/design_1/ipshared/8de7/hdl/sha256IPCoProcessor_v1_0_S00_AXI.vhd:294]
WARNING: [Synth 8-6014] Unused sequential element slv_reg6_reg was removed.  [d:/Universidade/cr/SHA2/SHA2.srcs/sources_1/bd/design_1/ipshared/8de7/hdl/sha256IPCoProcessor_v1_0_S00_AXI.vhd:295]
WARNING: [Synth 8-6014] Unused sequential element slv_reg7_reg was removed.  [d:/Universidade/cr/SHA2/SHA2.srcs/sources_1/bd/design_1/ipshared/8de7/hdl/sha256IPCoProcessor_v1_0_S00_AXI.vhd:296]
WARNING: [Synth 8-6014] Unused sequential element slv_reg8_reg was removed.  [d:/Universidade/cr/SHA2/SHA2.srcs/sources_1/bd/design_1/ipshared/8de7/hdl/sha256IPCoProcessor_v1_0_S00_AXI.vhd:297]
WARNING: [Synth 8-6014] Unused sequential element slv_reg9_reg was removed.  [d:/Universidade/cr/SHA2/SHA2.srcs/sources_1/bd/design_1/ipshared/8de7/hdl/sha256IPCoProcessor_v1_0_S00_AXI.vhd:298]
WARNING: [Synth 8-6014] Unused sequential element slv_reg10_reg was removed.  [d:/Universidade/cr/SHA2/SHA2.srcs/sources_1/bd/design_1/ipshared/8de7/hdl/sha256IPCoProcessor_v1_0_S00_AXI.vhd:299]
WARNING: [Synth 8-6014] Unused sequential element loc_addr_reg was removed.  [d:/Universidade/cr/SHA2/SHA2.srcs/sources_1/bd/design_1/ipshared/8de7/hdl/sha256IPCoProcessor_v1_0_S00_AXI.vhd:306]
WARNING: [Synth 8-6014] Unused sequential element s_TICK_reg was removed.  [d:/Universidade/cr/SHA2/SHA2.srcs/sources_1/bd/design_1/ipshared/8de7/hdl/sha256IPCoProcessor_v1_0_S00_AXI.vhd:609]
INFO: [Synth 8-256] done synthesizing module 'sha256IPCoProcessor_v1_0_S00_AXI' (1#1) [d:/Universidade/cr/SHA2/SHA2.srcs/sources_1/bd/design_1/ipshared/8de7/hdl/sha256IPCoProcessor_v1_0_S00_AXI.vhd:86]
INFO: [Synth 8-256] done synthesizing module 'sha256IPCoProcessor_v1_0' (2#1) [d:/Universidade/cr/SHA2/SHA2.srcs/sources_1/bd/design_1/ipshared/8de7/hdl/sha256IPCoProcessor_v1_0.vhd:49]
INFO: [Synth 8-256] done synthesizing module 'design_1_sha256IPCoProcessor_0_0' (3#1) [d:/Universidade/cr/SHA2/SHA2.srcs/sources_1/bd/design_1/ip/design_1_sha256IPCoProcessor_0_0/synth/design_1_sha256IPCoProcessor_0_0.vhd:82]
WARNING: [Synth 8-3331] design sha256IPCoProcessor_v1_0_S00_AXI has unconnected port S_AXI_AWPROT[2]
WARNING: [Synth 8-3331] design sha256IPCoProcessor_v1_0_S00_AXI has unconnected port S_AXI_AWPROT[1]
WARNING: [Synth 8-3331] design sha256IPCoProcessor_v1_0_S00_AXI has unconnected port S_AXI_AWPROT[0]
WARNING: [Synth 8-3331] design sha256IPCoProcessor_v1_0_S00_AXI has unconnected port S_AXI_ARPROT[2]
WARNING: [Synth 8-3331] design sha256IPCoProcessor_v1_0_S00_AXI has unconnected port S_AXI_ARPROT[1]
WARNING: [Synth 8-3331] design sha256IPCoProcessor_v1_0_S00_AXI has unconnected port S_AXI_ARPROT[0]
---------------------------------------------------------------------------------
Finished RTL Elaboration : Time (s): cpu = 00:00:09 ; elapsed = 00:00:10 . Memory (MB): peak = 416.336 ; gain = 162.668
---------------------------------------------------------------------------------

Report Check Netlist: 
+------+------------------+-------+---------+-------+------------------+
|      |Item              |Errors |Warnings |Status |Description       |
+------+------------------+-------+---------+-------+------------------+
|1     |multi_driven_nets |      0|        0|Passed |Multi driven nets |
+------+------------------+-------+---------+-------+------------------+
---------------------------------------------------------------------------------
Finished RTL Optimization Phase 1 : Time (s): cpu = 00:00:10 ; elapsed = 00:00:11 . Memory (MB): peak = 416.336 ; gain = 162.668
---------------------------------------------------------------------------------
INFO: [Device 21-403] Loading part xc7a100tcsg324-1
INFO: [Project 1-570] Preparing netlist for logic optimization

Processing XDC Constraints
Initializing timing engine
Completed Processing XDC Constraints

INFO: [Project 1-111] Unisim Transformation Summary:
No Unisim elements were transformed.

Constraint Validation Runtime : Time (s): cpu = 00:00:00 ; elapsed = 00:00:00.159 . Memory (MB): peak = 762.707 ; gain = 2.766
---------------------------------------------------------------------------------
Finished Constraint Validation : Time (s): cpu = 00:00:26 ; elapsed = 00:00:29 . Memory (MB): peak = 762.707 ; gain = 509.039
---------------------------------------------------------------------------------
---------------------------------------------------------------------------------
Start Loading Part and Timing Information
---------------------------------------------------------------------------------
Loading part: xc7a100tcsg324-1
---------------------------------------------------------------------------------
Finished Loading Part and Timing Information : Time (s): cpu = 00:00:26 ; elapsed = 00:00:29 . Memory (MB): peak = 762.707 ; gain = 509.039
---------------------------------------------------------------------------------
---------------------------------------------------------------------------------
Start Applying 'set_property' XDC Constraints
---------------------------------------------------------------------------------
---------------------------------------------------------------------------------
Finished applying 'set_property' XDC Constraints : Time (s): cpu = 00:00:26 ; elapsed = 00:00:29 . Memory (MB): peak = 762.707 ; gain = 509.039
---------------------------------------------------------------------------------
INFO: [Synth 8-802] inferred FSM for state register 'CS_reg' in module 'sha256IPCoProcessor_v1_0_S00_AXI'
INFO: [Synth 8-5545] ROM "CS" won't be mapped to RAM because address size (32) is larger than maximum supported(25)
INFO: [Synth 8-5545] ROM "W_reg[0]" won't be mapped to RAM because address size (32) is larger than maximum supported(25)
INFO: [Synth 8-5545] ROM "W_reg[1]" won't be mapped to RAM because address size (32) is larger than maximum supported(25)
INFO: [Synth 8-5545] ROM "W_reg[2]" won't be mapped to RAM because address size (32) is larger than maximum supported(25)
INFO: [Synth 8-5545] ROM "W_reg[3]" won't be mapped to RAM because address size (32) is larger than maximum supported(25)
INFO: [Synth 8-5545] ROM "W_reg[4]" won't be mapped to RAM because address size (32) is larger than maximum supported(25)
INFO: [Synth 8-5545] ROM "W_reg[5]" won't be mapped to RAM because address size (32) is larger than maximum supported(25)
INFO: [Synth 8-5545] ROM "W_reg[6]" won't be mapped to RAM because address size (32) is larger than maximum supported(25)
INFO: [Synth 8-5545] ROM "W_reg[7]" won't be mapped to RAM because address size (32) is larger than maximum supported(25)
INFO: [Synth 8-5545] ROM "W_reg[8]" won't be mapped to RAM because address size (32) is larger than maximum supported(25)
INFO: [Synth 8-5545] ROM "W_reg[9]" won't be mapped to RAM because address size (32) is larger than maximum supported(25)
INFO: [Synth 8-5545] ROM "W_reg[10]" won't be mapped to RAM because address size (32) is larger than maximum supported(25)
INFO: [Synth 8-5545] ROM "W_reg[11]" won't be mapped to RAM because address size (32) is larger than maximum supported(25)
INFO: [Synth 8-5545] ROM "W_reg[12]" won't be mapped to RAM because address size (32) is larger than maximum supported(25)
INFO: [Synth 8-5545] ROM "W_reg[13]" won't be mapped to RAM because address size (32) is larger than maximum supported(25)
INFO: [Synth 8-5545] ROM "W_reg[14]" won't be mapped to RAM because address size (32) is larger than maximum supported(25)
INFO: [Synth 8-5545] ROM "W_reg[15]" won't be mapped to RAM because address size (32) is larger than maximum supported(25)
INFO: [Synth 8-5545] ROM "W_reg[16]" won't be mapped to RAM because address size (32) is larger than maximum supported(25)
INFO: [Synth 8-5545] ROM "W_reg[17]" won't be mapped to RAM because address size (32) is larger than maximum supported(25)
INFO: [Synth 8-5545] ROM "W_reg[18]" won't be mapped to RAM because address size (32) is larger than maximum supported(25)
INFO: [Synth 8-5545] ROM "W_reg[19]" won't be mapped to RAM because address size (32) is larger than maximum supported(25)
INFO: [Synth 8-5545] ROM "W_reg[20]" won't be mapped to RAM because address size (32) is larger than maximum supported(25)
INFO: [Synth 8-5545] ROM "W_reg[21]" won't be mapped to RAM because address size (32) is larger than maximum supported(25)
INFO: [Synth 8-5545] ROM "W_reg[22]" won't be mapped to RAM because address size (32) is larger than maximum supported(25)
INFO: [Synth 8-5545] ROM "W_reg[23]" won't be mapped to RAM because address size (32) is larger than maximum supported(25)
INFO: [Synth 8-5545] ROM "W_reg[24]" won't be mapped to RAM because address size (32) is larger than maximum supported(25)
INFO: [Synth 8-5545] ROM "W_reg[25]" won't be mapped to RAM because address size (32) is larger than maximum supported(25)
INFO: [Synth 8-5545] ROM "W_reg[26]" won't be mapped to RAM because address size (32) is larger than maximum supported(25)
INFO: [Synth 8-5545] ROM "W_reg[27]" won't be mapped to RAM because address size (32) is larger than maximum supported(25)
INFO: [Synth 8-5545] ROM "W_reg[28]" won't be mapped to RAM because address size (32) is larger than maximum supported(25)
INFO: [Synth 8-5545] ROM "W_reg[29]" won't be mapped to RAM because address size (32) is larger than maximum supported(25)
INFO: [Synth 8-5545] ROM "W_reg[30]" won't be mapped to RAM because address size (32) is larger than maximum supported(25)
INFO: [Synth 8-5545] ROM "W_reg[31]" won't be mapped to RAM because address size (32) is larger than maximum supported(25)
INFO: [Synth 8-5545] ROM "W_reg[32]" won't be mapped to RAM because address size (32) is larger than maximum supported(25)
INFO: [Synth 8-5545] ROM "W_reg[33]" won't be mapped to RAM because address size (32) is larger than maximum supported(25)
INFO: [Synth 8-5545] ROM "W_reg[34]" won't be mapped to RAM because address size (32) is larger than maximum supported(25)
INFO: [Synth 8-5545] ROM "W_reg[35]" won't be mapped to RAM because address size (32) is larger than maximum supported(25)
INFO: [Synth 8-5545] ROM "W_reg[36]" won't be mapped to RAM because address size (32) is larger than maximum supported(25)
INFO: [Synth 8-5545] ROM "W_reg[37]" won't be mapped to RAM because address size (32) is larger than maximum supported(25)
INFO: [Synth 8-5545] ROM "W_reg[38]" won't be mapped to RAM because address size (32) is larger than maximum supported(25)
INFO: [Synth 8-5545] ROM "W_reg[39]" won't be mapped to RAM because address size (32) is larger than maximum supported(25)
INFO: [Synth 8-5545] ROM "W_reg[40]" won't be mapped to RAM because address size (32) is larger than maximum supported(25)
INFO: [Synth 8-5545] ROM "W_reg[41]" won't be mapped to RAM because address size (32) is larger than maximum supported(25)
INFO: [Synth 8-5545] ROM "W_reg[42]" won't be mapped to RAM because address size (32) is larger than maximum supported(25)
INFO: [Synth 8-5545] ROM "W_reg[43]" won't be mapped to RAM because address size (32) is larger than maximum supported(25)
INFO: [Synth 8-5545] ROM "W_reg[44]" won't be mapped to RAM because address size (32) is larger than maximum supported(25)
INFO: [Synth 8-5545] ROM "W_reg[45]" won't be mapped to RAM because address size (32) is larger than maximum supported(25)
INFO: [Synth 8-5545] ROM "W_reg[46]" won't be mapped to RAM because address size (32) is larger than maximum supported(25)
INFO: [Synth 8-5545] ROM "W_reg[47]" won't be mapped to RAM because address size (32) is larger than maximum supported(25)
INFO: [Synth 8-5545] ROM "W_reg[48]" won't be mapped to RAM because address size (32) is larger than maximum supported(25)
INFO: [Synth 8-5545] ROM "W_reg[49]" won't be mapped to RAM because address size (32) is larger than maximum supported(25)
INFO: [Synth 8-5545] ROM "W_reg[50]" won't be mapped to RAM because address size (32) is larger than maximum supported(25)
INFO: [Synth 8-5545] ROM "W_reg[51]" won't be mapped to RAM because address size (32) is larger than maximum supported(25)
INFO: [Synth 8-5545] ROM "W_reg[52]" won't be mapped to RAM because address size (32) is larger than maximum supported(25)
INFO: [Synth 8-5545] ROM "W_reg[53]" won't be mapped to RAM because address size (32) is larger than maximum supported(25)
INFO: [Synth 8-5545] ROM "W_reg[54]" won't be mapped to RAM because address size (32) is larger than maximum supported(25)
INFO: [Synth 8-5545] ROM "W_reg[55]" won't be mapped to RAM because address size (32) is larger than maximum supported(25)
INFO: [Synth 8-5545] ROM "W_reg[56]" won't be mapped to RAM because address size (32) is larger than maximum supported(25)
INFO: [Synth 8-5545] ROM "W_reg[57]" won't be mapped to RAM because address size (32) is larger than maximum supported(25)
INFO: [Synth 8-5545] ROM "W_reg[58]" won't be mapped to RAM because address size (32) is larger than maximum supported(25)
INFO: [Synth 8-5545] ROM "W_reg[59]" won't be mapped to RAM because address size (32) is larger than maximum supported(25)
INFO: [Synth 8-5545] ROM "W_reg[60]" won't be mapped to RAM because address size (32) is larger than maximum supported(25)
INFO: [Synth 8-5545] ROM "W_reg[61]" won't be mapped to RAM because address size (32) is larger than maximum supported(25)
INFO: [Synth 8-5545] ROM "W_reg[62]" won't be mapped to RAM because address size (32) is larger than maximum supported(25)
INFO: [Synth 8-5545] ROM "W_reg[63]" won't be mapped to RAM because address size (32) is larger than maximum supported(25)
INFO: [Synth 8-5545] ROM "W_reg[64]" won't be mapped to RAM because address size (32) is larger than maximum supported(25)
INFO: [Synth 8-5545] ROM "CS" won't be mapped to RAM because address size (32) is larger than maximum supported(25)
WARNING: [Synth 8-6014] Unused sequential element s_compressionI_reg_rep was removed.  [d:/Universidade/cr/SHA2/SHA2.srcs/sources_1/bd/design_1/ipshared/8de7/hdl/sha256IPCoProcessor_v1_0_S00_AXI.vhd:662]
WARNING: [Synth 8-6014] Unused sequential element s_h0_reg was removed.  [d:/Universidade/cr/SHA2/SHA2.srcs/sources_1/bd/design_1/ipshared/8de7/hdl/sha256IPCoProcessor_v1_0_S00_AXI.vhd:627]
WARNING: [Synth 8-6014] Unused sequential element s_h1_reg was removed.  [d:/Universidade/cr/SHA2/SHA2.srcs/sources_1/bd/design_1/ipshared/8de7/hdl/sha256IPCoProcessor_v1_0_S00_AXI.vhd:628]
WARNING: [Synth 8-6014] Unused sequential element s_h2_reg was removed.  [d:/Universidade/cr/SHA2/SHA2.srcs/sources_1/bd/design_1/ipshared/8de7/hdl/sha256IPCoProcessor_v1_0_S00_AXI.vhd:629]
WARNING: [Synth 8-6014] Unused sequential element s_h3_reg was removed.  [d:/Universidade/cr/SHA2/SHA2.srcs/sources_1/bd/design_1/ipshared/8de7/hdl/sha256IPCoProcessor_v1_0_S00_AXI.vhd:630]
WARNING: [Synth 8-6014] Unused sequential element s_h4_reg was removed.  [d:/Universidade/cr/SHA2/SHA2.srcs/sources_1/bd/design_1/ipshared/8de7/hdl/sha256IPCoProcessor_v1_0_S00_AXI.vhd:631]
WARNING: [Synth 8-6014] Unused sequential element s_h5_reg was removed.  [d:/Universidade/cr/SHA2/SHA2.srcs/sources_1/bd/design_1/ipshared/8de7/hdl/sha256IPCoProcessor_v1_0_S00_AXI.vhd:632]
WARNING: [Synth 8-6014] Unused sequential element s_h6_reg was removed.  [d:/Universidade/cr/SHA2/SHA2.srcs/sources_1/bd/design_1/ipshared/8de7/hdl/sha256IPCoProcessor_v1_0_S00_AXI.vhd:633]
WARNING: [Synth 8-6014] Unused sequential element s_h7_reg was removed.  [d:/Universidade/cr/SHA2/SHA2.srcs/sources_1/bd/design_1/ipshared/8de7/hdl/sha256IPCoProcessor_v1_0_S00_AXI.vhd:634]
---------------------------------------------------------------------------------------------------
                   State |                     New Encoding |                Previous Encoding 
---------------------------------------------------------------------------------------------------
           process_chunk |                           000001 |                              000
            extend_words |                           000010 |                              001
                compress |                           000100 |                              010
                    save |                           001000 |                              011
          add_compressed |                           010000 |                              100
                   final |                           100000 |                              101
---------------------------------------------------------------------------------------------------
INFO: [Synth 8-3354] encoded FSM with state register 'CS_reg' using encoding 'one-hot' in module 'sha256IPCoProcessor_v1_0_S00_AXI'
---------------------------------------------------------------------------------
Finished RTL Optimization Phase 2 : Time (s): cpu = 00:00:29 ; elapsed = 00:00:31 . Memory (MB): peak = 762.707 ; gain = 509.039
---------------------------------------------------------------------------------

Report RTL Partitions: 
+-+--------------+------------+----------+
| |RTL Partition |Replication |Instances |
+-+--------------+------------+----------+
+-+--------------+------------+----------+
---------------------------------------------------------------------------------
Start RTL Component Statistics 
---------------------------------------------------------------------------------
Detailed RTL Component Info : 
+---Adders : 
	   4 Input     32 Bit       Adders := 1     
	   2 Input     32 Bit       Adders := 3     
	   5 Input     32 Bit       Adders := 1     
	   3 Input     32 Bit       Adders := 1     
+---XORs : 
	   3 Input     32 Bit         XORs := 5     
	   2 Input     32 Bit         XORs := 1     
+---Registers : 
	              256 Bit    Registers := 1     
	               32 Bit    Registers := 91    
	                6 Bit    Registers := 2     
	                2 Bit    Registers := 2     
	                1 Bit    Registers := 6     
+---ROMs : 
	                              ROMs := 1     
+---Muxes : 
	   6 Input     32 Bit        Muxes := 16    
	   2 Input     32 Bit        Muxes := 5     
	  16 Input     32 Bit        Muxes := 5     
	   8 Input      6 Bit        Muxes := 1     
	   2 Input      1 Bit        Muxes := 71    
	   6 Input      1 Bit        Muxes := 70    
---------------------------------------------------------------------------------
Finished RTL Component Statistics 
---------------------------------------------------------------------------------
---------------------------------------------------------------------------------
Start RTL Hierarchical Component Statistics 
---------------------------------------------------------------------------------
Hierarchical RTL Component report 
Module sha256IPCoProcessor_v1_0_S00_AXI 
Detailed RTL Component Info : 
+---Adders : 
	   4 Input     32 Bit       Adders := 1     
	   2 Input     32 Bit       Adders := 3     
	   5 Input     32 Bit       Adders := 1     
	   3 Input     32 Bit       Adders := 1     
+---XORs : 
	   3 Input     32 Bit         XORs := 5     
	   2 Input     32 Bit         XORs := 1     
+---Registers : 
	              256 Bit    Registers := 1     
	               32 Bit    Registers := 91    
	                6 Bit    Registers := 2     
	                2 Bit    Registers := 2     
	                1 Bit    Registers := 6     
+---ROMs : 
	                              ROMs := 1     
+---Muxes : 
	   6 Input     32 Bit        Muxes := 16    
	   2 Input     32 Bit        Muxes := 5     
	  16 Input     32 Bit        Muxes := 5     
	   8 Input      6 Bit        Muxes := 1     
	   2 Input      1 Bit        Muxes := 71    
	   6 Input      1 Bit        Muxes := 70    
---------------------------------------------------------------------------------
Finished RTL Hierarchical Component Statistics
---------------------------------------------------------------------------------
---------------------------------------------------------------------------------
Start Part Resource Summary
---------------------------------------------------------------------------------
Part Resources:
DSPs: 240 (col length:80)
BRAMs: 270 (col length: RAMB18 80 RAMB36 40)
---------------------------------------------------------------------------------
Finished Part Resource Summary
---------------------------------------------------------------------------------
---------------------------------------------------------------------------------
Start Cross Boundary and Area Optimization
---------------------------------------------------------------------------------
INFO: [Synth 8-5545] ROM "CS" won't be mapped to RAM because address size (32) is larger than maximum supported(25)
INFO: [Synth 8-5545] ROM "W_reg[0]" won't be mapped to RAM because address size (32) is larger than maximum supported(25)
INFO: [Synth 8-5545] ROM "W_reg[1]" won't be mapped to RAM because address size (32) is larger than maximum supported(25)
INFO: [Synth 8-5545] ROM "W_reg[2]" won't be mapped to RAM because address size (32) is larger than maximum supported(25)
INFO: [Synth 8-5545] ROM "W_reg[3]" won't be mapped to RAM because address size (32) is larger than maximum supported(25)
INFO: [Synth 8-5545] ROM "W_reg[4]" won't be mapped to RAM because address size (32) is larger than maximum supported(25)
INFO: [Synth 8-5545] ROM "W_reg[5]" won't be mapped to RAM because address size (32) is larger than maximum supported(25)
INFO: [Synth 8-5545] ROM "W_reg[6]" won't be mapped to RAM because address size (32) is larger than maximum supported(25)
INFO: [Synth 8-5545] ROM "W_reg[7]" won't be mapped to RAM because address size (32) is larger than maximum supported(25)
INFO: [Synth 8-5545] ROM "W_reg[8]" won't be mapped to RAM because address size (32) is larger than maximum supported(25)
INFO: [Synth 8-5545] ROM "W_reg[9]" won't be mapped to RAM because address size (32) is larger than maximum supported(25)
INFO: [Synth 8-5545] ROM "W_reg[10]" won't be mapped to RAM because address size (32) is larger than maximum supported(25)
INFO: [Synth 8-5545] ROM "W_reg[11]" won't be mapped to RAM because address size (32) is larger than maximum supported(25)
INFO: [Synth 8-5545] ROM "W_reg[12]" won't be mapped to RAM because address size (32) is larger than maximum supported(25)
INFO: [Synth 8-5545] ROM "W_reg[13]" won't be mapped to RAM because address size (32) is larger than maximum supported(25)
INFO: [Synth 8-5545] ROM "W_reg[14]" won't be mapped to RAM because address size (32) is larger than maximum supported(25)
INFO: [Synth 8-5545] ROM "W_reg[15]" won't be mapped to RAM because address size (32) is larger than maximum supported(25)
INFO: [Synth 8-5545] ROM "W_reg[16]" won't be mapped to RAM because address size (32) is larger than maximum supported(25)
INFO: [Synth 8-5545] ROM "W_reg[17]" won't be mapped to RAM because address size (32) is larger than maximum supported(25)
INFO: [Synth 8-5545] ROM "W_reg[18]" won't be mapped to RAM because address size (32) is larger than maximum supported(25)
INFO: [Synth 8-5545] ROM "W_reg[19]" won't be mapped to RAM because address size (32) is larger than maximum supported(25)
INFO: [Synth 8-5545] ROM "W_reg[20]" won't be mapped to RAM because address size (32) is larger than maximum supported(25)
INFO: [Synth 8-5545] ROM "W_reg[21]" won't be mapped to RAM because address size (32) is larger than maximum supported(25)
INFO: [Synth 8-5545] ROM "W_reg[22]" won't be mapped to RAM because address size (32) is larger than maximum supported(25)
INFO: [Synth 8-5545] ROM "W_reg[23]" won't be mapped to RAM because address size (32) is larger than maximum supported(25)
INFO: [Synth 8-5545] ROM "W_reg[24]" won't be mapped to RAM because address size (32) is larger than maximum supported(25)
INFO: [Synth 8-5545] ROM "W_reg[25]" won't be mapped to RAM because address size (32) is larger than maximum supported(25)
INFO: [Synth 8-5545] ROM "W_reg[26]" won't be mapped to RAM because address size (32) is larger than maximum supported(25)
INFO: [Synth 8-5545] ROM "W_reg[27]" won't be mapped to RAM because address size (32) is larger than maximum supported(25)
INFO: [Synth 8-5545] ROM "W_reg[28]" won't be mapped to RAM because address size (32) is larger than maximum supported(25)
INFO: [Synth 8-5545] ROM "W_reg[29]" won't be mapped to RAM because address size (32) is larger than maximum supported(25)
INFO: [Synth 8-5545] ROM "W_reg[30]" won't be mapped to RAM because address size (32) is larger than maximum supported(25)
INFO: [Synth 8-5545] ROM "W_reg[31]" won't be mapped to RAM because address size (32) is larger than maximum supported(25)
INFO: [Common 17-14] Message 'Synth 8-5545' appears 100 times and further instances of the messages will be disabled. Use the Tcl command set_msg_config to change the current settings.
WARNING: [Synth 8-6014] Unused sequential element s_compressionI_reg_rep was removed.  [d:/Universidade/cr/SHA2/SHA2.srcs/sources_1/bd/design_1/ipshared/8de7/hdl/sha256IPCoProcessor_v1_0_S00_AXI.vhd:662]
WARNING: [Synth 8-6014] Unused sequential element s_h0_reg was removed.  [d:/Universidade/cr/SHA2/SHA2.srcs/sources_1/bd/design_1/ipshared/8de7/hdl/sha256IPCoProcessor_v1_0_S00_AXI.vhd:627]
WARNING: [Synth 8-6014] Unused sequential element s_h1_reg was removed.  [d:/Universidade/cr/SHA2/SHA2.srcs/sources_1/bd/design_1/ipshared/8de7/hdl/sha256IPCoProcessor_v1_0_S00_AXI.vhd:628]
WARNING: [Synth 8-6014] Unused sequential element s_h2_reg was removed.  [d:/Universidade/cr/SHA2/SHA2.srcs/sources_1/bd/design_1/ipshared/8de7/hdl/sha256IPCoProcessor_v1_0_S00_AXI.vhd:629]
WARNING: [Synth 8-6014] Unused sequential element s_h3_reg was removed.  [d:/Universidade/cr/SHA2/SHA2.srcs/sources_1/bd/design_1/ipshared/8de7/hdl/sha256IPCoProcessor_v1_0_S00_AXI.vhd:630]
WARNING: [Synth 8-6014] Unused sequential element s_h4_reg was removed.  [d:/Universidade/cr/SHA2/SHA2.srcs/sources_1/bd/design_1/ipshared/8de7/hdl/sha256IPCoProcessor_v1_0_S00_AXI.vhd:631]
WARNING: [Synth 8-6014] Unused sequential element s_h5_reg was removed.  [d:/Universidade/cr/SHA2/SHA2.srcs/sources_1/bd/design_1/ipshared/8de7/hdl/sha256IPCoProcessor_v1_0_S00_AXI.vhd:632]
WARNING: [Synth 8-6014] Unused sequential element s_h6_reg was removed.  [d:/Universidade/cr/SHA2/SHA2.srcs/sources_1/bd/design_1/ipshared/8de7/hdl/sha256IPCoProcessor_v1_0_S00_AXI.vhd:633]
WARNING: [Synth 8-6014] Unused sequential element s_h7_reg was removed.  [d:/Universidade/cr/SHA2/SHA2.srcs/sources_1/bd/design_1/ipshared/8de7/hdl/sha256IPCoProcessor_v1_0_S00_AXI.vhd:634]
WARNING: [Synth 8-3331] design sha256IPCoProcessor_v1_0_S00_AXI has unconnected port S_AXI_AWPROT[2]
WARNING: [Synth 8-3331] design sha256IPCoProcessor_v1_0_S00_AXI has unconnected port S_AXI_AWPROT[1]
WARNING: [Synth 8-3331] design sha256IPCoProcessor_v1_0_S00_AXI has unconnected port S_AXI_AWPROT[0]
WARNING: [Synth 8-3331] design sha256IPCoProcessor_v1_0_S00_AXI has unconnected port S_AXI_ARPROT[2]
WARNING: [Synth 8-3331] design sha256IPCoProcessor_v1_0_S00_AXI has unconnected port S_AXI_ARPROT[1]
WARNING: [Synth 8-3331] design sha256IPCoProcessor_v1_0_S00_AXI has unconnected port S_AXI_ARPROT[0]
INFO: [Synth 8-3886] merging instance 'U0/sha256IPCoProcessor_v1_0_S00_AXI_inst/s_state_reg[0]' (FDRE) to 'U0/sha256IPCoProcessor_v1_0_S00_AXI_inst/s_state_reg[28]'
INFO: [Synth 8-3886] merging instance 'U0/sha256IPCoProcessor_v1_0_S00_AXI_inst/s_state_reg[1]' (FDRE) to 'U0/sha256IPCoProcessor_v1_0_S00_AXI_inst/s_state_reg[29]'
INFO: [Synth 8-3886] merging instance 'U0/sha256IPCoProcessor_v1_0_S00_AXI_inst/s_state_reg[2]' (FDRE) to 'U0/sha256IPCoProcessor_v1_0_S00_AXI_inst/s_state_reg[30]'
INFO: [Synth 8-3886] merging instance 'U0/sha256IPCoProcessor_v1_0_S00_AXI_inst/s_state_reg[3]' (FDRE) to 'U0/sha256IPCoProcessor_v1_0_S00_AXI_inst/s_state_reg[31]'
INFO: [Synth 8-3886] merging instance 'U0/sha256IPCoProcessor_v1_0_S00_AXI_inst/s_state_reg[4]' (FDRE) to 'U0/sha256IPCoProcessor_v1_0_S00_AXI_inst/s_state_reg[28]'
INFO: [Synth 8-3886] merging instance 'U0/sha256IPCoProcessor_v1_0_S00_AXI_inst/s_state_reg[5]' (FDRE) to 'U0/sha256IPCoProcessor_v1_0_S00_AXI_inst/s_state_reg[29]'
INFO: [Synth 8-3886] merging instance 'U0/sha256IPCoProcessor_v1_0_S00_AXI_inst/s_state_reg[6]' (FDRE) to 'U0/sha256IPCoProcessor_v1_0_S00_AXI_inst/s_state_reg[30]'
INFO: [Synth 8-3886] merging instance 'U0/sha256IPCoProcessor_v1_0_S00_AXI_inst/s_state_reg[7]' (FDRE) to 'U0/sha256IPCoProcessor_v1_0_S00_AXI_inst/s_state_reg[31]'
INFO: [Synth 8-3886] merging instance 'U0/sha256IPCoProcessor_v1_0_S00_AXI_inst/s_state_reg[8]' (FDRE) to 'U0/sha256IPCoProcessor_v1_0_S00_AXI_inst/s_state_reg[28]'
INFO: [Synth 8-3886] merging instance 'U0/sha256IPCoProcessor_v1_0_S00_AXI_inst/s_state_reg[9]' (FDRE) to 'U0/sha256IPCoProcessor_v1_0_S00_AXI_inst/s_state_reg[29]'
INFO: [Synth 8-3886] merging instance 'U0/sha256IPCoProcessor_v1_0_S00_AXI_inst/s_state_reg[10]' (FDRE) to 'U0/sha256IPCoProcessor_v1_0_S00_AXI_inst/s_state_reg[30]'
INFO: [Synth 8-3886] merging instance 'U0/sha256IPCoProcessor_v1_0_S00_AXI_inst/s_state_reg[11]' (FDRE) to 'U0/sha256IPCoProcessor_v1_0_S00_AXI_inst/s_state_reg[31]'
INFO: [Synth 8-3886] merging instance 'U0/sha256IPCoProcessor_v1_0_S00_AXI_inst/s_state_reg[12]' (FDRE) to 'U0/sha256IPCoProcessor_v1_0_S00_AXI_inst/s_state_reg[28]'
INFO: [Synth 8-3886] merging instance 'U0/sha256IPCoProcessor_v1_0_S00_AXI_inst/s_state_reg[13]' (FDRE) to 'U0/sha256IPCoProcessor_v1_0_S00_AXI_inst/s_state_reg[29]'
INFO: [Synth 8-3886] merging instance 'U0/sha256IPCoProcessor_v1_0_S00_AXI_inst/s_state_reg[14]' (FDRE) to 'U0/sha256IPCoProcessor_v1_0_S00_AXI_inst/s_state_reg[30]'
INFO: [Synth 8-3886] merging instance 'U0/sha256IPCoProcessor_v1_0_S00_AXI_inst/s_state_reg[15]' (FDRE) to 'U0/sha256IPCoProcessor_v1_0_S00_AXI_inst/s_state_reg[31]'
INFO: [Synth 8-3886] merging instance 'U0/sha256IPCoProcessor_v1_0_S00_AXI_inst/s_state_reg[16]' (FDRE) to 'U0/sha256IPCoProcessor_v1_0_S00_AXI_inst/s_state_reg[28]'
INFO: [Synth 8-3886] merging instance 'U0/sha256IPCoProcessor_v1_0_S00_AXI_inst/s_state_reg[17]' (FDRE) to 'U0/sha256IPCoProcessor_v1_0_S00_AXI_inst/s_state_reg[29]'
INFO: [Synth 8-3886] merging instance 'U0/sha256IPCoProcessor_v1_0_S00_AXI_inst/s_state_reg[18]' (FDRE) to 'U0/sha256IPCoProcessor_v1_0_S00_AXI_inst/s_state_reg[30]'
INFO: [Synth 8-3886] merging instance 'U0/sha256IPCoProcessor_v1_0_S00_AXI_inst/s_state_reg[19]' (FDRE) to 'U0/sha256IPCoProcessor_v1_0_S00_AXI_inst/s_state_reg[31]'
INFO: [Synth 8-3886] merging instance 'U0/sha256IPCoProcessor_v1_0_S00_AXI_inst/s_state_reg[20]' (FDRE) to 'U0/sha256IPCoProcessor_v1_0_S00_AXI_inst/s_state_reg[28]'
INFO: [Synth 8-3886] merging instance 'U0/sha256IPCoProcessor_v1_0_S00_AXI_inst/s_state_reg[21]' (FDRE) to 'U0/sha256IPCoProcessor_v1_0_S00_AXI_inst/s_state_reg[29]'
INFO: [Synth 8-3886] merging instance 'U0/sha256IPCoProcessor_v1_0_S00_AXI_inst/s_state_reg[22]' (FDRE) to 'U0/sha256IPCoProcessor_v1_0_S00_AXI_inst/s_state_reg[30]'
INFO: [Synth 8-3886] merging instance 'U0/sha256IPCoProcessor_v1_0_S00_AXI_inst/s_state_reg[23]' (FDRE) to 'U0/sha256IPCoProcessor_v1_0_S00_AXI_inst/s_state_reg[31]'
INFO: [Synth 8-3886] merging instance 'U0/sha256IPCoProcessor_v1_0_S00_AXI_inst/s_state_reg[24]' (FDRE) to 'U0/sha256IPCoProcessor_v1_0_S00_AXI_inst/s_state_reg[28]'
INFO: [Synth 8-3886] merging instance 'U0/sha256IPCoProcessor_v1_0_S00_AXI_inst/s_state_reg[25]' (FDRE) to 'U0/sha256IPCoProcessor_v1_0_S00_AXI_inst/s_state_reg[29]'
INFO: [Synth 8-3886] merging instance 'U0/sha256IPCoProcessor_v1_0_S00_AXI_inst/s_state_reg[26]' (FDRE) to 'U0/sha256IPCoProcessor_v1_0_S00_AXI_inst/s_state_reg[30]'
INFO: [Synth 8-3886] merging instance 'U0/sha256IPCoProcessor_v1_0_S00_AXI_inst/s_state_reg[27]' (FDRE) to 'U0/sha256IPCoProcessor_v1_0_S00_AXI_inst/s_state_reg[31]'
INFO: [Synth 8-3333] propagating constant 0 across sequential element (\U0/sha256IPCoProcessor_v1_0_S00_AXI_inst /\s_state_reg[31] )
INFO: [Synth 8-3333] propagating constant 1 across sequential element (\U0/sha256IPCoProcessor_v1_0_S00_AXI_inst /aw_en_reg)
INFO: [Synth 8-3886] merging instance 'U0/sha256IPCoProcessor_v1_0_S00_AXI_inst/axi_rresp_reg[0]' (FDRE) to 'U0/sha256IPCoProcessor_v1_0_S00_AXI_inst/axi_rresp_reg[1]'
INFO: [Synth 8-3333] propagating constant 0 across sequential element (\U0/sha256IPCoProcessor_v1_0_S00_AXI_inst /\axi_rresp_reg[1] )
INFO: [Synth 8-3886] merging instance 'U0/sha256IPCoProcessor_v1_0_S00_AXI_inst/axi_bresp_reg[0]' (FDRE) to 'U0/sha256IPCoProcessor_v1_0_S00_AXI_inst/axi_bresp_reg[1]'
INFO: [Synth 8-3333] propagating constant 0 across sequential element (\U0/sha256IPCoProcessor_v1_0_S00_AXI_inst /\axi_bresp_reg[1] )
WARNING: [Synth 8-3332] Sequential element (aw_en_reg) is unused and will be removed from module sha256IPCoProcessor_v1_0_S00_AXI.
WARNING: [Synth 8-3332] Sequential element (axi_bresp_reg[1]) is unused and will be removed from module sha256IPCoProcessor_v1_0_S00_AXI.
WARNING: [Synth 8-3332] Sequential element (s_state_reg[31]) is unused and will be removed from module sha256IPCoProcessor_v1_0_S00_AXI.
WARNING: [Synth 8-3332] Sequential element (axi_awaddr_reg[1]) is unused and will be removed from module sha256IPCoProcessor_v1_0_S00_AXI.
WARNING: [Synth 8-3332] Sequential element (axi_awaddr_reg[0]) is unused and will be removed from module sha256IPCoProcessor_v1_0_S00_AXI.
WARNING: [Synth 8-3332] Sequential element (slv_reg11_reg[31]) is unused and will be removed from module sha256IPCoProcessor_v1_0_S00_AXI.
WARNING: [Synth 8-3332] Sequential element (slv_reg11_reg[30]) is unused and will be removed from module sha256IPCoProcessor_v1_0_S00_AXI.
WARNING: [Synth 8-3332] Sequential element (slv_reg11_reg[29]) is unused and will be removed from module sha256IPCoProcessor_v1_0_S00_AXI.
WARNING: [Synth 8-3332] Sequential element (slv_reg11_reg[28]) is unused and will be removed from module sha256IPCoProcessor_v1_0_S00_AXI.
WARNING: [Synth 8-3332] Sequential element (slv_reg11_reg[27]) is unused and will be removed from module sha256IPCoProcessor_v1_0_S00_AXI.
WARNING: [Synth 8-3332] Sequential element (slv_reg11_reg[26]) is unused and will be removed from module sha256IPCoProcessor_v1_0_S00_AXI.
WARNING: [Synth 8-3332] Sequential element (slv_reg11_reg[25]) is unused and will be removed from module sha256IPCoProcessor_v1_0_S00_AXI.
WARNING: [Synth 8-3332] Sequential element (slv_reg11_reg[24]) is unused and will be removed from module sha256IPCoProcessor_v1_0_S00_AXI.
WARNING: [Synth 8-3332] Sequential element (slv_reg11_reg[23]) is unused and will be removed from module sha256IPCoProcessor_v1_0_S00_AXI.
WARNING: [Synth 8-3332] Sequential element (slv_reg11_reg[22]) is unused and will be removed from module sha256IPCoProcessor_v1_0_S00_AXI.
WARNING: [Synth 8-3332] Sequential element (slv_reg11_reg[21]) is unused and will be removed from module sha256IPCoProcessor_v1_0_S00_AXI.
WARNING: [Synth 8-3332] Sequential element (slv_reg11_reg[20]) is unused and will be removed from module sha256IPCoProcessor_v1_0_S00_AXI.
WARNING: [Synth 8-3332] Sequential element (slv_reg11_reg[19]) is unused and will be removed from module sha256IPCoProcessor_v1_0_S00_AXI.
WARNING: [Synth 8-3332] Sequential element (slv_reg11_reg[18]) is unused and will be removed from module sha256IPCoProcessor_v1_0_S00_AXI.
WARNING: [Synth 8-3332] Sequential element (slv_reg11_reg[17]) is unused and will be removed from module sha256IPCoProcessor_v1_0_S00_AXI.
WARNING: [Synth 8-3332] Sequential element (slv_reg11_reg[16]) is unused and will be removed from module sha256IPCoProcessor_v1_0_S00_AXI.
WARNING: [Synth 8-3332] Sequential element (slv_reg11_reg[15]) is unused and will be removed from module sha256IPCoProcessor_v1_0_S00_AXI.
WARNING: [Synth 8-3332] Sequential element (slv_reg11_reg[14]) is unused and will be removed from module sha256IPCoProcessor_v1_0_S00_AXI.
WARNING: [Synth 8-3332] Sequential element (slv_reg11_reg[13]) is unused and will be removed from module sha256IPCoProcessor_v1_0_S00_AXI.
WARNING: [Synth 8-3332] Sequential element (slv_reg11_reg[12]) is unused and will be removed from module sha256IPCoProcessor_v1_0_S00_AXI.
WARNING: [Synth 8-3332] Sequential element (slv_reg11_reg[11]) is unused and will be removed from module sha256IPCoProcessor_v1_0_S00_AXI.
WARNING: [Synth 8-3332] Sequential element (slv_reg11_reg[10]) is unused and will be removed from module sha256IPCoProcessor_v1_0_S00_AXI.
WARNING: [Synth 8-3332] Sequential element (slv_reg11_reg[9]) is unused and will be removed from module sha256IPCoProcessor_v1_0_S00_AXI.
WARNING: [Synth 8-3332] Sequential element (slv_reg11_reg[8]) is unused and will be removed from module sha256IPCoProcessor_v1_0_S00_AXI.
WARNING: [Synth 8-3332] Sequential element (slv_reg11_reg[7]) is unused and will be removed from module sha256IPCoProcessor_v1_0_S00_AXI.
WARNING: [Synth 8-3332] Sequential element (slv_reg12_reg[31]) is unused and will be removed from module sha256IPCoProcessor_v1_0_S00_AXI.
WARNING: [Synth 8-3332] Sequential element (slv_reg12_reg[30]) is unused and will be removed from module sha256IPCoProcessor_v1_0_S00_AXI.
WARNING: [Synth 8-3332] Sequential element (slv_reg12_reg[29]) is unused and will be removed from module sha256IPCoProcessor_v1_0_S00_AXI.
WARNING: [Synth 8-3332] Sequential element (slv_reg12_reg[28]) is unused and will be removed from module sha256IPCoProcessor_v1_0_S00_AXI.
WARNING: [Synth 8-3332] Sequential element (slv_reg12_reg[27]) is unused and will be removed from module sha256IPCoProcessor_v1_0_S00_AXI.
WARNING: [Synth 8-3332] Sequential element (slv_reg12_reg[26]) is unused and will be removed from module sha256IPCoProcessor_v1_0_S00_AXI.
WARNING: [Synth 8-3332] Sequential element (slv_reg12_reg[25]) is unused and will be removed from module sha256IPCoProcessor_v1_0_S00_AXI.
WARNING: [Synth 8-3332] Sequential element (slv_reg12_reg[24]) is unused and will be removed from module sha256IPCoProcessor_v1_0_S00_AXI.
WARNING: [Synth 8-3332] Sequential element (slv_reg12_reg[23]) is unused and will be removed from module sha256IPCoProcessor_v1_0_S00_AXI.
WARNING: [Synth 8-3332] Sequential element (slv_reg12_reg[22]) is unused and will be removed from module sha256IPCoProcessor_v1_0_S00_AXI.
WARNING: [Synth 8-3332] Sequential element (slv_reg12_reg[21]) is unused and will be removed from module sha256IPCoProcessor_v1_0_S00_AXI.
WARNING: [Synth 8-3332] Sequential element (slv_reg12_reg[20]) is unused and will be removed from module sha256IPCoProcessor_v1_0_S00_AXI.
WARNING: [Synth 8-3332] Sequential element (slv_reg12_reg[19]) is unused and will be removed from module sha256IPCoProcessor_v1_0_S00_AXI.
WARNING: [Synth 8-3332] Sequential element (slv_reg12_reg[18]) is unused and will be removed from module sha256IPCoProcessor_v1_0_S00_AXI.
WARNING: [Synth 8-3332] Sequential element (slv_reg12_reg[17]) is unused and will be removed from module sha256IPCoProcessor_v1_0_S00_AXI.
WARNING: [Synth 8-3332] Sequential element (slv_reg12_reg[16]) is unused and will be removed from module sha256IPCoProcessor_v1_0_S00_AXI.
WARNING: [Synth 8-3332] Sequential element (slv_reg12_reg[15]) is unused and will be removed from module sha256IPCoProcessor_v1_0_S00_AXI.
WARNING: [Synth 8-3332] Sequential element (slv_reg12_reg[14]) is unused and will be removed from module sha256IPCoProcessor_v1_0_S00_AXI.
WARNING: [Synth 8-3332] Sequential element (slv_reg12_reg[13]) is unused and will be removed from module sha256IPCoProcessor_v1_0_S00_AXI.
WARNING: [Synth 8-3332] Sequential element (slv_reg12_reg[12]) is unused and will be removed from module sha256IPCoProcessor_v1_0_S00_AXI.
WARNING: [Synth 8-3332] Sequential element (slv_reg12_reg[11]) is unused and will be removed from module sha256IPCoProcessor_v1_0_S00_AXI.
WARNING: [Synth 8-3332] Sequential element (slv_reg12_reg[10]) is unused and will be removed from module sha256IPCoProcessor_v1_0_S00_AXI.
WARNING: [Synth 8-3332] Sequential element (slv_reg12_reg[9]) is unused and will be removed from module sha256IPCoProcessor_v1_0_S00_AXI.
WARNING: [Synth 8-3332] Sequential element (slv_reg12_reg[8]) is unused and will be removed from module sha256IPCoProcessor_v1_0_S00_AXI.
WARNING: [Synth 8-3332] Sequential element (slv_reg12_reg[7]) is unused and will be removed from module sha256IPCoProcessor_v1_0_S00_AXI.
WARNING: [Synth 8-3332] Sequential element (slv_reg13_reg[31]) is unused and will be removed from module sha256IPCoProcessor_v1_0_S00_AXI.
WARNING: [Synth 8-3332] Sequential element (slv_reg13_reg[30]) is unused and will be removed from module sha256IPCoProcessor_v1_0_S00_AXI.
WARNING: [Synth 8-3332] Sequential element (slv_reg13_reg[29]) is unused and will be removed from module sha256IPCoProcessor_v1_0_S00_AXI.
WARNING: [Synth 8-3332] Sequential element (slv_reg13_reg[28]) is unused and will be removed from module sha256IPCoProcessor_v1_0_S00_AXI.
WARNING: [Synth 8-3332] Sequential element (slv_reg13_reg[27]) is unused and will be removed from module sha256IPCoProcessor_v1_0_S00_AXI.
WARNING: [Synth 8-3332] Sequential element (slv_reg13_reg[26]) is unused and will be removed from module sha256IPCoProcessor_v1_0_S00_AXI.
WARNING: [Synth 8-3332] Sequential element (slv_reg13_reg[25]) is unused and will be removed from module sha256IPCoProcessor_v1_0_S00_AXI.
WARNING: [Synth 8-3332] Sequential element (slv_reg13_reg[24]) is unused and will be removed from module sha256IPCoProcessor_v1_0_S00_AXI.
WARNING: [Synth 8-3332] Sequential element (slv_reg13_reg[23]) is unused and will be removed from module sha256IPCoProcessor_v1_0_S00_AXI.
WARNING: [Synth 8-3332] Sequential element (slv_reg13_reg[22]) is unused and will be removed from module sha256IPCoProcessor_v1_0_S00_AXI.
WARNING: [Synth 8-3332] Sequential element (slv_reg13_reg[21]) is unused and will be removed from module sha256IPCoProcessor_v1_0_S00_AXI.
WARNING: [Synth 8-3332] Sequential element (slv_reg13_reg[20]) is unused and will be removed from module sha256IPCoProcessor_v1_0_S00_AXI.
WARNING: [Synth 8-3332] Sequential element (slv_reg13_reg[19]) is unused and will be removed from module sha256IPCoProcessor_v1_0_S00_AXI.
WARNING: [Synth 8-3332] Sequential element (slv_reg13_reg[18]) is unused and will be removed from module sha256IPCoProcessor_v1_0_S00_AXI.
WARNING: [Synth 8-3332] Sequential element (slv_reg13_reg[17]) is unused and will be removed from module sha256IPCoProcessor_v1_0_S00_AXI.
WARNING: [Synth 8-3332] Sequential element (slv_reg13_reg[16]) is unused and will be removed from module sha256IPCoProcessor_v1_0_S00_AXI.
WARNING: [Synth 8-3332] Sequential element (slv_reg13_reg[15]) is unused and will be removed from module sha256IPCoProcessor_v1_0_S00_AXI.
WARNING: [Synth 8-3332] Sequential element (slv_reg13_reg[14]) is unused and will be removed from module sha256IPCoProcessor_v1_0_S00_AXI.
WARNING: [Synth 8-3332] Sequential element (slv_reg13_reg[13]) is unused and will be removed from module sha256IPCoProcessor_v1_0_S00_AXI.
WARNING: [Synth 8-3332] Sequential element (slv_reg13_reg[12]) is unused and will be removed from module sha256IPCoProcessor_v1_0_S00_AXI.
WARNING: [Synth 8-3332] Sequential element (slv_reg13_reg[11]) is unused and will be removed from module sha256IPCoProcessor_v1_0_S00_AXI.
WARNING: [Synth 8-3332] Sequential element (slv_reg13_reg[10]) is unused and will be removed from module sha256IPCoProcessor_v1_0_S00_AXI.
WARNING: [Synth 8-3332] Sequential element (slv_reg13_reg[9]) is unused and will be removed from module sha256IPCoProcessor_v1_0_S00_AXI.
WARNING: [Synth 8-3332] Sequential element (slv_reg13_reg[8]) is unused and will be removed from module sha256IPCoProcessor_v1_0_S00_AXI.
WARNING: [Synth 8-3332] Sequential element (slv_reg13_reg[7]) is unused and will be removed from module sha256IPCoProcessor_v1_0_S00_AXI.
WARNING: [Synth 8-3332] Sequential element (slv_reg14_reg[31]) is unused and will be removed from module sha256IPCoProcessor_v1_0_S00_AXI.
WARNING: [Synth 8-3332] Sequential element (slv_reg14_reg[30]) is unused and will be removed from module sha256IPCoProcessor_v1_0_S00_AXI.
WARNING: [Synth 8-3332] Sequential element (slv_reg14_reg[29]) is unused and will be removed from module sha256IPCoProcessor_v1_0_S00_AXI.
WARNING: [Synth 8-3332] Sequential element (slv_reg14_reg[28]) is unused and will be removed from module sha256IPCoProcessor_v1_0_S00_AXI.
WARNING: [Synth 8-3332] Sequential element (slv_reg14_reg[27]) is unused and will be removed from module sha256IPCoProcessor_v1_0_S00_AXI.
WARNING: [Synth 8-3332] Sequential element (slv_reg14_reg[26]) is unused and will be removed from module sha256IPCoProcessor_v1_0_S00_AXI.
WARNING: [Synth 8-3332] Sequential element (slv_reg14_reg[25]) is unused and will be removed from module sha256IPCoProcessor_v1_0_S00_AXI.
WARNING: [Synth 8-3332] Sequential element (slv_reg14_reg[24]) is unused and will be removed from module sha256IPCoProcessor_v1_0_S00_AXI.
WARNING: [Synth 8-3332] Sequential element (slv_reg14_reg[23]) is unused and will be removed from module sha256IPCoProcessor_v1_0_S00_AXI.
WARNING: [Synth 8-3332] Sequential element (slv_reg14_reg[22]) is unused and will be removed from module sha256IPCoProcessor_v1_0_S00_AXI.
WARNING: [Synth 8-3332] Sequential element (slv_reg14_reg[21]) is unused and will be removed from module sha256IPCoProcessor_v1_0_S00_AXI.
WARNING: [Synth 8-3332] Sequential element (slv_reg14_reg[20]) is unused and will be removed from module sha256IPCoProcessor_v1_0_S00_AXI.
WARNING: [Synth 8-3332] Sequential element (slv_reg14_reg[19]) is unused and will be removed from module sha256IPCoProcessor_v1_0_S00_AXI.
WARNING: [Synth 8-3332] Sequential element (slv_reg14_reg[18]) is unused and will be removed from module sha256IPCoProcessor_v1_0_S00_AXI.
WARNING: [Synth 8-3332] Sequential element (slv_reg14_reg[17]) is unused and will be removed from module sha256IPCoProcessor_v1_0_S00_AXI.
WARNING: [Synth 8-3332] Sequential element (slv_reg14_reg[16]) is unused and will be removed from module sha256IPCoProcessor_v1_0_S00_AXI.
WARNING: [Synth 8-3332] Sequential element (slv_reg14_reg[15]) is unused and will be removed from module sha256IPCoProcessor_v1_0_S00_AXI.
WARNING: [Synth 8-3332] Sequential element (slv_reg14_reg[14]) is unused and will be removed from module sha256IPCoProcessor_v1_0_S00_AXI.
WARNING: [Synth 8-3332] Sequential element (slv_reg14_reg[13]) is unused and will be removed from module sha256IPCoProcessor_v1_0_S00_AXI.
WARNING: [Synth 8-3332] Sequential element (slv_reg14_reg[12]) is unused and will be removed from module sha256IPCoProcessor_v1_0_S00_AXI.
INFO: [Common 17-14] Message 'Synth 8-3332' appears 100 times and further instances of the messages will be disabled. Use the Tcl command set_msg_config to change the current settings.
---------------------------------------------------------------------------------
Finished Cross Boundary and Area Optimization : Time (s): cpu = 00:02:10 ; elapsed = 00:02:14 . Memory (MB): peak = 973.363 ; gain = 719.695
---------------------------------------------------------------------------------
---------------------------------------------------------------------------------
Start ROM, RAM, DSP and Shift Register Reporting
---------------------------------------------------------------------------------

ROM:
+---------------------------------+------------------------+---------------+----------------+
|Module Name                      | RTL Object             | Depth x Width | Implemented As | 
+---------------------------------+------------------------+---------------+----------------+
|sha256IPCoProcessor_v1_0_S00_AXI | s_compressionI_reg_rep | 128x32        | Block RAM      | 
|sha256IPCoProcessor_v1_0_S00_AXI | s_compressionI_reg_rep | 128x32        | Block RAM      | 
+---------------------------------+------------------------+---------------+----------------+

---------------------------------------------------------------------------------
Finished ROM, RAM, DSP and Shift Register Reporting
---------------------------------------------------------------------------------

Report RTL Partitions: 
+-+--------------+------------+----------+
| |RTL Partition |Replication |Instances |
+-+--------------+------------+----------+
+-+--------------+------------+----------+
---------------------------------------------------------------------------------
Start Applying XDC Timing Constraints
---------------------------------------------------------------------------------
---------------------------------------------------------------------------------
Finished Applying XDC Timing Constraints : Time (s): cpu = 00:02:23 ; elapsed = 00:02:28 . Memory (MB): peak = 973.363 ; gain = 719.695
---------------------------------------------------------------------------------
---------------------------------------------------------------------------------
Start Timing Optimization
---------------------------------------------------------------------------------
---------------------------------------------------------------------------------
Finished Timing Optimization : Time (s): cpu = 00:02:25 ; elapsed = 00:02:30 . Memory (MB): peak = 973.363 ; gain = 719.695
---------------------------------------------------------------------------------

Report RTL Partitions: 
+-+--------------+------------+----------+
| |RTL Partition |Replication |Instances |
+-+--------------+------------+----------+
+-+--------------+------------+----------+
---------------------------------------------------------------------------------
Start Technology Mapping
---------------------------------------------------------------------------------
INFO: [Synth 8-4480] The timing for the instance U0/sha256IPCoProcessor_v1_0_S00_AXI_inst/s_compressionI_reg_rep (implemented as a block RAM) might be sub-optimal as no optional output register could be merged into the block ram. Providing additional output register may help in improving timing.
INFO: [Synth 8-4480] The timing for the instance U0/sha256IPCoProcessor_v1_0_S00_AXI_inst/s_compressionI_reg_rep (implemented as a block RAM) might be sub-optimal as no optional output register could be merged into the block ram. Providing additional output register may help in improving timing.
---------------------------------------------------------------------------------
Finished Technology Mapping : Time (s): cpu = 00:02:30 ; elapsed = 00:02:34 . Memory (MB): peak = 973.363 ; gain = 719.695
---------------------------------------------------------------------------------

Report RTL Partitions: 
+-+--------------+------------+----------+
| |RTL Partition |Replication |Instances |
+-+--------------+------------+----------+
+-+--------------+------------+----------+
---------------------------------------------------------------------------------
Start IO Insertion
---------------------------------------------------------------------------------
---------------------------------------------------------------------------------
Start Flattening Before IO Insertion
---------------------------------------------------------------------------------
---------------------------------------------------------------------------------
Finished Flattening Before IO Insertion
---------------------------------------------------------------------------------
---------------------------------------------------------------------------------
Start Final Netlist Cleanup
---------------------------------------------------------------------------------
---------------------------------------------------------------------------------
Finished Final Netlist Cleanup
---------------------------------------------------------------------------------
---------------------------------------------------------------------------------
Finished IO Insertion : Time (s): cpu = 00:02:32 ; elapsed = 00:02:37 . Memory (MB): peak = 973.363 ; gain = 719.695
---------------------------------------------------------------------------------

Report Check Netlist: 
+------+------------------+-------+---------+-------+------------------+
|      |Item              |Errors |Warnings |Status |Description       |
+------+------------------+-------+---------+-------+------------------+
|1     |multi_driven_nets |      0|        0|Passed |Multi driven nets |
+------+------------------+-------+---------+-------+------------------+
---------------------------------------------------------------------------------
Start Renaming Generated Instances
---------------------------------------------------------------------------------
---------------------------------------------------------------------------------
Finished Renaming Generated Instances : Time (s): cpu = 00:02:32 ; elapsed = 00:02:37 . Memory (MB): peak = 973.363 ; gain = 719.695
---------------------------------------------------------------------------------

Report RTL Partitions: 
+-+--------------+------------+----------+
| |RTL Partition |Replication |Instances |
+-+--------------+------------+----------+
+-+--------------+------------+----------+
---------------------------------------------------------------------------------
Start Rebuilding User Hierarchy
---------------------------------------------------------------------------------
---------------------------------------------------------------------------------
Finished Rebuilding User Hierarchy : Time (s): cpu = 00:02:33 ; elapsed = 00:02:37 . Memory (MB): peak = 973.363 ; gain = 719.695
---------------------------------------------------------------------------------
---------------------------------------------------------------------------------
Start Renaming Generated Ports
---------------------------------------------------------------------------------
---------------------------------------------------------------------------------
Finished Renaming Generated Ports : Time (s): cpu = 00:02:33 ; elapsed = 00:02:37 . Memory (MB): peak = 973.363 ; gain = 719.695
---------------------------------------------------------------------------------
---------------------------------------------------------------------------------
Start Handling Custom Attributes
---------------------------------------------------------------------------------
---------------------------------------------------------------------------------
Finished Handling Custom Attributes : Time (s): cpu = 00:02:33 ; elapsed = 00:02:38 . Memory (MB): peak = 973.363 ; gain = 719.695
---------------------------------------------------------------------------------
---------------------------------------------------------------------------------
Start Renaming Generated Nets
---------------------------------------------------------------------------------
---------------------------------------------------------------------------------
Finished Renaming Generated Nets : Time (s): cpu = 00:02:33 ; elapsed = 00:02:38 . Memory (MB): peak = 973.363 ; gain = 719.695
---------------------------------------------------------------------------------
---------------------------------------------------------------------------------
Start Writing Synthesis Report
---------------------------------------------------------------------------------

Report BlackBoxes: 
+-+--------------+----------+
| |BlackBox name |Instances |
+-+--------------+----------+
+-+--------------+----------+

Report Cell Usage: 
+------+---------+------+
|      |Cell     |Count |
+------+---------+------+
|1     |CARRY4   |   124|
|2     |LUT1     |    25|
|3     |LUT2     |   389|
|4     |LUT3     |   344|
|5     |LUT4     |   359|
|6     |LUT5     |   207|
|7     |LUT6     |  5835|
|8     |MUXF7    |  2464|
|9     |MUXF8    |  1152|
|10    |RAMB18E1 |     1|
|11    |FDRE     |  3208|
|12    |FDSE     |   142|
+------+---------+------+

Report Instance Areas: 
+------+------------------------------------------+---------------------------------+------+
|      |Instance                                  |Module                           |Cells |
+------+------------------------------------------+---------------------------------+------+
|1     |top                                       |                                 | 14250|
|2     |  U0                                      |sha256IPCoProcessor_v1_0         | 14250|
|3     |    sha256IPCoProcessor_v1_0_S00_AXI_inst |sha256IPCoProcessor_v1_0_S00_AXI | 14248|
+------+------------------------------------------+---------------------------------+------+
---------------------------------------------------------------------------------
Finished Writing Synthesis Report : Time (s): cpu = 00:02:33 ; elapsed = 00:02:38 . Memory (MB): peak = 973.363 ; gain = 719.695
---------------------------------------------------------------------------------
Synthesis finished with 0 errors, 0 critical warnings and 157 warnings.
Synthesis Optimization Runtime : Time (s): cpu = 00:02:14 ; elapsed = 00:02:28 . Memory (MB): peak = 973.363 ; gain = 373.324
Synthesis Optimization Complete : Time (s): cpu = 00:02:33 ; elapsed = 00:02:38 . Memory (MB): peak = 973.363 ; gain = 719.695
INFO: [Project 1-571] Translating synthesized netlist
INFO: [Netlist 29-17] Analyzing 3741 Unisim elements for replacement
INFO: [Netlist 29-28] Unisim Transformation completed in 0 CPU seconds
WARNING: [Netlist 29-101] Netlist 'design_1_sha256IPCoProcessor_0_0' is not ideal for floorplanning, since the cellview 'sha256IPCoProcessor_v1_0_S00_AXI' contains a large number of primitives.  Please consider enabling hierarchy in synthesis if you want to do floorplanning.
INFO: [Project 1-570] Preparing netlist for logic optimization
INFO: [Opt 31-138] Pushed 0 inverter(s) to 0 load pin(s).
INFO: [Project 1-111] Unisim Transformation Summary:
No Unisim elements were transformed.

INFO: [Common 17-83] Releasing license: Synthesis
161 Infos, 149 Warnings, 0 Critical Warnings and 0 Errors encountered.
synth_design completed successfully
synth_design: Time (s): cpu = 00:02:38 ; elapsed = 00:02:43 . Memory (MB): peak = 973.363 ; gain = 731.160
INFO: [Common 17-1381] The checkpoint 'D:/Universidade/cr/SHA2/SHA2.runs/design_1_sha256IPCoProcessor_0_0_synth_1/design_1_sha256IPCoProcessor_0_0.dcp' has been generated.
