Copyright 1986-2017 Xilinx, Inc. All Rights Reserved.
------------------------------------------------------------------------------------
| Tool Version : Vivado v.2017.4 (win64) Build 2086221 Fri Dec 15 20:55:39 MST 2017
| Date         : Thu May 17 20:37:38 2018
| Host         : DESKTOP-1UKU17Q running 64-bit major release  (build 9200)
| Command      : upgrade_ip
| Device       : xc7a100tcsg324-1
------------------------------------------------------------------------------------

Upgrade Log for IP 'design_1_SHA256CoProcessorStream_0_1'

1. Summary
----------

SUCCESS in the upgrade of design_1_SHA256CoProcessorStream_0_1 (xilinx.com:user:SHA256CoProcessorStream:1.0) from (Rev. 11) to (Rev. 12)






Copyright 1986-2017 Xilinx, Inc. All Rights Reserved.
------------------------------------------------------------------------------------
| Tool Version : Vivado v.2017.4 (win64) Build 2086221 Fri Dec 15 20:55:39 MST 2017
| Date         : Thu May 17 19:48:56 2018
| Host         : DESKTOP-1UKU17Q running 64-bit major release  (build 9200)
| Command      : upgrade_ip
| Device       : xc7a100tcsg324-1
------------------------------------------------------------------------------------

Upgrade Log for IP 'design_1_SHA256CoProcessorStream_0_1'

1. Summary
----------

SUCCESS in the upgrade of design_1_SHA256CoProcessorStream_0_1 (xilinx.com:user:SHA256CoProcessorStream:1.0) from (Rev. 10) to (Rev. 11)






Copyright 1986-2017 Xilinx, Inc. All Rights Reserved.
------------------------------------------------------------------------------------
| Tool Version : Vivado v.2017.4 (win64) Build 2086221 Fri Dec 15 20:55:39 MST 2017
| Date         : Thu May 17 19:33:53 2018
| Host         : DESKTOP-1UKU17Q running 64-bit major release  (build 9200)
| Command      : upgrade_ip
| Device       : xc7a100tcsg324-1
------------------------------------------------------------------------------------

Upgrade Log for IP 'design_1_SHA256CoProcessorStream_0_1'

1. Summary
----------

SUCCESS in the upgrade of design_1_SHA256CoProcessorStream_0_1 (xilinx.com:user:SHA256CoProcessorStream:1.0) from (Rev. 9) to (Rev. 10)






Copyright 1986-2017 Xilinx, Inc. All Rights Reserved.
------------------------------------------------------------------------------------
| Tool Version : Vivado v.2017.4 (win64) Build 2086221 Fri Dec 15 20:55:39 MST 2017
| Date         : Thu May 17 19:04:37 2018
| Host         : DESKTOP-1UKU17Q running 64-bit major release  (build 9200)
| Command      : upgrade_ip
| Device       : xc7a100tcsg324-1
------------------------------------------------------------------------------------

Upgrade Log for IP 'design_1_SHA256CoProcessorStream_0_1'

1. Summary
----------

SUCCESS in the upgrade of design_1_SHA256CoProcessorStream_0_1 (xilinx.com:user:SHA256CoProcessorStream:1.0) from (Rev. 8) to (Rev. 9)






Copyright 1986-2017 Xilinx, Inc. All Rights Reserved.
------------------------------------------------------------------------------------
| Tool Version : Vivado v.2017.4 (win64) Build 2086221 Fri Dec 15 20:55:39 MST 2017
| Date         : Thu May 17 18:30:01 2018
| Host         : DESKTOP-1UKU17Q running 64-bit major release  (build 9200)
| Command      : upgrade_ip
| Device       : xc7a100tcsg324-1
------------------------------------------------------------------------------------

Upgrade Log for IP 'design_1_SHA256CoProcessorStream_0_1'

1. Summary
----------

SUCCESS in the upgrade of design_1_SHA256CoProcessorStream_0_1 (xilinx.com:user:SHA256CoProcessorStream:1.0) from (Rev. 7) to (Rev. 8)






Copyright 1986-2017 Xilinx, Inc. All Rights Reserved.
------------------------------------------------------------------------------------
| Tool Version : Vivado v.2017.4 (win64) Build 2086221 Fri Dec 15 20:55:39 MST 2017
| Date         : Thu May 17 17:34:48 2018
| Host         : DESKTOP-1UKU17Q running 64-bit major release  (build 9200)
| Command      : upgrade_ip
| Device       : xc7a100tcsg324-1
------------------------------------------------------------------------------------

Upgrade Log for IP 'design_1_SHA256CoProcessorStream_0_1'

1. Summary
----------

SUCCESS in the upgrade of design_1_SHA256CoProcessorStream_0_1 (xilinx.com:user:SHA256CoProcessorStream:1.0) from (Rev. 5) to (Rev. 7)






Copyright 1986-2017 Xilinx, Inc. All Rights Reserved.
------------------------------------------------------------------------------------
| Tool Version : Vivado v.2017.4 (win64) Build 2086221 Fri Dec 15 20:55:39 MST 2017
| Date         : Thu May 17 17:22:54 2018
| Host         : DESKTOP-1UKU17Q running 64-bit major release  (build 9200)
| Command      : upgrade_ip
| Device       : xc7a100tcsg324-1
------------------------------------------------------------------------------------

Upgrade Log for IP 'design_1_SHA256CoProcessorStream_0_1'

1. Summary
----------

SUCCESS in the upgrade of design_1_SHA256CoProcessorStream_0_1 (xilinx.com:user:SHA256CoProcessorStream:1.0) from (Rev. 4) to (Rev. 5)






Copyright 1986-2017 Xilinx, Inc. All Rights Reserved.
------------------------------------------------------------------------------------
| Tool Version : Vivado v.2017.4 (win64) Build 2086221 Fri Dec 15 20:55:39 MST 2017
| Date         : Thu May 17 17:19:46 2018
| Host         : DESKTOP-1UKU17Q running 64-bit major release  (build 9200)
| Command      : upgrade_ip
| Device       : xc7a100tcsg324-1
------------------------------------------------------------------------------------

Upgrade Log for IP 'design_1_SHA256CoProcessorStream_0_1'

1. Summary
----------

SUCCESS in the upgrade of design_1_SHA256CoProcessorStream_0_1 (xilinx.com:user:SHA256CoProcessorStream:1.0) from (Rev. 3) to (Rev. 4)






Copyright 1986-2017 Xilinx, Inc. All Rights Reserved.
------------------------------------------------------------------------------------
| Tool Version : Vivado v.2017.4 (win64) Build 2086221 Fri Dec 15 20:55:39 MST 2017
| Date         : Thu May 17 17:15:11 2018
| Host         : DESKTOP-1UKU17Q running 64-bit major release  (build 9200)
| Command      : upgrade_ip
| Device       : xc7a100tcsg324-1
------------------------------------------------------------------------------------

Upgrade Log for IP 'design_1_SHA256CoProcessorStream_0_1'

1. Summary
----------

SUCCESS in the upgrade of design_1_SHA256CoProcessorStream_0_1 (xilinx.com:user:SHA256CoProcessorStream:1.0) from (Rev. 1) to (Rev. 3)






Copyright 1986-2017 Xilinx, Inc. All Rights Reserved.
------------------------------------------------------------------------------------
| Tool Version : Vivado v.2017.4 (win64) Build 2086221 Fri Dec 15 20:55:39 MST 2017
| Date         : Fri May 11 23:43:14 2018
| Host         : DESKTOP-1UKU17Q running 64-bit major release  (build 9200)
| Command      : upgrade_ip
| Device       : xc7a100tcsg324-1
------------------------------------------------------------------------------------

Upgrade Log for IP 'design_1_sha256IPCoProcessor_0_0'

1. Summary
----------

SUCCESS in the conversion of design_1_sha256IPCoProcessor_0_0 (xilinx.com:user:sha256IPCoProcessor:1.0 (Rev. 34)) to Vivado generation flows.






Copyright 1986-2017 Xilinx, Inc. All Rights Reserved.
------------------------------------------------------------------------------------
| Tool Version : Vivado v.2017.4 (win64) Build 2086221 Fri Dec 15 20:55:39 MST 2017
| Date         : Fri May 11 23:05:17 2018
| Host         : DESKTOP-1UKU17Q running 64-bit major release  (build 9200)
| Command      : upgrade_ip
| Device       : xc7a100tcsg324-1
------------------------------------------------------------------------------------

Upgrade Log for IP 'design_1_sha256IPCoProcessor_0_0'

1. Summary
----------

SUCCESS in the upgrade of design_1_sha256IPCoProcessor_0_0 (xilinx.com:user:sha256IPCoProcessor:1.0) from (Rev. 33) to (Rev. 34)






Copyright 1986-2017 Xilinx, Inc. All Rights Reserved.
------------------------------------------------------------------------------------
| Tool Version : Vivado v.2017.4 (win64) Build 2086221 Fri Dec 15 20:55:39 MST 2017
| Date         : Fri May 11 21:56:15 2018
| Host         : DESKTOP-1UKU17Q running 64-bit major release  (build 9200)
| Command      : upgrade_ip
| Device       : xc7a100tcsg324-1
------------------------------------------------------------------------------------

Upgrade Log for IP 'design_1_sha256IPCoProcessor_0_0'

1. Summary
----------

SUCCESS in the upgrade of design_1_sha256IPCoProcessor_0_0 (xilinx.com:user:sha256IPCoProcessor:1.0) from (Rev. 32) to (Rev. 33)






Copyright 1986-2017 Xilinx, Inc. All Rights Reserved.
------------------------------------------------------------------------------------
| Tool Version : Vivado v.2017.4 (win64) Build 2086221 Fri Dec 15 20:55:39 MST 2017
| Date         : Fri May 11 21:31:59 2018
| Host         : DESKTOP-1UKU17Q running 64-bit major release  (build 9200)
| Command      : upgrade_ip
| Device       : xc7a100tcsg324-1
------------------------------------------------------------------------------------

Upgrade Log for IP 'design_1_sha256IPCoProcessor_0_0'

1. Summary
----------

SUCCESS in the upgrade of design_1_sha256IPCoProcessor_0_0 (xilinx.com:user:sha256IPCoProcessor:1.0) from (Rev. 31) to (Rev. 32)






Copyright 1986-2017 Xilinx, Inc. All Rights Reserved.
------------------------------------------------------------------------------------
| Tool Version : Vivado v.2017.4 (win64) Build 2086221 Fri Dec 15 20:55:39 MST 2017
| Date         : Fri May 11 20:50:52 2018
| Host         : DESKTOP-1UKU17Q running 64-bit major release  (build 9200)
| Command      : upgrade_ip
| Device       : xc7a100tcsg324-1
------------------------------------------------------------------------------------

Upgrade Log for IP 'design_1_sha256IPCoProcessor_0_0'

1. Summary
----------

SUCCESS in the upgrade of design_1_sha256IPCoProcessor_0_0 (xilinx.com:user:sha256IPCoProcessor:1.0) from (Rev. 30) to (Rev. 31)






Copyright 1986-2017 Xilinx, Inc. All Rights Reserved.
------------------------------------------------------------------------------------
| Tool Version : Vivado v.2017.4 (win64) Build 2086221 Fri Dec 15 20:55:39 MST 2017
| Date         : Fri May 11 20:15:19 2018
| Host         : DESKTOP-1UKU17Q running 64-bit major release  (build 9200)
| Command      : upgrade_ip
| Device       : xc7a100tcsg324-1
------------------------------------------------------------------------------------

Upgrade Log for IP 'design_1_sha256IPCoProcessor_0_0'

1. Summary
----------

SUCCESS in the upgrade of design_1_sha256IPCoProcessor_0_0 (xilinx.com:user:sha256IPCoProcessor:1.0) from (Rev. 29) to (Rev. 30)






Copyright 1986-2017 Xilinx, Inc. All Rights Reserved.
------------------------------------------------------------------------------------
| Tool Version : Vivado v.2017.4 (win64) Build 2086221 Fri Dec 15 20:55:39 MST 2017
| Date         : Fri May 11 20:08:32 2018
| Host         : DESKTOP-1UKU17Q running 64-bit major release  (build 9200)
| Command      : upgrade_ip
| Device       : xc7a100tcsg324-1
------------------------------------------------------------------------------------

Upgrade Log for IP 'design_1_sha256IPCoProcessor_0_0'

1. Summary
----------

SUCCESS in the upgrade of design_1_sha256IPCoProcessor_0_0 (xilinx.com:user:sha256IPCoProcessor:1.0) from (Rev. 28) to (Rev. 29)






Copyright 1986-2017 Xilinx, Inc. All Rights Reserved.
------------------------------------------------------------------------------------
| Tool Version : Vivado v.2017.4 (win64) Build 2086221 Fri Dec 15 20:55:39 MST 2017
| Date         : Fri May 11 19:40:38 2018
| Host         : DESKTOP-1UKU17Q running 64-bit major release  (build 9200)
| Command      : upgrade_ip
| Device       : xc7a100tcsg324-1
------------------------------------------------------------------------------------

Upgrade Log for IP 'design_1_sha256IPCoProcessor_0_0'

1. Summary
----------

SUCCESS in the upgrade of design_1_sha256IPCoProcessor_0_0 (xilinx.com:user:sha256IPCoProcessor:1.0) from (Rev. 27) to (Rev. 28)






Copyright 1986-2017 Xilinx, Inc. All Rights Reserved.
------------------------------------------------------------------------------------
| Tool Version : Vivado v.2017.4 (win64) Build 2086221 Fri Dec 15 20:55:39 MST 2017
| Date         : Fri May 11 19:04:30 2018
| Host         : DESKTOP-1UKU17Q running 64-bit major release  (build 9200)
| Command      : upgrade_ip
| Device       : xc7a100tcsg324-1
------------------------------------------------------------------------------------

Upgrade Log for IP 'design_1_sha256IPCoProcessor_0_0'

1. Summary
----------

SUCCESS in the upgrade of design_1_sha256IPCoProcessor_0_0 (xilinx.com:user:sha256IPCoProcessor:1.0) from (Rev. 26) to (Rev. 27)






Copyright 1986-2017 Xilinx, Inc. All Rights Reserved.
------------------------------------------------------------------------------------
| Tool Version : Vivado v.2017.4 (win64) Build 2086221 Fri Dec 15 20:55:39 MST 2017
| Date         : Fri May 11 18:46:19 2018
| Host         : DESKTOP-1UKU17Q running 64-bit major release  (build 9200)
| Command      : upgrade_ip
| Device       : xc7a100tcsg324-1
------------------------------------------------------------------------------------

Upgrade Log for IP 'design_1_sha256IPCoProcessor_0_0'

1. Summary
----------

SUCCESS in the upgrade of design_1_sha256IPCoProcessor_0_0 (xilinx.com:user:sha256IPCoProcessor:1.0) from (Rev. 25) to (Rev. 26)






Copyright 1986-2017 Xilinx, Inc. All Rights Reserved.
------------------------------------------------------------------------------------
| Tool Version : Vivado v.2017.4 (win64) Build 2086221 Fri Dec 15 20:55:39 MST 2017
| Date         : Fri May 11 18:06:45 2018
| Host         : DESKTOP-1UKU17Q running 64-bit major release  (build 9200)
| Command      : upgrade_ip
| Device       : xc7a100tcsg324-1
------------------------------------------------------------------------------------

Upgrade Log for IP 'design_1_sha256IPCoProcessor_0_0'

1. Summary
----------

SUCCESS in the upgrade of design_1_sha256IPCoProcessor_0_0 (xilinx.com:user:sha256IPCoProcessor:1.0) from (Rev. 24) to (Rev. 25)






Copyright 1986-2017 Xilinx, Inc. All Rights Reserved.
------------------------------------------------------------------------------------
| Tool Version : Vivado v.2017.4 (win64) Build 2086221 Fri Dec 15 20:55:39 MST 2017
| Date         : Fri May 11 17:41:16 2018
| Host         : DESKTOP-1UKU17Q running 64-bit major release  (build 9200)
| Command      : upgrade_ip
| Device       : xc7a100tcsg324-1
------------------------------------------------------------------------------------

Upgrade Log for IP 'design_1_sha256IPCoProcessor_0_0'

1. Summary
----------

SUCCESS in the upgrade of design_1_sha256IPCoProcessor_0_0 (xilinx.com:user:sha256IPCoProcessor:1.0) from (Rev. 23) to (Rev. 24)






Copyright 1986-2017 Xilinx, Inc. All Rights Reserved.
------------------------------------------------------------------------------------
| Tool Version : Vivado v.2017.4 (win64) Build 2086221 Fri Dec 15 20:55:39 MST 2017
| Date         : Fri May 11 17:14:32 2018
| Host         : DESKTOP-1UKU17Q running 64-bit major release  (build 9200)
| Command      : upgrade_ip
| Device       : xc7a100tcsg324-1
------------------------------------------------------------------------------------

Upgrade Log for IP 'design_1_sha256IPCoProcessor_0_0'

1. Summary
----------

SUCCESS in the conversion of design_1_sha256IPCoProcessor_0_0 (xilinx.com:user:sha256IPCoProcessor:1.0 (Rev. 23)) to Vivado generation flows.






Copyright 1986-2017 Xilinx, Inc. All Rights Reserved.
------------------------------------------------------------------------------------
| Tool Version : Vivado v.2017.4 (win64) Build 2086221 Fri Dec 15 20:55:39 MST 2017
| Date         : Fri May 11 15:45:18 2018
| Host         : DESKTOP-1UKU17Q running 64-bit major release  (build 9200)
| Command      : upgrade_ip
| Device       : xc7a100tcsg324-1
------------------------------------------------------------------------------------

Upgrade Log for IP 'design_1_sha256IPCoProcessor_0_0'

1. Summary
----------

SUCCESS in the upgrade of design_1_sha256IPCoProcessor_0_0 (xilinx.com:user:sha256IPCoProcessor:1.0) from (Rev. 22) to (Rev. 23)






Copyright 1986-2017 Xilinx, Inc. All Rights Reserved.
------------------------------------------------------------------------------------
| Tool Version : Vivado v.2017.4 (win64) Build 2086221 Fri Dec 15 20:55:39 MST 2017
| Date         : Fri May 11 15:11:10 2018
| Host         : DESKTOP-1UKU17Q running 64-bit major release  (build 9200)
| Command      : upgrade_ip
| Device       : xc7a100tcsg324-1
------------------------------------------------------------------------------------

Upgrade Log for IP 'design_1_sha256IPCoProcessor_0_0'

1. Summary
----------

SUCCESS in the upgrade of design_1_sha256IPCoProcessor_0_0 (xilinx.com:user:sha256IPCoProcessor:1.0) from (Rev. 21) to (Rev. 22)






Copyright 1986-2017 Xilinx, Inc. All Rights Reserved.
------------------------------------------------------------------------------------
| Tool Version : Vivado v.2017.4 (win64) Build 2086221 Fri Dec 15 20:55:39 MST 2017
| Date         : Fri May 11 13:16:04 2018
| Host         : DESKTOP-1UKU17Q running 64-bit major release  (build 9200)
| Command      : upgrade_ip
| Device       : xc7a100tcsg324-1
------------------------------------------------------------------------------------

Upgrade Log for IP 'design_1_sha256IPCoProcessor_0_0'

1. Summary
----------

SUCCESS in the upgrade of design_1_sha256IPCoProcessor_0_0 (xilinx.com:user:sha256IPCoProcessor:1.0) from (Rev. 20) to (Rev. 21)






Copyright 1986-2017 Xilinx, Inc. All Rights Reserved.
------------------------------------------------------------------------------------
| Tool Version : Vivado v.2017.4 (win64) Build 2086221 Fri Dec 15 20:55:39 MST 2017
| Date         : Fri May 11 12:01:56 2018
| Host         : DESKTOP-1UKU17Q running 64-bit major release  (build 9200)
| Command      : upgrade_ip
| Device       : xc7a100tcsg324-1
------------------------------------------------------------------------------------

Upgrade Log for IP 'design_1_sha256IPCoProcessor_0_0'

1. Summary
----------

SUCCESS in the conversion of design_1_sha256IPCoProcessor_0_0 (xilinx.com:user:sha256IPCoProcessor:1.0 (Rev. 20)) to Vivado generation flows.






Copyright 1986-2017 Xilinx, Inc. All Rights Reserved.
------------------------------------------------------------------------------------
| Tool Version : Vivado v.2017.4 (win64) Build 2086221 Fri Dec 15 20:55:39 MST 2017
| Date         : Fri May 11 12:01:40 2018
| Host         : DESKTOP-1UKU17Q running 64-bit major release  (build 9200)
| Command      : upgrade_ip
| Device       : xc7a100tcsg324-1
------------------------------------------------------------------------------------

Upgrade Log for IP 'design_1_sha256IPCoProcessor_0_0'

1. Summary
----------

SUCCESS in the upgrade of design_1_sha256IPCoProcessor_0_0 (xilinx.com:user:sha256IPCoProcessor:1.0) from (Rev. 19) to (Rev. 20)






Copyright 1986-2017 Xilinx, Inc. All Rights Reserved.
------------------------------------------------------------------------------------
| Tool Version : Vivado v.2017.4 (win64) Build 2086221 Fri Dec 15 20:55:39 MST 2017
| Date         : Fri May 11 00:35:55 2018
| Host         : DESKTOP-1UKU17Q running 64-bit major release  (build 9200)
| Command      : upgrade_ip
| Device       : xc7a100tcsg324-1
------------------------------------------------------------------------------------

Upgrade Log for IP 'design_1_sha256IPCoProcessor_0_0'

1. Summary
----------

SUCCESS in the upgrade of design_1_sha256IPCoProcessor_0_0 (xilinx.com:user:sha256IPCoProcessor:1.0) from (Rev. 18) to (Rev. 19)






Copyright 1986-2017 Xilinx, Inc. All Rights Reserved.
------------------------------------------------------------------------------------
| Tool Version : Vivado v.2017.4 (win64) Build 2086221 Fri Dec 15 20:55:39 MST 2017
| Date         : Fri May 11 00:19:54 2018
| Host         : DESKTOP-1UKU17Q running 64-bit major release  (build 9200)
| Command      : upgrade_ip
| Device       : xc7a100tcsg324-1
------------------------------------------------------------------------------------

Upgrade Log for IP 'design_1_sha256IPCoProcessor_0_0'

1. Summary
----------

SUCCESS in the upgrade of design_1_sha256IPCoProcessor_0_0 (xilinx.com:user:sha256IPCoProcessor:1.0) from (Rev. 17) to (Rev. 18)






Copyright 1986-2017 Xilinx, Inc. All Rights Reserved.
------------------------------------------------------------------------------------
| Tool Version : Vivado v.2017.4 (win64) Build 2086221 Fri Dec 15 20:55:39 MST 2017
| Date         : Fri May 11 00:04:54 2018
| Host         : DESKTOP-1UKU17Q running 64-bit major release  (build 9200)
| Command      : upgrade_ip
| Device       : xc7a100tcsg324-1
------------------------------------------------------------------------------------

Upgrade Log for IP 'design_1_sha256IPCoProcessor_0_0'

1. Summary
----------

SUCCESS in the upgrade of design_1_sha256IPCoProcessor_0_0 (xilinx.com:user:sha256IPCoProcessor:1.0) from (Rev. 16) to (Rev. 17)






Copyright 1986-2017 Xilinx, Inc. All Rights Reserved.
------------------------------------------------------------------------------------
| Tool Version : Vivado v.2017.4 (win64) Build 2086221 Fri Dec 15 20:55:39 MST 2017
| Date         : Thu May 10 23:52:13 2018
| Host         : DESKTOP-1UKU17Q running 64-bit major release  (build 9200)
| Command      : upgrade_ip
| Device       : xc7a100tcsg324-1
------------------------------------------------------------------------------------

Upgrade Log for IP 'design_1_sha256IPCoProcessor_0_0'

1. Summary
----------

SUCCESS in the upgrade of design_1_sha256IPCoProcessor_0_0 (xilinx.com:user:sha256IPCoProcessor:1.0) from (Rev. 15) to (Rev. 16)






Copyright 1986-2017 Xilinx, Inc. All Rights Reserved.
------------------------------------------------------------------------------------
| Tool Version : Vivado v.2017.4 (win64) Build 2086221 Fri Dec 15 20:55:39 MST 2017
| Date         : Thu May 10 23:40:14 2018
| Host         : DESKTOP-1UKU17Q running 64-bit major release  (build 9200)
| Command      : upgrade_ip
| Device       : xc7a100tcsg324-1
------------------------------------------------------------------------------------

Upgrade Log for IP 'design_1_sha256IPCoProcessor_0_0'

1. Summary
----------

SUCCESS in the upgrade of design_1_sha256IPCoProcessor_0_0 (xilinx.com:user:sha256IPCoProcessor:1.0) from (Rev. 13) to (Rev. 15)

