#-----------------------------------------------------------
# Webtalk v2017.4 (64-bit)
# SW Build 2086221 on Fri Dec 15 20:55:39 MST 2017
# 
# Start of session at: Tue Apr 17 15:40:41 2018
# Process ID: 2432
# Current directory: D:/Universidade/cr/StreamCopDemo/StreamCopDemo.sdk/webtalk
# Command line: wbtcv.exe -mode batch -source sdk_webtalk.tcl
# Log file: D:/Universidade/cr/StreamCopDemo/StreamCopDemo.sdk/webtalk/webtalk.log
# Journal file: D:/Universidade/cr/StreamCopDemo/StreamCopDemo.sdk/webtalk\webtalk.jou
#-----------------------------------------------------------
source sdk_webtalk.tcl
# webtalk_init -webtalk_dir D:\\Universidade\\cr\\StreamCopDemo\\StreamCopDemo.sdk\\webtalk
# webtalk_register_client -client project
# webtalk_add_data -client project -key date_generated -value "2018-04-17 15:40:39" -context "software_version_and_target_device"
# webtalk_add_data -client project -key product_version -value "SDK v2017.4" -context "software_version_and_target_device"
# webtalk_add_data -client project -key build_version -value "2017.4" -context "software_version_and_target_device"
# webtalk_add_data -client project -key os_platform -value "amd64" -context "software_version_and_target_device"
# webtalk_add_data -client project -key registration_id -value "174914471_178259212_210646180_906" -context "software_version_and_target_device"
# webtalk_add_data -client project -key tool_flow -value "SDK" -context "software_version_and_target_device"
# webtalk_add_data -client project -key beta -value "false" -context "software_version_and_target_device"
# webtalk_add_data -client project -key route_design -value "NA" -context "software_version_and_target_device"
# webtalk_add_data -client project -key target_family -value "NA" -context "software_version_and_target_device"
# webtalk_add_data -client project -key target_device -value "NA" -context "software_version_and_target_device"
# webtalk_add_data -client project -key target_package -value "NA" -context "software_version_and_target_device"
# webtalk_add_data -client project -key target_speed -value "NA" -context "software_version_and_target_device"
# webtalk_add_data -client project -key random_id -value "ui7m3ojbj7ntgfbdfb0curavpo" -context "software_version_and_target_device"
# webtalk_add_data -client project -key project_id -value "2017.4_6" -context "software_version_and_target_device"
# webtalk_add_data -client project -key project_iteration -value "6" -context "software_version_and_target_device"
# webtalk_add_data -client project -key os_name -value "Microsoft Windows 8 or later , 64-bit" -context "user_environment"
# webtalk_add_data -client project -key os_release -value "major release  (build 9200)" -context "user_environment"
# webtalk_add_data -client project -key cpu_name -value "Intel(R) Core(TM) i7-3630QM CPU @ 2.40GHz" -context "user_environment"
# webtalk_add_data -client project -key cpu_speed -value "2395 MHz" -context "user_environment"
# webtalk_add_data -client project -key total_processors -value "1" -context "user_environment"
# webtalk_add_data -client project -key system_ram -value "8.470 GB" -context "user_environment"
# webtalk_register_client -client sdk
# webtalk_add_data -client sdk -key uid -value "1523975639681" -context "sdk\\\\bsp/1523975639681"
# webtalk_add_data -client sdk -key hwid -value "1523975492380" -context "sdk\\\\bsp/1523975639681"
# webtalk_add_data -client sdk -key os -value "standalone" -context "sdk\\\\bsp/1523975639681"
# webtalk_add_data -client sdk -key apptemplate -value "hello_world" -context "sdk\\\\bsp/1523975639681"
# webtalk_add_data -client sdk -key RecordType -value "BSPCreation" -context "sdk\\\\bsp/1523975639681"
# webtalk_add_data -client sdk -key uid -value "1523975644230" -context "sdk\\\\application/1523975644230"
# webtalk_add_data -client sdk -key hwid -value "1523975492380" -context "sdk\\\\application/1523975644230"
# webtalk_add_data -client sdk -key bspid -value "1523975639681" -context "sdk\\\\application/1523975644230"
# webtalk_add_data -client sdk -key newbsp -value "true" -context "sdk\\\\application/1523975644230"
# webtalk_add_data -client sdk -key os -value "standalone" -context "sdk\\\\application/1523975644230"
# webtalk_add_data -client sdk -key apptemplate -value "hello_world" -context "sdk\\\\application/1523975644230"
# webtalk_add_data -client sdk -key RecordType -value "APPCreation" -context "sdk\\\\application/1523975644230"
# webtalk_add_data -client sdk -key LangUsed -value "C" -context "sdk\\\\application/1523975644230"
# webtalk_add_data -client sdk -key Procused -value "microblaze" -context "sdk\\\\application/1523975644230"
# webtalk_add_data -client sdk -key projSize -value "84.765625" -context "sdk\\\\application/1523975644230"
# webtalk_add_data -client sdk -key uid -value "NA" -context "sdk\\\\bsp/1523976039912"
# webtalk_add_data -client sdk -key RecordType -value "ToolUsage" -context "sdk\\\\bsp/1523976039912"
# webtalk_add_data -client sdk -key BootgenCount -value "0" -context "sdk\\\\bsp/1523976039912"
# webtalk_add_data -client sdk -key DebugCount -value "0" -context "sdk\\\\bsp/1523976039912"
# webtalk_add_data -client sdk -key PerfCount -value "0" -context "sdk\\\\bsp/1523976039912"
# webtalk_add_data -client sdk -key FlashCount -value "0" -context "sdk\\\\bsp/1523976039912"
# webtalk_add_data -client sdk -key CrossTriggCount -value "0" -context "sdk\\\\bsp/1523976039912"
# webtalk_add_data -client sdk -key QemuDebugCount -value "0" -context "sdk\\\\bsp/1523976039912"
# webtalk_transmit -clientid 1382554754 -regid "174914471_178259212_210646180_906" -xml D:\\Universidade\\cr\\StreamCopDemo\\StreamCopDemo.sdk\\webtalk\\usage_statistics_ext_sdk.xml -html D:\\Universidade\\cr\\StreamCopDemo\\StreamCopDemo.sdk\\webtalk\\usage_statistics_ext_sdk.html -wdm D:\\Universidade\\cr\\StreamCopDemo\\StreamCopDemo.sdk\\webtalk\\sdk_webtalk.wdm -intro "<H3>SDK Usage Report</H3><BR>"
INFO: [Common 17-186] 'D:\Universidade\cr\StreamCopDemo\StreamCopDemo.sdk\webtalk\usage_statistics_ext_sdk.xml' has been successfully sent to Xilinx on Tue Apr 17 15:40:45 2018. For additional details about this file, please refer to the WebTalk help file at C:/Xilinx/SDK/2017.4/doc/webtalk_introduction.html.
# webtalk_terminate
INFO: [Common 17-206] Exiting Webtalk at Tue Apr 17 15:40:45 2018...
